
============== System information ====
+ lsb_release -a
No LSB modules are available.
Distributor ID:	Ubuntu
Description:	Ubuntu 13.04
Release:	13.04
Codename:	raring
+ uname -a
Linux computer 3.8.0-25-generic #37-Ubuntu SMP Thu Jun 6 20:47:07 UTC 2013 x86_64 x86_64 x86_64 GNU/Linux
+ sw_vers
./setup.sh: line 21: sw_vers: command not found
+ system_profiler
./setup.sh: line 22: system_profiler: command not found
+ grep MemTotal /proc/meminfo
MemTotal:        8041396 kB
+ echo

+ echo

+ bin/cpanm -v --notest -l extlib/ --installdeps .
cpanm (App::cpanminus) 1.5007 on perl 5.014002 built for x86_64-linux-gnu-thread-multi
Work directory is /root/.cpanm/work/1374397361.3234
You have make /usr/bin/make
You have LWP 6.04
You have /bin/tar: tar (GNU tar) 1.26
Copyright (C) 2011 Free Software Foundation, Inc.
License GPLv3+: GNU GPL version 3 or later <http://gnu.org/licenses/gpl.html>.
This is free software: you are free to change and redistribute it.
There is NO WARRANTY, to the extent permitted by law.

Written by John Gilmore and Jay Fenlason.
You have /usr/bin/unzip
Checking if you have ExtUtils::MakeMaker 6.31 ... Yes (6.66)
Checking if you have ExtUtils::Install 1.46 ... Yes (1.56)
--> Working on .
Entering /mnt/software/jbrowse/1.9.8
Configuring /mnt/software/jbrowse/1.9.8 ... Running Makefile.PL
Warning: prerequisite Bio::GFF3::LowLevel::Parser 1.4 not found.
Warning: prerequisite Cache::Ref::FIFO 0 not found.
Warning: prerequisite Digest::Crc32 0 not found.
Warning: prerequisite GD::Image 0 not found.
Can't parse version 'dev'
Can't parse version 'dev'
Writing Makefile for JBrowse
Writing MYMETA.yml and MYMETA.json
OK
Checking dependencies from MYMETA.json ...
Checking if you have Test::More 0 ... Yes (0.98)
Checking if you have Test::Warn 0 ... Yes (0.24)
Checking if you have Capture::Tiny 0 ... Yes (0.22)
Checking if you have DBD::SQLite 0 ... Yes (1.39)
Checking if you have Pod::Usage 0 ... Yes (1.36)
Checking if you have Storable 0 ... Yes (2.27)
Checking if you have JSON::XS 0 ... Yes (2.34)
Checking if you have PerlIO::gzip 0 ... Yes (0.18)
Checking if you have List::Util 0 ... Yes (1.23)
Checking if you have File::Path 2 ... Yes (2.08_01)
Checking if you have Digest::Crc32 0 ... No
Checking if you have local::lib 0 ... Yes (1.008004)
Checking if you have DBI 0 ... Yes (1.627)
Checking if you have Bio::FeatureIO 0 ... Yes (undef)
Checking if you have warnings 0 ... Yes (1.12)
Checking if you have base 0 ... Yes (2.16)
Checking if you have Getopt::Long 0 ... Yes (2.38)
Checking if you have IO::File 0 ... Yes (1.15)
Checking if you have Bio::Index::Fasta 0 ... Yes (undef)
Checking if you have Data::Dumper 0 ... Yes (2.130_02)
Checking if you have Bio::Root::Version 1.006000 ... Yes (1.006901)
Checking if you have vars 0 ... Yes (1.02)
Checking if you have Bio::Annotation::SimpleValue 0 ... Yes (undef)
Checking if you have strict 0 ... Yes (1.04)
Checking if you have File::Temp 0 ... Yes (0.22)
Checking if you have File::Copy::Recursive 0 ... Yes (0.38)
Checking if you have Scalar::Util 0 ... Yes (1.23)
Checking if you have FindBin 0 ... Yes (1.50)
Checking if you have Fcntl 0 ... Yes (1.11)
Checking if you have File::Spec 0 ... Yes (3.40)
Checking if you have Heap::Simple 0 ... Yes (0.13)
Checking if you have Heap::Simple::XS 0 ... Yes (0.10)
Checking if you have POSIX 0 ... Yes (1.24)
Checking if you have Devel::Size 0 ... Yes (0.79)
Checking if you have File::Spec::Functions 0 ... Yes (3.40)
Checking if you have Bio::SeqFeature::Lite 0 ... Yes (undef)
Checking if you have Bio::GFF3::LowLevel::Parser 1.4 ... No
Checking if you have Hash::Merge 0 ... Yes (0.12)
Checking if you have constant 0 ... Yes (1.21)
Checking if you have GD::Image 0 ... No
Checking if you have Exporter 0 ... Yes (5.64_03)
Checking if you have Bio::OntologyIO 0 ... Yes (undef)
Checking if you have Carp 0 ... Yes (1.26)
Checking if you have Bio::SeqFeature::Annotated 0 ... Yes (undef)
Checking if you have File::Basename 0 ... Yes (2.82)
Checking if you have JSON 2 ... Yes (2.59)
Checking if you have Cache::Ref::FIFO 0 ... No
Checking if you have Cwd 0 ... Yes (3.40)
==> Found dependencies: Digest::Crc32, Bio::GFF3::LowLevel::Parser, GD::Image, Cache::Ref::FIFO
Searching Digest::Crc32 on cpanmetadb ...
--> Working on Digest::Crc32
Fetching http://search.cpan.org/CPAN/authors/id/F/FA/FAYS/Digest-Crc32-0.01.tar.gz ... OK
Unpacking Digest-Crc32-0.01.tar.gz
Digest-Crc32-001/
Digest-Crc32-001/META.yml
Digest-Crc32-001/Crc32.pm
Digest-Crc32-001/Makefile.PL
Digest-Crc32-001/README
Digest-Crc32-001/MANIFEST
Digest-Crc32-001/t/
Digest-Crc32-001/t/use.t
Entering Digest-Crc32-001
Checking configure dependencies from META.yml
Configuring Digest-Crc32-0.01 ... Running Makefile.PL
Checking if your kit is complete...
Looks good
Writing Makefile for Digest::Crc32
Writing MYMETA.yml and MYMETA.json
OK
Checking dependencies from MYMETA.json ...
Checking if you have ExtUtils::MakeMaker 0 ... Yes (6.66)
Building Digest-Crc32-0.01 ... cp Crc32.pm blib/lib/Digest/Crc32.pm
Manifying blib/man3/Digest::Crc32.3pm
Manifying blib/man3/Digest::Crc32.3pm
Installing /mnt/software/jbrowse/1.9.8/extlib/lib/perl5/Digest/Crc32.pm
Installing /mnt/software/jbrowse/1.9.8/extlib/man/man3/Digest::Crc32.3pm
Appending installation info to /mnt/software/jbrowse/1.9.8/extlib/lib/perl5/x86_64-linux-gnu-thread-multi/perllocal.pod
OK
Successfully installed Digest-Crc32-0.01
Installing /mnt/software/jbrowse/1.9.8/extlib/lib/perl5/x86_64-linux-gnu-thread-multi/.meta/Digest-Crc32-0.01/MYMETA.json
Installing /mnt/software/jbrowse/1.9.8/extlib/lib/perl5/x86_64-linux-gnu-thread-multi/.meta/Digest-Crc32-0.01/install.json
Searching Bio::GFF3::LowLevel::Parser on cpanmetadb ...
--> Working on Bio::GFF3::LowLevel::Parser
Fetching http://search.cpan.org/CPAN/authors/id/R/RB/RBUELS/Bio-GFF3-1.5.tar.gz ... OK
Unpacking Bio-GFF3-1.5.tar.gz
Bio-GFF3-1.5/
Bio-GFF3-1.5/LICENSE
Bio-GFF3-1.5/Changes
Bio-GFF3-1.5/bin/
Bio-GFF3-1.5/bin/gff3_from_fasta
Bio-GFF3-1.5/Makefile.PL
Bio-GFF3-1.5/README
Bio-GFF3-1.5/MANIFEST
Bio-GFF3-1.5/lib/
Bio-GFF3-1.5/lib/Bio/
Bio-GFF3-1.5/lib/Bio/GFF3/
Bio-GFF3-1.5/lib/Bio/GFF3/LowLevel.pm
Bio-GFF3-1.5/lib/Bio/GFF3/Transform/
Bio-GFF3-1.5/lib/Bio/GFF3/Transform/FromFasta.pm
Bio-GFF3-1.5/lib/Bio/GFF3/LowLevel/
Bio-GFF3-1.5/lib/Bio/GFF3/LowLevel/Parser/
Bio-GFF3-1.5/lib/Bio/GFF3/LowLevel/Parser/1_0_backcompat.pm
Bio-GFF3-1.5/lib/Bio/GFF3/LowLevel/Parser.pm
Bio-GFF3-1.5/META.yml
Bio-GFF3-1.5/t/
Bio-GFF3-1.5/t/transforms/
Bio-GFF3-1.5/t/transforms/from_fasta.t
Bio-GFF3-1.5/t/data/
Bio-GFF3-1.5/t/data/hybrid2.gff3
Bio-GFF3-1.5/t/data/directives.gff3
Bio-GFF3-1.5/t/data/spec_match.gff3
Bio-GFF3-1.5/t/data/gff3_with_syncs.dumped_result
Bio-GFF3-1.5/t/data/au9_scaffold_subset.gff3
Bio-GFF3-1.5/t/data/hybrid1.gff3
Bio-GFF3-1.5/t/data/gff3_with_syncs.gff3
Bio-GFF3-1.5/t/data/refGene_excerpt.gff3
Bio-GFF3-1.5/t/data/messy_protein_domains.gff3
Bio-GFF3-1.5/t/data/spec_eden.gff3
Bio-GFF3-1.5/t/data/knownGene.gff3
Bio-GFF3-1.5/t/data/knownGene2.gff3
Bio-GFF3-1.5/t/data/tomato_chr4_head.gff3
Bio-GFF3-1.5/t/data/tomato_test.gff3
Bio-GFF3-1.5/t/data/knownGene_out_of_order.dumped_result
Bio-GFF3-1.5/t/data/mm9_sample_ensembl.gff3
Bio-GFF3-1.5/t/data/knownGene_out_of_order.gff3
Bio-GFF3-1.5/t/release-pod-syntax.t
Bio-GFF3-1.5/t/release-pod-coverage.t
Bio-GFF3-1.5/t/parser.t
Bio-GFF3-1.5/t/release-eol.t
Bio-GFF3-1.5/t/lowlevel.t
Bio-GFF3-1.5/t/parser_1_0_backcompat.t
Bio-GFF3-1.5/dist.ini
Bio-GFF3-1.5/META.json
Entering Bio-GFF3-1.5
Checking configure dependencies from META.yml
Checking if you have ExtUtils::MakeMaker 6.30 ... Yes (6.66)
Configuring Bio-GFF3-1.5 ... Running Makefile.PL
Checking if your kit is complete...
Looks good
Writing Makefile for Bio::GFF3
Writing MYMETA.yml and MYMETA.json
OK
Checking dependencies from MYMETA.json ...
Checking if you have Test::More 0.88 ... Yes (0.98)
Checking if you have IO::String 0 ... Yes (1.08)
Checking if you have File::Temp 0 ... Yes (0.22)
Checking if you have File::Spec::Functions 0 ... Yes (3.40)
Checking if you have warnings 0 ... Yes (1.12)
Checking if you have base 0 ... Yes (2.16)
Checking if you have Scalar::Util 0 ... Yes (1.23)
Checking if you have IO::Pipe 0 ... Yes (1.14)
Checking if you have URI::Escape 0 ... Yes (3.31)
Checking if you have Pod::Usage 0 ... Yes (1.36)
Checking if you have Getopt::Std 0 ... Yes (1.06)
Checking if you have IO::Handle 0 ... Yes (1.31)
Checking if you have Data::Dumper 0 ... Yes (2.130_02)
Checking if you have Exporter 0 ... Yes (5.64_03)
Checking if you have Carp 0 ... Yes (1.26)
Checking if you have strict 0 ... Yes (1.04)
Checking if you have POSIX 0 ... Yes (1.24)
Checking if you have List::MoreUtils 0 ... Yes (0.33)
Building Bio-GFF3-1.5 ... cp lib/Bio/GFF3/LowLevel/Parser/1_0_backcompat.pm blib/lib/Bio/GFF3/LowLevel/Parser/1_0_backcompat.pm
cp lib/Bio/GFF3/LowLevel/Parser.pm blib/lib/Bio/GFF3/LowLevel/Parser.pm
cp lib/Bio/GFF3/LowLevel.pm blib/lib/Bio/GFF3/LowLevel.pm
cp lib/Bio/GFF3/Transform/FromFasta.pm blib/lib/Bio/GFF3/Transform/FromFasta.pm
cp bin/gff3_from_fasta blib/script/gff3_from_fasta
/usr/bin/perl -MExtUtils::MY -e 'MY->fixin(shift)' -- blib/script/gff3_from_fasta
Manifying blib/man1/gff3_from_fasta.1p
Manifying blib/man3/Bio::GFF3::LowLevel::Parser::1_0_backcompat.3pm
Manifying blib/man3/Bio::GFF3::LowLevel::Parser.3pm
Manifying blib/man3/Bio::GFF3::LowLevel.3pm
Manifying blib/man3/Bio::GFF3::Transform::FromFasta.3pm
Manifying blib/man1/gff3_from_fasta.1p
Manifying blib/man3/Bio::GFF3::LowLevel::Parser::1_0_backcompat.3pm
Manifying blib/man3/Bio::GFF3::LowLevel::Parser.3pm
Manifying blib/man3/Bio::GFF3::LowLevel.3pm
Manifying blib/man3/Bio::GFF3::Transform::FromFasta.3pm
Installing /mnt/software/jbrowse/1.9.8/extlib/lib/perl5/Bio/GFF3/LowLevel.pm
Installing /mnt/software/jbrowse/1.9.8/extlib/lib/perl5/Bio/GFF3/LowLevel/Parser.pm
Installing /mnt/software/jbrowse/1.9.8/extlib/lib/perl5/Bio/GFF3/LowLevel/Parser/1_0_backcompat.pm
Installing /mnt/software/jbrowse/1.9.8/extlib/lib/perl5/Bio/GFF3/Transform/FromFasta.pm
Installing /mnt/software/jbrowse/1.9.8/extlib/man/man1/gff3_from_fasta.1p
Installing /mnt/software/jbrowse/1.9.8/extlib/man/man3/Bio::GFF3::LowLevel.3pm
Installing /mnt/software/jbrowse/1.9.8/extlib/man/man3/Bio::GFF3::LowLevel::Parser::1_0_backcompat.3pm
Installing /mnt/software/jbrowse/1.9.8/extlib/man/man3/Bio::GFF3::LowLevel::Parser.3pm
Installing /mnt/software/jbrowse/1.9.8/extlib/man/man3/Bio::GFF3::Transform::FromFasta.3pm
Installing /mnt/software/jbrowse/1.9.8/extlib/bin/gff3_from_fasta
Appending installation info to /mnt/software/jbrowse/1.9.8/extlib/lib/perl5/x86_64-linux-gnu-thread-multi/perllocal.pod
OK
Successfully installed Bio-GFF3-1.5
Installing /mnt/software/jbrowse/1.9.8/extlib/lib/perl5/x86_64-linux-gnu-thread-multi/.meta/Bio-GFF3-1.5/MYMETA.json
Installing /mnt/software/jbrowse/1.9.8/extlib/lib/perl5/x86_64-linux-gnu-thread-multi/.meta/Bio-GFF3-1.5/install.json
Searching GD::Image on cpanmetadb ...
! Finding GD::Image on cpanmetadb failed.
Searching GD::Image on search.cpan.org ...
--> Working on GD::Image
Fetching http://search.cpan.org/CPAN/authors/id/L/LD/LDS/GD-2.50.tar.gz ... OK
Unpacking GD-2.50.tar.gz
GD-2.50/
GD-2.50/README.unix
GD-2.50/Makefile.PL
GD-2.50/GD/
GD-2.50/GD/Simple.pm
GD-2.50/GD/Polyline.pm
GD-2.50/GD/Image.pm.PLS
GD-2.50/GD/Polygon.pm
GD-2.50/GD/Group.pm
GD-2.50/META.yml
GD-2.50/t/
GD-2.50/t/tile.jpeg
GD-2.50/t/test.out.4.png-1
GD-2.50/t/test.out.3.png
GD-2.50/t/test.out.10.png-1
GD-2.50/t/test.out.3.gif
GD-2.50/t/test.out.10.png
GD-2.50/t/test.out.9.png-2
GD-2.50/t/test.out.8.jpeg
GD-2.50/t/GD.t
GD-2.50/t/Generic.ttf
GD-2.50/t/test.out.8.png-2
GD-2.50/t/test.out.6.gif
GD-2.50/t/test.out.5.png-1
GD-2.50/t/test.out.4.jpeg
GD-2.50/t/test.out.10.png-2
GD-2.50/t/test.out.6.png-1
GD-2.50/t/test.out.9.gif
GD-2.50/t/test.out.8.png
GD-2.50/t/frog.jpg
GD-2.50/t/test.out.1.png
GD-2.50/t/tile.png
GD-2.50/t/test.out.8.png-6
GD-2.50/t/test.out.8.png-5
GD-2.50/t/test.out.2.gif
GD-2.50/t/test.out.2.png
GD-2.50/t/tile.gif
GD-2.50/t/test.out.9.png
GD-2.50/t/test.out.10.png-3
GD-2.50/t/test.out.2.png-1
GD-2.50/t/test.out.7.png-1
GD-2.50/t/test.out.10.jpeg
GD-2.50/t/test.out.5.jpeg
GD-2.50/t/test.out.3.png-1
GD-2.50/t/test.out.10.gif
GD-2.50/t/test.out.8.gif
GD-2.50/t/test.out.8.png-3
GD-2.50/t/frog.xpm
GD-2.50/t/test.out.9.jpeg
GD-2.50/t/test.out.7.gif
GD-2.50/t/test.out.5.png
GD-2.50/t/test.out.7.png
GD-2.50/t/test.out.6.jpeg
GD-2.50/t/test.out.8.png-4
GD-2.50/t/test.out.5.gif
GD-2.50/t/test.out.4.gif
GD-2.50/t/test.out.3.jpeg
GD-2.50/t/test.out.9.png-1
GD-2.50/t/palettemap.png
GD-2.50/t/test.out.4.png
GD-2.50/t/Polyline.t
GD-2.50/t/test.out.7.jpeg
GD-2.50/t/test.out.6.png
GD-2.50/t/test.out.8.png-1
GD-2.50/t/test.out.2.jpeg
GD-2.50/t/test.out.4.png-2
GD-2.50/MANIFEST
GD-2.50/META.json
GD-2.50/typemap
GD-2.50/ChangeLog
GD-2.50/qd.pl
GD-2.50/GD.xs
GD-2.50/GD.pm
GD-2.50/README.QUICKDRAW
GD-2.50/README
GD-2.50/bdf_scripts/
GD-2.50/bdf_scripts/bdftogd
GD-2.50/bdf_scripts/bdf2gdfont.PLS
GD-2.50/bdf_scripts/README
GD-2.50/demos/
GD-2.50/demos/copies.pl
GD-2.50/demos/transform.pl
GD-2.50/demos/gd_example.cgi
GD-2.50/demos/tile.png
GD-2.50/demos/polyline.pl
GD-2.50/demos/polys.pl
GD-2.50/demos/shapes.pl
GD-2.50/demos/brushes.pl
GD-2.50/demos/fonttest
GD-2.50/demos/ttf.pl
GD-2.50/demos/truetype_test
GD-2.50/demos/font_list.png
GD-2.50/demos/fills.pl
Entering GD-2.50
Checking configure dependencies from META.yml
Checking if you have ExtUtils::MakeMaker 0 ... Yes (6.66)
Configuring GD-2.50 ... Running Makefile.PL
Notice: Type perl Makefile.PL -h for command-line option summary.

**UNRECOVERABLE ERROR**
Could not find gdlib-config in the search path. Please install libgd 2.0.28 or higher.
If you want to try to compile anyway, please rerun this script with the option --ignore_missing_gd.
N/A
! Configure failed for GD-2.50. See /root/.cpanm/build.log for details.
Searching Cache::Ref::FIFO on cpanmetadb ...
--> Working on Cache::Ref::FIFO
Fetching http://search.cpan.org/CPAN/authors/id/B/BR/BRUNOV/Cache-Ref-0.04.tar.gz ... OK
Unpacking Cache-Ref-0.04.tar.gz
Cache-Ref-0.04
Cache-Ref-0.04/README
Cache-Ref-0.04/Changes
Cache-Ref-0.04/t
Cache-Ref-0.04/t/lru.t
Cache-Ref-0.04/t/car.t
Cache-Ref-0.04/LICENSE
Cache-Ref-0.04/dist.ini
Cache-Ref-0.04/t/null.t
Cache-Ref-0.04/t/fifo.t
Cache-Ref-0.04/t/lifo.t
Cache-Ref-0.04/META.yml
Cache-Ref-0.04/MANIFEST
Cache-Ref-0.04/t/clock.t
Cache-Ref-0.04/META.json
Cache-Ref-0.04/t/random.t
Cache-Ref-0.04/Makefile.PL
Cache-Ref-0.04/t/util_lru.t
Cache-Ref-0.04/t/release-eol.t
Cache-Ref-0.04/lib/Cache
Cache-Ref-0.04/lib/Cache/Ref.pm
Cache-Ref-0.04/t/release-no-tabs.t
Cache-Ref-0.04/lib/Cache/Ref
Cache-Ref-0.04/lib/Cache/Ref/LRU.pm
Cache-Ref-0.04/lib/Cache/Ref/CAR.pm
Cache-Ref-0.04/lib/Cache/Ref/Null.pm
Cache-Ref-0.04/lib/Cache/Ref/LIFO.pm
Cache-Ref-0.04/lib/Cache/Ref/CART.pm
Cache-Ref-0.04/lib/Cache/Ref/FIFO.pm
Cache-Ref-0.04/lib/Cache/Ref/CLOCK.pm
Cache-Ref-0.04/t/release-pod-syntax.t
Cache-Ref-0.04/lib/Cache/Ref/GCLOCK.pm
Cache-Ref-0.04/lib/Cache/Ref/Random.pm
Cache-Ref-0.04/t/release-pod-coverage.t
Cache-Ref-0.04/lib/Cache/Ref/CAR
Cache-Ref-0.04/lib/Cache/Ref/CAR/Base.pm
Cache-Ref-0.04/lib/Cache/Ref/Role
Cache-Ref-0.04/lib/Cache/Ref/Role/API.pm
Cache-Ref-0.04/lib/Cache/Ref/Role/Index.pm
Cache-Ref-0.04/lib/Cache/Ref/CLOCK
Cache-Ref-0.04/lib/Cache/Ref/CLOCK/Base.pm
Cache-Ref-0.04/lib/Cache/Ref/Util/LRU
Cache-Ref-0.04/lib/Cache/Ref/Util/LRU/API.pm
Cache-Ref-0.04/lib/Cache/Ref/Util/LRU/List.pm
Cache-Ref-0.04/lib/Cache/Ref/Util/LRU/Array.pm
Cache-Ref-0.04/lib/Cache/Ref/Role/WithDoublyLinkedList.pm
Entering Cache-Ref-0.04
Checking configure dependencies from META.yml
Checking if you have ExtUtils::MakeMaker 6.31 ... Yes (6.66)
Configuring Cache-Ref-0.04 ... Running Makefile.PL
Warning: prerequisite Hash::Util::FieldHash::Compat 0 not found.
Checking if your kit is complete...
Looks good
Writing Makefile for Cache::Ref
Writing MYMETA.yml and MYMETA.json
OK
Checking dependencies from MYMETA.json ...
Checking if you have ok 0 ... Yes (0.11)
Checking if you have Test::More 0 ... Yes (0.98)
Checking if you have Test::Moose 0 ... Yes (2.0802)
Checking if you have Scalar::Util 0 ... Yes (1.23)
Checking if you have Moose::Role 0 ... Yes (2.0802)
Checking if you have namespace::autoclean 0 ... Yes (0.13)
Checking if you have Carp 0 ... Yes (1.26)
Checking if you have List::Util 0 ... Yes (1.23)
Checking if you have Hash::Util::FieldHash::Compat 0 ... No
Checking if you have MooseX::Role::Parameterized 0 ... Yes (1.00)
Checking if you have Moose 0 ... Yes (2.0802)
==> Found dependencies: Hash::Util::FieldHash::Compat
Searching Hash::Util::FieldHash::Compat on cpanmetadb ...
--> Working on Hash::Util::FieldHash::Compat
Fetching http://search.cpan.org/CPAN/authors/id/N/NU/NUFFIN/Hash-Util-FieldHash-Compat-0.03.tar.gz ... OK
Unpacking Hash-Util-FieldHash-Compat-0.03.tar.gz
Hash-Util-FieldHash-Compat-0.03/
Hash-Util-FieldHash-Compat-0.03/lib/
Hash-Util-FieldHash-Compat-0.03/lib/Hash/
Hash-Util-FieldHash-Compat-0.03/lib/Hash/Util/
Hash-Util-FieldHash-Compat-0.03/lib/Hash/Util/FieldHash/
Hash-Util-FieldHash-Compat-0.03/lib/Hash/Util/FieldHash/Compat/
Hash-Util-FieldHash-Compat-0.03/lib/Hash/Util/FieldHash/Compat/Heavy.pm
Hash-Util-FieldHash-Compat-0.03/lib/Hash/Util/FieldHash/Compat.pm
Hash-Util-FieldHash-Compat-0.03/Makefile.PL
Hash-Util-FieldHash-Compat-0.03/MANIFEST
Hash-Util-FieldHash-Compat-0.03/MANIFEST.SKIP
Hash-Util-FieldHash-Compat-0.03/META.yml
Hash-Util-FieldHash-Compat-0.03/SIGNATURE
Hash-Util-FieldHash-Compat-0.03/t/
Hash-Util-FieldHash-Compat-0.03/t/01_basic.t
Entering Hash-Util-FieldHash-Compat-0.03
Checking configure dependencies from META.yml
Configuring Hash-Util-FieldHash-Compat-0.03 ... Running Makefile.PL
Checking if your kit is complete...
Looks good
Writing Makefile for Hash::Util::FieldHash::Compat
Writing MYMETA.yml and MYMETA.json
OK
Checking dependencies from MYMETA.json ...
Checking if you have ExtUtils::MakeMaker 0 ... Yes (6.66)
Checking if you have Test::use::ok 0 ... Yes (0.11)
Building Hash-Util-FieldHash-Compat-0.03 ... cp lib/Hash/Util/FieldHash/Compat/Heavy.pm blib/lib/Hash/Util/FieldHash/Compat/Heavy.pm
cp lib/Hash/Util/FieldHash/Compat.pm blib/lib/Hash/Util/FieldHash/Compat.pm
Manifying blib/man3/Hash::Util::FieldHash::Compat::Heavy.3pm
Manifying blib/man3/Hash::Util::FieldHash::Compat.3pm
Manifying blib/man3/Hash::Util::FieldHash::Compat::Heavy.3pm
Manifying blib/man3/Hash::Util::FieldHash::Compat.3pm
Installing /mnt/software/jbrowse/1.9.8/extlib/lib/perl5/Hash/Util/FieldHash/Compat.pm
Installing /mnt/software/jbrowse/1.9.8/extlib/lib/perl5/Hash/Util/FieldHash/Compat/Heavy.pm
Installing /mnt/software/jbrowse/1.9.8/extlib/man/man3/Hash::Util::FieldHash::Compat.3pm
Installing /mnt/software/jbrowse/1.9.8/extlib/man/man3/Hash::Util::FieldHash::Compat::Heavy.3pm
Appending installation info to /mnt/software/jbrowse/1.9.8/extlib/lib/perl5/x86_64-linux-gnu-thread-multi/perllocal.pod
OK
Successfully installed Hash-Util-FieldHash-Compat-0.03
Installing /mnt/software/jbrowse/1.9.8/extlib/lib/perl5/x86_64-linux-gnu-thread-multi/.meta/Hash-Util-FieldHash-Compat-0.03/MYMETA.json
Installing /mnt/software/jbrowse/1.9.8/extlib/lib/perl5/x86_64-linux-gnu-thread-multi/.meta/Hash-Util-FieldHash-Compat-0.03/install.json
Building Cache-Ref-0.04 ... cp lib/Cache/Ref/Role/WithDoublyLinkedList.pm blib/lib/Cache/Ref/Role/WithDoublyLinkedList.pm
cp lib/Cache/Ref/LRU.pm blib/lib/Cache/Ref/LRU.pm
cp lib/Cache/Ref/GCLOCK.pm blib/lib/Cache/Ref/GCLOCK.pm
cp lib/Cache/Ref/FIFO.pm blib/lib/Cache/Ref/FIFO.pm
cp lib/Cache/Ref/CAR/Base.pm blib/lib/Cache/Ref/CAR/Base.pm
cp lib/Cache/Ref/CART.pm blib/lib/Cache/Ref/CART.pm
cp lib/Cache/Ref/CLOCK/Base.pm blib/lib/Cache/Ref/CLOCK/Base.pm
cp lib/Cache/Ref/Util/LRU/API.pm blib/lib/Cache/Ref/Util/LRU/API.pm
cp lib/Cache/Ref/Util/LRU/List.pm blib/lib/Cache/Ref/Util/LRU/List.pm
cp lib/Cache/Ref/LIFO.pm blib/lib/Cache/Ref/LIFO.pm
cp lib/Cache/Ref/Role/API.pm blib/lib/Cache/Ref/Role/API.pm
cp lib/Cache/Ref/Role/Index.pm blib/lib/Cache/Ref/Role/Index.pm
cp lib/Cache/Ref/Random.pm blib/lib/Cache/Ref/Random.pm
cp lib/Cache/Ref/Util/LRU/Array.pm blib/lib/Cache/Ref/Util/LRU/Array.pm
cp lib/Cache/Ref/CAR.pm blib/lib/Cache/Ref/CAR.pm
cp lib/Cache/Ref/Null.pm blib/lib/Cache/Ref/Null.pm
cp lib/Cache/Ref.pm blib/lib/Cache/Ref.pm
cp lib/Cache/Ref/CLOCK.pm blib/lib/Cache/Ref/CLOCK.pm
Manifying blib/man3/Cache::Ref::Role::WithDoublyLinkedList.3pm
Manifying blib/man3/Cache::Ref::LRU.3pm
Manifying blib/man3/Cache::Ref::GCLOCK.3pm
Manifying blib/man3/Cache::Ref::FIFO.3pm
Manifying blib/man3/Cache::Ref::CAR::Base.3pm
Manifying blib/man3/Cache::Ref::CART.3pm
Manifying blib/man3/Cache::Ref::CLOCK::Base.3pm
Manifying blib/man3/Cache::Ref::Util::LRU::API.3pm
Manifying blib/man3/Cache::Ref::Util::LRU::List.3pm
Manifying blib/man3/Cache::Ref::LIFO.3pm
Manifying blib/man3/Cache::Ref::Role::API.3pm
Manifying blib/man3/Cache::Ref::Role::Index.3pm
Manifying blib/man3/Cache::Ref::Random.3pm
Manifying blib/man3/Cache::Ref::Util::LRU::Array.3pm
Manifying blib/man3/Cache::Ref::CAR.3pm
Manifying blib/man3/Cache::Ref::Null.3pm
Manifying blib/man3/Cache::Ref::CLOCK.3pm
Manifying blib/man3/Cache::Ref.3pm
Installing /mnt/software/jbrowse/1.9.8/extlib/lib/perl5/Cache/Ref.pm
Installing /mnt/software/jbrowse/1.9.8/extlib/lib/perl5/Cache/Ref/GCLOCK.pm
Installing /mnt/software/jbrowse/1.9.8/extlib/lib/perl5/Cache/Ref/CLOCK.pm
Installing /mnt/software/jbrowse/1.9.8/extlib/lib/perl5/Cache/Ref/Random.pm
Installing /mnt/software/jbrowse/1.9.8/extlib/lib/perl5/Cache/Ref/LIFO.pm
Installing /mnt/software/jbrowse/1.9.8/extlib/lib/perl5/Cache/Ref/CART.pm
Installing /mnt/software/jbrowse/1.9.8/extlib/lib/perl5/Cache/Ref/LRU.pm
Installing /mnt/software/jbrowse/1.9.8/extlib/lib/perl5/Cache/Ref/Null.pm
Installing /mnt/software/jbrowse/1.9.8/extlib/lib/perl5/Cache/Ref/FIFO.pm
Installing /mnt/software/jbrowse/1.9.8/extlib/lib/perl5/Cache/Ref/CAR.pm
Installing /mnt/software/jbrowse/1.9.8/extlib/lib/perl5/Cache/Ref/CAR/Base.pm
Installing /mnt/software/jbrowse/1.9.8/extlib/lib/perl5/Cache/Ref/Util/LRU/List.pm
Installing /mnt/software/jbrowse/1.9.8/extlib/lib/perl5/Cache/Ref/Util/LRU/Array.pm
Installing /mnt/software/jbrowse/1.9.8/extlib/lib/perl5/Cache/Ref/Util/LRU/API.pm
Installing /mnt/software/jbrowse/1.9.8/extlib/lib/perl5/Cache/Ref/CLOCK/Base.pm
Installing /mnt/software/jbrowse/1.9.8/extlib/lib/perl5/Cache/Ref/Role/Index.pm
Installing /mnt/software/jbrowse/1.9.8/extlib/lib/perl5/Cache/Ref/Role/WithDoublyLinkedList.pm
Installing /mnt/software/jbrowse/1.9.8/extlib/lib/perl5/Cache/Ref/Role/API.pm
Installing /mnt/software/jbrowse/1.9.8/extlib/man/man3/Cache::Ref::CART.3pm
Installing /mnt/software/jbrowse/1.9.8/extlib/man/man3/Cache::Ref::Role::API.3pm
Installing /mnt/software/jbrowse/1.9.8/extlib/man/man3/Cache::Ref::CAR::Base.3pm
Installing /mnt/software/jbrowse/1.9.8/extlib/man/man3/Cache::Ref::CLOCK.3pm
Installing /mnt/software/jbrowse/1.9.8/extlib/man/man3/Cache::Ref::CLOCK::Base.3pm
Installing /mnt/software/jbrowse/1.9.8/extlib/man/man3/Cache::Ref::GCLOCK.3pm
Installing /mnt/software/jbrowse/1.9.8/extlib/man/man3/Cache::Ref::Role::Index.3pm
Installing /mnt/software/jbrowse/1.9.8/extlib/man/man3/Cache::Ref::Role::WithDoublyLinkedList.3pm
Installing /mnt/software/jbrowse/1.9.8/extlib/man/man3/Cache::Ref::Util::LRU::List.3pm
Installing /mnt/software/jbrowse/1.9.8/extlib/man/man3/Cache::Ref.3pm
Installing /mnt/software/jbrowse/1.9.8/extlib/man/man3/Cache::Ref::CAR.3pm
Installing /mnt/software/jbrowse/1.9.8/extlib/man/man3/Cache::Ref::Util::LRU::API.3pm
Installing /mnt/software/jbrowse/1.9.8/extlib/man/man3/Cache::Ref::Util::LRU::Array.3pm
Installing /mnt/software/jbrowse/1.9.8/extlib/man/man3/Cache::Ref::LIFO.3pm
Installing /mnt/software/jbrowse/1.9.8/extlib/man/man3/Cache::Ref::Null.3pm
Installing /mnt/software/jbrowse/1.9.8/extlib/man/man3/Cache::Ref::FIFO.3pm
Installing /mnt/software/jbrowse/1.9.8/extlib/man/man3/Cache::Ref::Random.3pm
Installing /mnt/software/jbrowse/1.9.8/extlib/man/man3/Cache::Ref::LRU.3pm
Appending installation info to /mnt/software/jbrowse/1.9.8/extlib/lib/perl5/x86_64-linux-gnu-thread-multi/perllocal.pod
OK
Successfully installed Cache-Ref-0.04
Installing /mnt/software/jbrowse/1.9.8/extlib/lib/perl5/x86_64-linux-gnu-thread-multi/.meta/Cache-Ref-0.04/MYMETA.json
Installing /mnt/software/jbrowse/1.9.8/extlib/lib/perl5/x86_64-linux-gnu-thread-multi/.meta/Cache-Ref-0.04/install.json
! Bailing out the installation for JBrowse-. Retry with --prompt or --force.
Expiring 6 work directories.
4 distributions installed
+ bin/cpanm -v --notest -l extlib/ --installdeps .
cpanm (App::cpanminus) 1.5007 on perl 5.014002 built for x86_64-linux-gnu-thread-multi
Work directory is /root/.cpanm/work/1374397370.3583
You have make /usr/bin/make
You have LWP 6.04
You have /bin/tar: tar (GNU tar) 1.26
Copyright (C) 2011 Free Software Foundation, Inc.
License GPLv3+: GNU GPL version 3 or later <http://gnu.org/licenses/gpl.html>.
This is free software: you are free to change and redistribute it.
There is NO WARRANTY, to the extent permitted by law.

Written by John Gilmore and Jay Fenlason.
You have /usr/bin/unzip
Checking if you have ExtUtils::MakeMaker 6.31 ... Yes (6.66)
Checking if you have ExtUtils::Install 1.46 ... Yes (1.56)
--> Working on .
Entering /mnt/software/jbrowse/1.9.8
Configuring /mnt/software/jbrowse/1.9.8 ... Running Makefile.PL
Warning: prerequisite GD::Image 0 not found.
Can't parse version 'dev'
Can't parse version 'dev'
Writing Makefile for JBrowse
Writing MYMETA.yml and MYMETA.json
OK
Checking dependencies from MYMETA.json ...
Checking if you have Test::More 0 ... Yes (0.98)
Checking if you have Test::Warn 0 ... Yes (0.24)
Checking if you have Capture::Tiny 0 ... Yes (0.22)
Checking if you have DBD::SQLite 0 ... Yes (1.39)
Checking if you have Pod::Usage 0 ... Yes (1.36)
Checking if you have Storable 0 ... Yes (2.27)
Checking if you have JSON::XS 0 ... Yes (2.34)
Checking if you have PerlIO::gzip 0 ... Yes (0.18)
Checking if you have List::Util 0 ... Yes (1.23)
Checking if you have File::Path 2 ... Yes (2.08_01)
Checking if you have Digest::Crc32 0 ... Yes (0.01)
Checking if you have local::lib 0 ... Yes (1.008004)
Checking if you have DBI 0 ... Yes (1.627)
Checking if you have Bio::FeatureIO 0 ... Yes (undef)
Checking if you have warnings 0 ... Yes (1.12)
Checking if you have base 0 ... Yes (2.16)
Checking if you have Getopt::Long 0 ... Yes (2.38)
Checking if you have IO::File 0 ... Yes (1.15)
Checking if you have Bio::Index::Fasta 0 ... Yes (undef)
Checking if you have Data::Dumper 0 ... Yes (2.130_02)
Checking if you have Bio::Root::Version 1.006000 ... Yes (1.006901)
Checking if you have vars 0 ... Yes (1.02)
Checking if you have Bio::Annotation::SimpleValue 0 ... Yes (undef)
Checking if you have strict 0 ... Yes (1.04)
Checking if you have File::Temp 0 ... Yes (0.22)
Checking if you have File::Copy::Recursive 0 ... Yes (0.38)
Checking if you have Scalar::Util 0 ... Yes (1.23)
Checking if you have FindBin 0 ... Yes (1.50)
Checking if you have Fcntl 0 ... Yes (1.11)
Checking if you have File::Spec 0 ... Yes (3.40)
Checking if you have Heap::Simple 0 ... Yes (0.13)
Checking if you have Heap::Simple::XS 0 ... Yes (0.10)
Checking if you have POSIX 0 ... Yes (1.24)
Checking if you have Devel::Size 0 ... Yes (0.79)
Checking if you have File::Spec::Functions 0 ... Yes (3.40)
Checking if you have Bio::SeqFeature::Lite 0 ... Yes (undef)
Checking if you have Bio::GFF3::LowLevel::Parser 1.4 ... Yes (1.5)
Checking if you have Hash::Merge 0 ... Yes (0.12)
Checking if you have constant 0 ... Yes (1.21)
Checking if you have GD::Image 0 ... No
Checking if you have Exporter 0 ... Yes (5.64_03)
Checking if you have Bio::OntologyIO 0 ... Yes (undef)
Checking if you have Carp 0 ... Yes (1.26)
Checking if you have Bio::SeqFeature::Annotated 0 ... Yes (undef)
Checking if you have File::Basename 0 ... Yes (2.82)
Checking if you have JSON 2 ... Yes (2.59)
Checking if you have Cache::Ref::FIFO 0 ... Yes (0.04)
Checking if you have Cwd 0 ... Yes (3.40)
==> Found dependencies: GD::Image
Searching GD::Image on cpanmetadb ...
! Finding GD::Image on cpanmetadb failed.
Searching GD::Image on search.cpan.org ...
--> Working on GD::Image
Fetching http://search.cpan.org/CPAN/authors/id/L/LD/LDS/GD-2.50.tar.gz ... OK
Unpacking GD-2.50.tar.gz
GD-2.50/
GD-2.50/README.unix
GD-2.50/Makefile.PL
GD-2.50/GD/
GD-2.50/GD/Simple.pm
GD-2.50/GD/Polyline.pm
GD-2.50/GD/Image.pm.PLS
GD-2.50/GD/Polygon.pm
GD-2.50/GD/Group.pm
GD-2.50/META.yml
GD-2.50/t/
GD-2.50/t/tile.jpeg
GD-2.50/t/test.out.4.png-1
GD-2.50/t/test.out.3.png
GD-2.50/t/test.out.10.png-1
GD-2.50/t/test.out.3.gif
GD-2.50/t/test.out.10.png
GD-2.50/t/test.out.9.png-2
GD-2.50/t/test.out.8.jpeg
GD-2.50/t/GD.t
GD-2.50/t/Generic.ttf
GD-2.50/t/test.out.8.png-2
GD-2.50/t/test.out.6.gif
GD-2.50/t/test.out.5.png-1
GD-2.50/t/test.out.4.jpeg
GD-2.50/t/test.out.10.png-2
GD-2.50/t/test.out.6.png-1
GD-2.50/t/test.out.9.gif
GD-2.50/t/test.out.8.png
GD-2.50/t/frog.jpg
GD-2.50/t/test.out.1.png
GD-2.50/t/tile.png
GD-2.50/t/test.out.8.png-6
GD-2.50/t/test.out.8.png-5
GD-2.50/t/test.out.2.gif
GD-2.50/t/test.out.2.png
GD-2.50/t/tile.gif
GD-2.50/t/test.out.9.png
GD-2.50/t/test.out.10.png-3
GD-2.50/t/test.out.2.png-1
GD-2.50/t/test.out.7.png-1
GD-2.50/t/test.out.10.jpeg
GD-2.50/t/test.out.5.jpeg
GD-2.50/t/test.out.3.png-1
GD-2.50/t/test.out.10.gif
GD-2.50/t/test.out.8.gif
GD-2.50/t/test.out.8.png-3
GD-2.50/t/frog.xpm
GD-2.50/t/test.out.9.jpeg
GD-2.50/t/test.out.7.gif
GD-2.50/t/test.out.5.png
GD-2.50/t/test.out.7.png
GD-2.50/t/test.out.6.jpeg
GD-2.50/t/test.out.8.png-4
GD-2.50/t/test.out.5.gif
GD-2.50/t/test.out.4.gif
GD-2.50/t/test.out.3.jpeg
GD-2.50/t/test.out.9.png-1
GD-2.50/t/palettemap.png
GD-2.50/t/test.out.4.png
GD-2.50/t/Polyline.t
GD-2.50/t/test.out.7.jpeg
GD-2.50/t/test.out.6.png
GD-2.50/t/test.out.8.png-1
GD-2.50/t/test.out.2.jpeg
GD-2.50/t/test.out.4.png-2
GD-2.50/MANIFEST
GD-2.50/META.json
GD-2.50/typemap
GD-2.50/ChangeLog
GD-2.50/qd.pl
GD-2.50/GD.xs
GD-2.50/GD.pm
GD-2.50/README.QUICKDRAW
GD-2.50/README
GD-2.50/bdf_scripts/
GD-2.50/bdf_scripts/bdftogd
GD-2.50/bdf_scripts/bdf2gdfont.PLS
GD-2.50/bdf_scripts/README
GD-2.50/demos/
GD-2.50/demos/copies.pl
GD-2.50/demos/transform.pl
GD-2.50/demos/gd_example.cgi
GD-2.50/demos/tile.png
GD-2.50/demos/polyline.pl
GD-2.50/demos/polys.pl
GD-2.50/demos/shapes.pl
GD-2.50/demos/brushes.pl
GD-2.50/demos/fonttest
GD-2.50/demos/ttf.pl
GD-2.50/demos/truetype_test
GD-2.50/demos/font_list.png
GD-2.50/demos/fills.pl
Entering GD-2.50
Checking configure dependencies from META.yml
Checking if you have ExtUtils::MakeMaker 0 ... Yes (6.66)
Configuring GD-2.50 ... Running Makefile.PL
Notice: Type perl Makefile.PL -h for command-line option summary.

**UNRECOVERABLE ERROR**
Could not find gdlib-config in the search path. Please install libgd 2.0.28 or higher.
If you want to try to compile anyway, please rerun this script with the option --ignore_missing_gd.
N/A
! Configure failed for GD-2.50. See /root/.cpanm/build.log for details.
! Bailing out the installation for JBrowse-. Retry with --prompt or --force.
+ set -e
+ bin/cpanm -v --notest -l extlib/ --installdeps .
cpanm (App::cpanminus) 1.5007 on perl 5.014002 built for x86_64-linux-gnu-thread-multi
Work directory is /root/.cpanm/work/1374397373.3598
You have make /usr/bin/make
You have LWP 6.04
You have /bin/tar: tar (GNU tar) 1.26
Copyright (C) 2011 Free Software Foundation, Inc.
License GPLv3+: GNU GPL version 3 or later <http://gnu.org/licenses/gpl.html>.
This is free software: you are free to change and redistribute it.
There is NO WARRANTY, to the extent permitted by law.

Written by John Gilmore and Jay Fenlason.
You have /usr/bin/unzip
Checking if you have ExtUtils::MakeMaker 6.31 ... Yes (6.66)
Checking if you have ExtUtils::Install 1.46 ... Yes (1.56)
--> Working on .
Entering /mnt/software/jbrowse/1.9.8
Configuring /mnt/software/jbrowse/1.9.8 ... Running Makefile.PL
Warning: prerequisite GD::Image 0 not found.
Can't parse version 'dev'
Can't parse version 'dev'
Writing Makefile for JBrowse
Writing MYMETA.yml and MYMETA.json
OK
Checking dependencies from MYMETA.json ...
Checking if you have Test::More 0 ... Yes (0.98)
Checking if you have Test::Warn 0 ... Yes (0.24)
Checking if you have Capture::Tiny 0 ... Yes (0.22)
Checking if you have DBD::SQLite 0 ... Yes (1.39)
Checking if you have Pod::Usage 0 ... Yes (1.36)
Checking if you have Storable 0 ... Yes (2.27)
Checking if you have JSON::XS 0 ... Yes (2.34)
Checking if you have PerlIO::gzip 0 ... Yes (0.18)
Checking if you have List::Util 0 ... Yes (1.23)
Checking if you have File::Path 2 ... Yes (2.08_01)
Checking if you have Digest::Crc32 0 ... Yes (0.01)
Checking if you have local::lib 0 ... Yes (1.008004)
Checking if you have DBI 0 ... Yes (1.627)
Checking if you have Bio::FeatureIO 0 ... Yes (undef)
Checking if you have warnings 0 ... Yes (1.12)
Checking if you have base 0 ... Yes (2.16)
Checking if you have Getopt::Long 0 ... Yes (2.38)
Checking if you have IO::File 0 ... Yes (1.15)
Checking if you have Bio::Index::Fasta 0 ... Yes (undef)
Checking if you have Data::Dumper 0 ... Yes (2.130_02)
Checking if you have Bio::Root::Version 1.006000 ... Yes (1.006901)
Checking if you have vars 0 ... Yes (1.02)
Checking if you have Bio::Annotation::SimpleValue 0 ... Yes (undef)
Checking if you have strict 0 ... Yes (1.04)
Checking if you have File::Temp 0 ... Yes (0.22)
Checking if you have File::Copy::Recursive 0 ... Yes (0.38)
Checking if you have Scalar::Util 0 ... Yes (1.23)
Checking if you have FindBin 0 ... Yes (1.50)
Checking if you have Fcntl 0 ... Yes (1.11)
Checking if you have File::Spec 0 ... Yes (3.40)
Checking if you have Heap::Simple 0 ... Yes (0.13)
Checking if you have Heap::Simple::XS 0 ... Yes (0.10)
Checking if you have POSIX 0 ... Yes (1.24)
Checking if you have Devel::Size 0 ... Yes (0.79)
Checking if you have File::Spec::Functions 0 ... Yes (3.40)
Checking if you have Bio::SeqFeature::Lite 0 ... Yes (undef)
Checking if you have Bio::GFF3::LowLevel::Parser 1.4 ... Yes (1.5)
Checking if you have Hash::Merge 0 ... Yes (0.12)
Checking if you have constant 0 ... Yes (1.21)
Checking if you have GD::Image 0 ... No
Checking if you have Exporter 0 ... Yes (5.64_03)
Checking if you have Bio::OntologyIO 0 ... Yes (undef)
Checking if you have Carp 0 ... Yes (1.26)
Checking if you have Bio::SeqFeature::Annotated 0 ... Yes (undef)
Checking if you have File::Basename 0 ... Yes (2.82)
Checking if you have JSON 2 ... Yes (2.59)
Checking if you have Cache::Ref::FIFO 0 ... Yes (0.04)
Checking if you have Cwd 0 ... Yes (3.40)
==> Found dependencies: GD::Image
Searching GD::Image on cpanmetadb ...
! Finding GD::Image on cpanmetadb failed.
Searching GD::Image on search.cpan.org ...
--> Working on GD::Image
Fetching http://search.cpan.org/CPAN/authors/id/L/LD/LDS/GD-2.50.tar.gz ... OK
Unpacking GD-2.50.tar.gz
GD-2.50/
GD-2.50/README.unix
GD-2.50/Makefile.PL
GD-2.50/GD/
GD-2.50/GD/Simple.pm
GD-2.50/GD/Polyline.pm
GD-2.50/GD/Image.pm.PLS
GD-2.50/GD/Polygon.pm
GD-2.50/GD/Group.pm
GD-2.50/META.yml
GD-2.50/t/
GD-2.50/t/tile.jpeg
GD-2.50/t/test.out.4.png-1
GD-2.50/t/test.out.3.png
GD-2.50/t/test.out.10.png-1
GD-2.50/t/test.out.3.gif
GD-2.50/t/test.out.10.png
GD-2.50/t/test.out.9.png-2
GD-2.50/t/test.out.8.jpeg
GD-2.50/t/GD.t
GD-2.50/t/Generic.ttf
GD-2.50/t/test.out.8.png-2
GD-2.50/t/test.out.6.gif
GD-2.50/t/test.out.5.png-1
GD-2.50/t/test.out.4.jpeg
GD-2.50/t/test.out.10.png-2
GD-2.50/t/test.out.6.png-1
GD-2.50/t/test.out.9.gif
GD-2.50/t/test.out.8.png
GD-2.50/t/frog.jpg
GD-2.50/t/test.out.1.png
GD-2.50/t/tile.png
GD-2.50/t/test.out.8.png-6
GD-2.50/t/test.out.8.png-5
GD-2.50/t/test.out.2.gif
GD-2.50/t/test.out.2.png
GD-2.50/t/tile.gif
GD-2.50/t/test.out.9.png
GD-2.50/t/test.out.10.png-3
GD-2.50/t/test.out.2.png-1
GD-2.50/t/test.out.7.png-1
GD-2.50/t/test.out.10.jpeg
GD-2.50/t/test.out.5.jpeg
GD-2.50/t/test.out.3.png-1
GD-2.50/t/test.out.10.gif
GD-2.50/t/test.out.8.gif
GD-2.50/t/test.out.8.png-3
GD-2.50/t/frog.xpm
GD-2.50/t/test.out.9.jpeg
GD-2.50/t/test.out.7.gif
GD-2.50/t/test.out.5.png
GD-2.50/t/test.out.7.png
GD-2.50/t/test.out.6.jpeg
GD-2.50/t/test.out.8.png-4
GD-2.50/t/test.out.5.gif
GD-2.50/t/test.out.4.gif
GD-2.50/t/test.out.3.jpeg
GD-2.50/t/test.out.9.png-1
GD-2.50/t/palettemap.png
GD-2.50/t/test.out.4.png
GD-2.50/t/Polyline.t
GD-2.50/t/test.out.7.jpeg
GD-2.50/t/test.out.6.png
GD-2.50/t/test.out.8.png-1
GD-2.50/t/test.out.2.jpeg
GD-2.50/t/test.out.4.png-2
GD-2.50/MANIFEST
GD-2.50/META.json
GD-2.50/typemap
GD-2.50/ChangeLog
GD-2.50/qd.pl
GD-2.50/GD.xs
GD-2.50/GD.pm
GD-2.50/README.QUICKDRAW
GD-2.50/README
GD-2.50/bdf_scripts/
GD-2.50/bdf_scripts/bdftogd
GD-2.50/bdf_scripts/bdf2gdfont.PLS
GD-2.50/bdf_scripts/README
GD-2.50/demos/
GD-2.50/demos/copies.pl
GD-2.50/demos/transform.pl
GD-2.50/demos/gd_example.cgi
GD-2.50/demos/tile.png
GD-2.50/demos/polyline.pl
GD-2.50/demos/polys.pl
GD-2.50/demos/shapes.pl
GD-2.50/demos/brushes.pl
GD-2.50/demos/fonttest
GD-2.50/demos/ttf.pl
GD-2.50/demos/truetype_test
GD-2.50/demos/font_list.png
GD-2.50/demos/fills.pl
Entering GD-2.50
Checking configure dependencies from META.yml
Checking if you have ExtUtils::MakeMaker 0 ... Yes (6.66)
Configuring GD-2.50 ... Running Makefile.PL
Notice: Type perl Makefile.PL -h for command-line option summary.

**UNRECOVERABLE ERROR**
Could not find gdlib-config in the search path. Please install libgd 2.0.28 or higher.
If you want to try to compile anyway, please rerun this script with the option --ignore_missing_gd.
N/A
! Configure failed for GD-2.50. See /root/.cpanm/build.log for details.
! Bailing out the installation for JBrowse-. Retry with --prompt or --force.
+ rm -rf sample_data/json/volvox
+ bin/prepare-refseqs.pl --fasta docs/tutorial/data_files/volvox.fa --out sample_data/json/volvox
+ bin/biodb-to-json.pl -v --conf docs/tutorial/conf_files/volvox.json --out sample_data/json/volvox

working on refseq ctgA
working on track ExampleFeatures
mergedTrackCfg: $VAR1 = {
          'feature' => [
                         'remark'
                       ],
          'autocomplete' => 'all',
          'track' => 'ExampleFeatures',
          'style' => {
                       'className' => 'feature2'
                     },
          'compress' => 0,
          'key' => 'Example Features'
        };
searching for features of type: remark
working on track NameTest
mergedTrackCfg: $VAR1 = {
          'feature' => [
                         'protein_coding_primary_transcript',
                         'polypeptide'
                       ],
          'autocomplete' => 'all',
          'track' => 'NameTest',
          'style' => {
                       'className' => 'feature2'
                     },
          'compress' => 0,
          'key' => 'Name test track has a really long track label'
        };
searching for features of type: protein_coding_primary_transcript, polypeptide
working on track snps
mergedTrackCfg: $VAR1 = {
          'feature' => [
                         'SNP'
                       ],
          'autocomplete' => 'all',
          'track' => 'snps',
          'style' => {
                       'className' => 'triangle hgred'
                     },
          'compress' => 0,
          'key' => 'Test SNPs'
        };
searching for features of type: SNP
working on track Motifs
mergedTrackCfg: $VAR1 = {
          'autocomplete' => 'all',
          'track' => 'Motifs',
          'style' => {
                       'className' => 'feature3',
                       'label' => 'function(feature) { return feature.get(\'Name\')+\' (via JS callback)\' }',
                       'description' => 'function(feature) { return feature.get(\'Name\')+\': \'+feature.get(\'Note\'); }'
                     },
          'description' => 1,
          'key' => 'Example motifs',
          'feature' => [
                         'polypeptide_domain'
                       ],
          'compress' => 0
        };
searching for features of type: polypeptide_domain
working on track malformed_alignments
mergedTrackCfg: $VAR1 = {
          'autocomplete' => 'all',
          'track' => 'malformed_alignments',
          'style' => {
                       'className' => 'feature4'
                     },
          'menuTemplate' => [
                              {
                                'children' => [
                                                {
                                                  'children' => [
                                                                  {
                                                                    'iconClass' => 'dijitIconBookmark',
                                                                    'url' => 'http://wiki.trin.org.au/{name}-{start}-{end}',
                                                                    'action' => 'newWindow',
                                                                    'label' => 'Query trin for {name}'
                                                                  },
                                                                  {
                                                                    'iconClass' => 'dijitIconSearch',
                                                                    'url' => 'http://example.com/{name}-{start}-{end}',
                                                                    'label' => 'Query example.com for {name}'
                                                                  }
                                                                ],
                                                  'label' => 'Check gene on databases'
                                                },
                                                {
                                                  'label' => '2nd child of demo'
                                                },
                                                {
                                                  'label' => '3rd child: this is a track'
                                                }
                                              ],
                                'label' => 'Item with submenu'
                              },
                              {
                                'iconClass' => 'dijitIconDatabase',
                                'url' => 'http://www.example.com?featurename={name}',
                                'action' => 'iframeDialog',
                                'title' => 'The magnificent example.com (feature {name})',
                                'label' => 'Open example.com in an iframe popup'
                              },
                              {
                                'iconClass' => 'dijitIconDatabase',
                                'url' => 'sample_data/test_snippet.html?featurename={name}:{start}-{end}',
                                'action' => 'xhrDialog',
                                'title' => 'function(track,feature,div) { return \'Random XHR HTML \'+Math.random()+\' title!\'; }',
                                'label' => 'Open popup with XHR HTML snippet (btw this is feature {name})'
                              },
                              {
                                'iconClass' => 'dijitIconDatabase',
                                'content' => 'function(track,feature,div) { return \'<h2>\'+feature.get(\'name\')+\'</h2><p>This is some test content!</p><p>This message brought to you by the number <span style="font-size: 300%">\'+Math.round(Math.random()*100)+\'</span>.</p>\';} ',
                                'action' => 'contentDialog',
                                'title' => 'function(track,feature,div) { return \'Random content snippet \'+Math.random()+\' title!\'; }',
                                'label' => 'Popup with content snippet from a function (feature {name})'
                              },
                              {
                                'iconClass' => 'dijitIconDatabase',
                                'content' => '<h2>{name}</h2><p>This is some test content about {name}, which goes from {start} to {end} on the {strand} strand.</p>',
                                'action' => 'contentDialog',
                                'title' => 'function(track,feature,div) { return \'Random content snippet \'+Math.random()+\' title!\'; }',
                                'label' => 'Popup with content snippet from string (feature {name})'
                              },
                              {
                                'iconClass' => 'dijitIconDatabase',
                                'action' => 'function( evt ){ alert(\'Hi there! Ran the callback on feature \'+this.feature.get(\'name\')); }',
                                'label' => 'function(track,feature,div) { return \'Run a JS callback \'+Math.random()+\' title!\'; }'
                              }
                            ],
          'hooks' => {
                       'modify' => 'function( track, feature, div ) { div.style.backgroundColor = [\'green\',\'blue\',\'red\',\'orange\',\'purple\'][Math.round(Math.random()*5)];}'
                     },
          'key' => 'Example Features with Menus',
          'feature' => [
                         'match'
                       ],
          'compress' => 0,
          'metadata' => {
                          'Description' => 'Features with extensively customized right-click menus, and with their colors set at random by a JavaScript callback.'
                        }
        };
searching for features of type: match
working on track Genes
mergedTrackCfg: $VAR1 = {
          'feature' => [
                         'gene'
                       ],
          'autocomplete' => 'all',
          'track' => 'Genes',
          'style' => {
                       'className' => 'feature5'
                     },
          'compress' => 0,
          'key' => 'Protein-coding genes',
          'onClick' => 'http://www.ncbi.nlm.nih.gov/gquery/?term={name}'
        };
searching for features of type: gene
working on track ReadingFrame
mergedTrackCfg: $VAR1 = {
          'autocomplete' => 'all',
          'track' => 'ReadingFrame',
          'style' => {
                       'className' => 'dblhelix'
                     },
          'key' => 'Frame usage',
          'onClick' => {
                         'url' => 'http://www.ncbi.nlm.nih.gov/gquery/?term={name}',
                         'label' => 'search at NCBI'
                       },
          'feature' => [
                         'mRNA'
                       ],
          'compress' => 0,
          'category' => 'Genes'
        };
searching for features of type: mRNA
working on track CDS
mergedTrackCfg: $VAR1 = {
          'autocomplete' => 'all',
          'track' => 'CDS',
          'style' => {
                       'className' => 'cds',
                       'linkTemplate' => 'http://www.ncbi.nlm.nih.gov/gquery/?term={name}-{start}-{end}'
                     },
          'key' => 'Predicted genes',
          'feature' => [
                         'CDS:predicted',
                         'mRNA:exonerate',
                         'mRNA:predicted'
                       ],
          'phase' => 1,
          'compress' => 0,
          'category' => 'Genes'
        };
searching for features of type: CDS:predicted, mRNA:exonerate, mRNA:predicted
working on track Transcript
mergedTrackCfg: $VAR1 = {
          'autocomplete' => 'all',
          'track' => 'Transcript',
          'style' => {
                       'className' => 'transcript',
                       'subfeatureClasses' => {
                                                'CDS' => 'transcript-CDS',
                                                'UTR' => 'transcript-UTR'
                                              },
                       'arrowheadClass' => 'transcript-arrowhead'
                     },
          'description' => 1,
          'key' => 'Exonerate predictions',
          'onClick' => 'function() { alert(\'This is a user-configurable JavaScript action!\'); };',
          'feature' => [
                         'mRNA:exonerate'
                       ],
          'compress' => 0,
          'category' => 'Genes',
          'subfeatures' => bless( do{\(my $o = 1)}, 'JSON::XS::Boolean' )
        };
searching for features of type: mRNA:exonerate
working on track Clones
mergedTrackCfg: $VAR1 = {
          'feature' => [
                         'BAC'
                       ],
          'autocomplete' => 'all',
          'track' => 'Clones',
          'style' => {
                       'className' => 'exon'
                     },
          'compress' => 0,
          'description' => 1,
          'key' => 'Fingerprinted BACs'
        };
searching for features of type: BAC
working on track EST
mergedTrackCfg: $VAR1 = {
          'feature' => [
                         'EST_match:est'
                       ],
          'autocomplete' => 'all',
          'track' => 'EST',
          'style' => {
                       'className' => 'est'
                     },
          'compress' => 0,
          'key' => 'ESTs'
        };
searching for features of type: EST_match:est

working on refseq ctgB
working on track ExampleFeatures
mergedTrackCfg: $VAR1 = {
          'feature' => [
                         'remark'
                       ],
          'autocomplete' => 'all',
          'track' => 'ExampleFeatures',
          'style' => {
                       'className' => 'feature2'
                     },
          'compress' => 0,
          'key' => 'Example Features'
        };
searching for features of type: remark
working on track NameTest
mergedTrackCfg: $VAR1 = {
          'feature' => [
                         'protein_coding_primary_transcript',
                         'polypeptide'
                       ],
          'autocomplete' => 'all',
          'track' => 'NameTest',
          'style' => {
                       'className' => 'feature2'
                     },
          'compress' => 0,
          'key' => 'Name test track has a really long track label'
        };
searching for features of type: protein_coding_primary_transcript, polypeptide
working on track snps
mergedTrackCfg: $VAR1 = {
          'feature' => [
                         'SNP'
                       ],
          'autocomplete' => 'all',
          'track' => 'snps',
          'style' => {
                       'className' => 'triangle hgred'
                     },
          'compress' => 0,
          'key' => 'Test SNPs'
        };
searching for features of type: SNP
working on track Motifs
mergedTrackCfg: $VAR1 = {
          'autocomplete' => 'all',
          'track' => 'Motifs',
          'style' => {
                       'className' => 'feature3',
                       'label' => 'function(feature) { return feature.get(\'Name\')+\' (via JS callback)\' }',
                       'description' => 'function(feature) { return feature.get(\'Name\')+\': \'+feature.get(\'Note\'); }'
                     },
          'description' => 1,
          'key' => 'Example motifs',
          'feature' => [
                         'polypeptide_domain'
                       ],
          'compress' => 0
        };
searching for features of type: polypeptide_domain
working on track malformed_alignments
mergedTrackCfg: $VAR1 = {
          'autocomplete' => 'all',
          'track' => 'malformed_alignments',
          'style' => {
                       'className' => 'feature4'
                     },
          'menuTemplate' => [
                              {
                                'children' => [
                                                {
                                                  'children' => [
                                                                  {
                                                                    'iconClass' => 'dijitIconBookmark',
                                                                    'url' => 'http://wiki.trin.org.au/{name}-{start}-{end}',
                                                                    'action' => 'newWindow',
                                                                    'label' => 'Query trin for {name}'
                                                                  },
                                                                  {
                                                                    'iconClass' => 'dijitIconSearch',
                                                                    'url' => 'http://example.com/{name}-{start}-{end}',
                                                                    'label' => 'Query example.com for {name}'
                                                                  }
                                                                ],
                                                  'label' => 'Check gene on databases'
                                                },
                                                {
                                                  'label' => '2nd child of demo'
                                                },
                                                {
                                                  'label' => '3rd child: this is a track'
                                                }
                                              ],
                                'label' => 'Item with submenu'
                              },
                              {
                                'iconClass' => 'dijitIconDatabase',
                                'url' => 'http://www.example.com?featurename={name}',
                                'action' => 'iframeDialog',
                                'title' => 'The magnificent example.com (feature {name})',
                                'label' => 'Open example.com in an iframe popup'
                              },
                              {
                                'iconClass' => 'dijitIconDatabase',
                                'url' => 'sample_data/test_snippet.html?featurename={name}:{start}-{end}',
                                'action' => 'xhrDialog',
                                'title' => 'function(track,feature,div) { return \'Random XHR HTML \'+Math.random()+\' title!\'; }',
                                'label' => 'Open popup with XHR HTML snippet (btw this is feature {name})'
                              },
                              {
                                'iconClass' => 'dijitIconDatabase',
                                'content' => 'function(track,feature,div) { return \'<h2>\'+feature.get(\'name\')+\'</h2><p>This is some test content!</p><p>This message brought to you by the number <span style="font-size: 300%">\'+Math.round(Math.random()*100)+\'</span>.</p>\';} ',
                                'action' => 'contentDialog',
                                'title' => 'function(track,feature,div) { return \'Random content snippet \'+Math.random()+\' title!\'; }',
                                'label' => 'Popup with content snippet from a function (feature {name})'
                              },
                              {
                                'iconClass' => 'dijitIconDatabase',
                                'content' => '<h2>{name}</h2><p>This is some test content about {name}, which goes from {start} to {end} on the {strand} strand.</p>',
                                'action' => 'contentDialog',
                                'title' => 'function(track,feature,div) { return \'Random content snippet \'+Math.random()+\' title!\'; }',
                                'label' => 'Popup with content snippet from string (feature {name})'
                              },
                              {
                                'iconClass' => 'dijitIconDatabase',
                                'action' => 'function( evt ){ alert(\'Hi there! Ran the callback on feature \'+this.feature.get(\'name\')); }',
                                'label' => 'function(track,feature,div) { return \'Run a JS callback \'+Math.random()+\' title!\'; }'
                              }
                            ],
          'hooks' => {
                       'modify' => 'function( track, feature, div ) { div.style.backgroundColor = [\'green\',\'blue\',\'red\',\'orange\',\'purple\'][Math.round(Math.random()*5)];}'
                     },
          'key' => 'Example Features with Menus',
          'feature' => [
                         'match'
                       ],
          'compress' => 0,
          'metadata' => {
                          'Description' => 'Features with extensively customized right-click menus, and with their colors set at random by a JavaScript callback.'
                        }
        };
searching for features of type: match
working on track Genes
mergedTrackCfg: $VAR1 = {
          'feature' => [
                         'gene'
                       ],
          'autocomplete' => 'all',
          'track' => 'Genes',
          'style' => {
                       'className' => 'feature5'
                     },
          'compress' => 0,
          'key' => 'Protein-coding genes',
          'onClick' => 'http://www.ncbi.nlm.nih.gov/gquery/?term={name}'
        };
searching for features of type: gene
working on track ReadingFrame
mergedTrackCfg: $VAR1 = {
          'autocomplete' => 'all',
          'track' => 'ReadingFrame',
          'style' => {
                       'className' => 'dblhelix'
                     },
          'key' => 'Frame usage',
          'onClick' => {
                         'url' => 'http://www.ncbi.nlm.nih.gov/gquery/?term={name}',
                         'label' => 'search at NCBI'
                       },
          'feature' => [
                         'mRNA'
                       ],
          'compress' => 0,
          'category' => 'Genes'
        };
searching for features of type: mRNA
working on track CDS
mergedTrackCfg: $VAR1 = {
          'autocomplete' => 'all',
          'track' => 'CDS',
          'style' => {
                       'className' => 'cds',
                       'linkTemplate' => 'http://www.ncbi.nlm.nih.gov/gquery/?term={name}-{start}-{end}'
                     },
          'key' => 'Predicted genes',
          'feature' => [
                         'CDS:predicted',
                         'mRNA:exonerate',
                         'mRNA:predicted'
                       ],
          'phase' => 1,
          'compress' => 0,
          'category' => 'Genes'
        };
searching for features of type: CDS:predicted, mRNA:exonerate, mRNA:predicted
working on track Transcript
mergedTrackCfg: $VAR1 = {
          'autocomplete' => 'all',
          'track' => 'Transcript',
          'style' => {
                       'className' => 'transcript',
                       'subfeatureClasses' => {
                                                'CDS' => 'transcript-CDS',
                                                'UTR' => 'transcript-UTR'
                                              },
                       'arrowheadClass' => 'transcript-arrowhead'
                     },
          'description' => 1,
          'key' => 'Exonerate predictions',
          'onClick' => 'function() { alert(\'This is a user-configurable JavaScript action!\'); };',
          'feature' => [
                         'mRNA:exonerate'
                       ],
          'compress' => 0,
          'category' => 'Genes',
          'subfeatures' => bless( do{\(my $o = 1)}, 'JSON::XS::Boolean' )
        };
searching for features of type: mRNA:exonerate
working on track Clones
mergedTrackCfg: $VAR1 = {
          'feature' => [
                         'BAC'
                       ],
          'autocomplete' => 'all',
          'track' => 'Clones',
          'style' => {
                       'className' => 'exon'
                     },
          'compress' => 0,
          'description' => 1,
          'key' => 'Fingerprinted BACs'
        };
searching for features of type: BAC
working on track EST
mergedTrackCfg: $VAR1 = {
          'feature' => [
                         'EST_match:est'
                       ],
          'autocomplete' => 'all',
          'track' => 'EST',
          'style' => {
                       'className' => 'est'
                     },
          'compress' => 0,
          'key' => 'ESTs'
        };
searching for features of type: EST_match:est
+ bin/add-track-json.pl docs/tutorial/data_files/volvox_microarray.bw.conf sample_data/json/volvox/trackList.json
+ bin/add-track-json.pl docs/tutorial/data_files/volvox_sine.bw.conf sample_data/json/volvox/trackList.json
+ bin/add-track-json.pl docs/tutorial/data_files/volvox-sorted.bam.conf sample_data/json/volvox/trackList.json
+ bin/add-track-json.pl docs/tutorial/data_files/volvox-sorted.bam.coverage.conf sample_data/json/volvox/trackList.json
+ bin/add-track-json.pl docs/tutorial/data_files/volvox.vcf.conf sample_data/json/volvox/trackList.json
+ bin/add-json.pl '{ "dataset_id": "volvox" }' sample_data/json/volvox/trackList.json
+ bin/generate-names.pl -v --out sample_data/json/volvox
Tracks:
    DNA
    ExampleFeatures
    NameTest
    snps
    Motifs
    malformed_alignments
    Genes
    ReadingFrame
    CDS
    Transcript
    Clones
    EST
    volvox_microarray.bw_density
    volvox_microarray.bw_xyplot
    volvox_sine_density
    volvox_sine_xyplot
    volvox-sorted.bam
    volvox-sorted.bam_coverage
    volvox_vcf_test
    volvox-sorted-vcf
Estimated 173 total name records to index.
Using 4-bit hashing.
+ '[' -d sample_data/json/modencode ']'
+ mkdir -p sample_data/json/modencode/tracks
+ ln -sf ../../volvox/tracks/volvox_microarray.wig sample_data/json/modencode/tracks/volvox_microarray.wig
+ mkdir -p sample_data/raw
+ '[' '!' -e sample_data/raw/volvox ']'
+ ln -sf ../../docs/tutorial/conf_files/volvox.json sample_data/raw/
+ rm -rf sample_data/json/yeast/
+ bin/prepare-refseqs.pl --fasta sample_data/raw/yeast_scaffolds/chr1.fa.gz --fasta sample_data/raw/yeast_scaffolds/chr2.fa.gzip --out sample_data/json/yeast/
+ bin/biodb-to-json.pl --conf sample_data/raw/yeast.json --out sample_data/json/yeast/

working on refseq chrI
working on track Genes
working on track transcript_with_no_features

working on refseq chrII
working on track Genes
working on track transcript_with_no_features
+ bin/add-json.pl '{ "dataset_id": "yeast" }' sample_data/json/yeast/trackList.json
+ bin/generate-names.pl --dir sample_data/json/yeast/
+ cd src/wig2png
+ ./configure
checking for g++... g++
checking whether the C++ compiler works... yes
checking for C++ compiler default output file name... a.out
checking for suffix of executables... 
checking whether we are cross compiling... no
checking for suffix of object files... o
checking whether we are using the GNU C++ compiler... yes
checking whether g++ accepts -g... yes
checking for gcc... gcc
checking whether we are using the GNU C compiler... yes
checking whether gcc accepts -g... yes
checking for gcc option to accept ISO C89... none needed
checking whether ln -s works... yes
checking for library containing png_create_write_struct... -lpng
checking how to run the C preprocessor... gcc -E
checking for grep that handles long lines and -e... /bin/grep
checking for egrep... /bin/grep -E
checking for ANSI C header files... yes
checking for sys/wait.h that is POSIX.1 compatible... yes
checking for sys/types.h... yes
checking for sys/stat.h... yes
checking for stdlib.h... yes
checking for string.h... yes
checking for memory.h... yes
checking for strings.h... yes
checking for inttypes.h... yes
checking for stdint.h... yes
checking for unistd.h... yes
checking float.h usability... yes
checking float.h presence... yes
checking for float.h... yes
checking for stdlib.h... (cached) yes
checking for string.h... (cached) yes
checking for unistd.h... (cached) yes
checking png.h usability... yes
checking png.h presence... yes
checking for png.h... yes
checking for stdbool.h that conforms to C99... yes
checking for _Bool... yes
checking for an ANSI C-conforming const... yes
checking for inline... inline
checking for pid_t... yes
checking for C/C++ restrict keyword... __restrict
checking for size_t... yes
checking whether struct tm is in sys/time.h or time.h... time.h
checking for ptrdiff_t... yes
checking vfork.h usability... no
checking vfork.h presence... no
checking for vfork.h... no
checking for fork... yes
checking for vfork... yes
checking for working fork... yes
checking for working vfork... (cached) yes
checking whether lstat correctly handles trailing slash... yes
checking whether lstat accepts an empty string... no
checking whether lstat correctly handles trailing slash... (cached) yes
checking for stdlib.h... (cached) yes
checking for GNU libc compatible malloc... yes
checking for strftime... yes
checking for dup2... yes
checking for floor... no
checking for memmove... yes
checking for pow... no
checking for regcomp... yes
checking for sqrt... no
checking for strchr... yes
checking for strcspn... yes
checking for strrchr... yes
checking for strspn... yes
checking for strstr... yes
configure: creating ./config.status
config.status: creating Makefile
config.status: creating src/config.h
+ make
g++ -g -O2 -include src/config.h -o ../../bin/wig2png src/wig2png.cc src/opts_list.cc  -lpng 
+ cd ../..
+ set -x
+ bin/wig-to-json.pl --key 'Image - volvox_microarray.wig' --wig docs/tutorial/data_files/volvox_microarray.wig --out sample_data/json/volvox
Can't locate Bio/DB/Sam.pm in @INC (@INC contains: /mnt/software/jbrowse/1.9.8/extlib/lib/perl5/x86_64-linux-gnu-thread-multi /mnt/software/jbrowse/1.9.8/extlib/lib/perl5 extlib/lib/perl5/x86_64-linux-gnu-thread-multi extlib/lib/perl5 /etc/perl /usr/local/lib/perl/5.14.2 /usr/local/share/perl/5.14.2 /usr/lib/perl5 /usr/share/perl5 /usr/lib/perl/5.14 /usr/share/perl/5.14 /usr/local/lib/site_perl .).
BEGIN failed--compilation aborted.
+ '[' '!' -e samtools-master ']'
+ wget -O samtools-master.zip https://github.com/samtools/samtools/archive/master.zip
--2013-07-21 02:03:07--  https://github.com/samtools/samtools/archive/master.zip
Resolving github.com (github.com)... 204.232.175.90
Connecting to github.com (github.com)|204.232.175.90|:443... connected.
HTTP request sent, awaiting response... 302 Found
Location: https://codeload.github.com/samtools/samtools/zip/master [following]
--2013-07-21 02:03:07--  https://codeload.github.com/samtools/samtools/zip/master
Resolving codeload.github.com (codeload.github.com)... 192.30.252.145
Connecting to codeload.github.com (codeload.github.com)|192.30.252.145|:443... connected.
HTTP request sent, awaiting response... 200 OK
Length: unspecified [application/zip]
Saving to: samtools-master.zip

     0K .......... .......... .......... .......... ..........  313K
    50K .......... .......... .......... .......... ..........  362K
   100K .......... .......... .......... .......... ..........  367K
   150K .......... .......... .......... .......... ..........  326K
   200K .......... .......... .......... .......... ..........  378K
   250K .......... .......... .......... .......... ..........  369K
   300K .......... .......... .......... .......... ..........  361K
   350K .......... .......... .......... .......... ..........  262K
   400K .......... .......... .......... .......... ..........  340K
   450K .......... .......... .......... .......... ..........  349K
   500K .......... .......... .......... .......... ..........  372K
   550K .......... .......... .......... .......... .....       484K=1.7s

2013-07-21 02:03:10 (350 KB/s) - samtools-master.zip saved [610229]

+ unzip -o samtools-master.zip
Archive:  samtools-master.zip
28391e5898804ce6b805016d8c676fdf61442eb3
   creating: samtools-master/
 extracting: samtools-master/.gitignore  
  inflating: samtools-master/AUTHORS  
  inflating: samtools-master/COPYING  
  inflating: samtools-master/ChangeLog.old  
  inflating: samtools-master/INSTALL  
  inflating: samtools-master/Makefile  
  inflating: samtools-master/Makefile.mingw  
  inflating: samtools-master/NEWS    
  inflating: samtools-master/bam.c   
  inflating: samtools-master/bam.h   
  inflating: samtools-master/bam2bcf.c  
  inflating: samtools-master/bam2bcf.h  
  inflating: samtools-master/bam2bcf_indel.c  
  inflating: samtools-master/bam2depth.c  
  inflating: samtools-master/bam_aux.c  
  inflating: samtools-master/bam_cat.c  
  inflating: samtools-master/bam_color.c  
  inflating: samtools-master/bam_endian.h  
  inflating: samtools-master/bam_import.c  
  inflating: samtools-master/bam_index.c  
  inflating: samtools-master/bam_lpileup.c  
  inflating: samtools-master/bam_mate.c  
  inflating: samtools-master/bam_md.c  
  inflating: samtools-master/bam_pileup.c  
  inflating: samtools-master/bam_plcmd.c  
  inflating: samtools-master/bam_reheader.c  
  inflating: samtools-master/bam_rmdup.c  
  inflating: samtools-master/bam_rmdupse.c  
  inflating: samtools-master/bam_sort.c  
  inflating: samtools-master/bam_stat.c  
  inflating: samtools-master/bam_tview.c  
  inflating: samtools-master/bam_tview.h  
  inflating: samtools-master/bam_tview_curses.c  
  inflating: samtools-master/bam_tview_html.c  
  inflating: samtools-master/bamshuf.c  
  inflating: samtools-master/bamtk.c  
   creating: samtools-master/bcftools/
  inflating: samtools-master/bcftools/Makefile  
  inflating: samtools-master/bcftools/README  
  inflating: samtools-master/bcftools/bcf.c  
  inflating: samtools-master/bcftools/bcf.h  
  inflating: samtools-master/bcftools/bcf.tex  
  inflating: samtools-master/bcftools/bcf2qcall.c  
  inflating: samtools-master/bcftools/bcfutils.c  
  inflating: samtools-master/bcftools/call1.c  
  inflating: samtools-master/bcftools/em.c  
  inflating: samtools-master/bcftools/fet.c  
  inflating: samtools-master/bcftools/index.c  
  inflating: samtools-master/bcftools/kfunc.c  
  inflating: samtools-master/bcftools/kmin.c  
  inflating: samtools-master/bcftools/kmin.h  
  inflating: samtools-master/bcftools/main.c  
  inflating: samtools-master/bcftools/mut.c  
  inflating: samtools-master/bcftools/prob1.c  
  inflating: samtools-master/bcftools/prob1.h  
  inflating: samtools-master/bcftools/vcf.c  
  inflating: samtools-master/bcftools/vcfutils.pl  
  inflating: samtools-master/bedcov.c  
  inflating: samtools-master/bedidx.c  
  inflating: samtools-master/bgzf.c  
  inflating: samtools-master/bgzf.h  
  inflating: samtools-master/bgzip.c  
  inflating: samtools-master/cut_target.c  
  inflating: samtools-master/errmod.c  
  inflating: samtools-master/errmod.h  
   creating: samtools-master/examples/
  inflating: samtools-master/examples/00README.txt  
  inflating: samtools-master/examples/Makefile  
  inflating: samtools-master/examples/bam2bed.c  
  inflating: samtools-master/examples/calDepth.c  
  inflating: samtools-master/examples/chk_indel.c  
  inflating: samtools-master/examples/ex1.fa  
 extracting: samtools-master/examples/ex1.sam.gz  
  inflating: samtools-master/examples/toy.fa  
  inflating: samtools-master/examples/toy.sam  
  inflating: samtools-master/faidx.c  
  inflating: samtools-master/faidx.h  
  inflating: samtools-master/kaln.c  
  inflating: samtools-master/kaln.h  
  inflating: samtools-master/khash.h  
  inflating: samtools-master/klist.h  
  inflating: samtools-master/knetfile.c  
  inflating: samtools-master/knetfile.h  
  inflating: samtools-master/kprobaln.c  
  inflating: samtools-master/kprobaln.h  
  inflating: samtools-master/kseq.h  
  inflating: samtools-master/ksort.h  
  inflating: samtools-master/kstring.c  
  inflating: samtools-master/kstring.h  
   creating: samtools-master/misc/
  inflating: samtools-master/misc/HmmGlocal.java  
  inflating: samtools-master/misc/Makefile  
  inflating: samtools-master/misc/ace2sam.c  
  inflating: samtools-master/misc/bamcheck.c  
  inflating: samtools-master/misc/blast2sam.pl  
  inflating: samtools-master/misc/bowtie2sam.pl  
  inflating: samtools-master/misc/export2sam.pl  
  inflating: samtools-master/misc/interpolate_sam.pl  
  inflating: samtools-master/misc/maq2sam.c  
  inflating: samtools-master/misc/md5.c  
  inflating: samtools-master/misc/md5.h  
  inflating: samtools-master/misc/md5fa.c  
  inflating: samtools-master/misc/novo2sam.pl  
  inflating: samtools-master/misc/plot-bamcheck  
  inflating: samtools-master/misc/psl2sam.pl  
  inflating: samtools-master/misc/r2plot.lua  
  inflating: samtools-master/misc/sam2vcf.pl  
  inflating: samtools-master/misc/samtools.pl  
  inflating: samtools-master/misc/soap2sam.pl  
  inflating: samtools-master/misc/varfilter.py  
  inflating: samtools-master/misc/vcfutils.lua  
  inflating: samtools-master/misc/wgsim.c  
  inflating: samtools-master/misc/wgsim_eval.pl  
  inflating: samtools-master/misc/zoom2sam.pl  
  inflating: samtools-master/padding.c  
  inflating: samtools-master/phase.c  
  inflating: samtools-master/razf.c  
  inflating: samtools-master/razf.h  
  inflating: samtools-master/razip.c  
  inflating: samtools-master/sam.c   
  inflating: samtools-master/sam.h   
  inflating: samtools-master/sam_header.c  
  inflating: samtools-master/sam_header.h  
  inflating: samtools-master/sam_view.c  
  inflating: samtools-master/sample.c  
  inflating: samtools-master/sample.h  
  inflating: samtools-master/samtools.1  
   creating: samtools-master/win32/
  inflating: samtools-master/win32/libcurses.a  
  inflating: samtools-master/win32/libz.a  
  inflating: samtools-master/win32/xcurses.h  
  inflating: samtools-master/win32/zconf.h  
  inflating: samtools-master/win32/zlib.h  
+ rm samtools-master.zip
+ perl -i -pe 's/^CFLAGS=\s*/CFLAGS=-fPIC / unless /\b-fPIC\b/' samtools-master/Makefile
+ make -C samtools-master -j3 lib
make: Entering directory `/mnt/software/jbrowse/1.9.8/samtools-master'
gcc -c -fPIC -g -Wall  -O2 -D_FILE_OFFSET_BITS=64 -D_LARGEFILE64_SOURCE -D_USE_KNETFILE -D_CURSES_LIB=1 -DBGZF_CACHE -I. bgzf.c -o bgzf.o
gcc -c -fPIC -g -Wall  -O2 -D_FILE_OFFSET_BITS=64 -D_LARGEFILE64_SOURCE -D_USE_KNETFILE -D_CURSES_LIB=1 -I. kstring.c -o kstring.o
gcc -c -fPIC -g -Wall  -O2 -D_FILE_OFFSET_BITS=64 -D_LARGEFILE64_SOURCE -D_USE_KNETFILE -D_CURSES_LIB=1 -I. bam_aux.c -o bam_aux.o
bgzf.c: In function worker_aux:
bgzf.c:392:9: warning: variable tmp set but not used [-Wunused-but-set-variable]
bgzf.c: In function bgzf_close:
bgzf.c:572:11: warning: variable count set but not used [-Wunused-but-set-variable]
gcc -c -fPIC -g -Wall  -O2 -D_FILE_OFFSET_BITS=64 -D_LARGEFILE64_SOURCE -D_USE_KNETFILE -D_CURSES_LIB=1 -I. bam.c -o bam.o
gcc -c -fPIC -g -Wall  -O2 -D_FILE_OFFSET_BITS=64 -D_LARGEFILE64_SOURCE -D_USE_KNETFILE -D_CURSES_LIB=1 -I. bam_import.c -o bam_import.o
gcc -c -fPIC -g -Wall  -O2 -D_FILE_OFFSET_BITS=64 -D_LARGEFILE64_SOURCE -D_USE_KNETFILE -D_CURSES_LIB=1 -I. sam.c -o sam.o
gcc -c -fPIC -g -Wall  -O2 -D_FILE_OFFSET_BITS=64 -D_LARGEFILE64_SOURCE -D_USE_KNETFILE -D_CURSES_LIB=1 -I. bam_index.c -o bam_index.o
bam_index.c: In function bam_index_load_core:
bam_index.c:348:7: warning: ignoring return value of fread, declared with attribute warn_unused_result [-Wunused-result]
bam_index.c:355:7: warning: ignoring return value of fread, declared with attribute warn_unused_result [-Wunused-result]
bam_index.c:368:8: warning: ignoring return value of fread, declared with attribute warn_unused_result [-Wunused-result]
bam_index.c:371:9: warning: ignoring return value of fread, declared with attribute warn_unused_result [-Wunused-result]
bam_index.c:375:9: warning: ignoring return value of fread, declared with attribute warn_unused_result [-Wunused-result]
bam_index.c:379:9: warning: ignoring return value of fread, declared with attribute warn_unused_result [-Wunused-result]
bam_index.c:389:8: warning: ignoring return value of fread, declared with attribute warn_unused_result [-Wunused-result]
bam_index.c:393:8: warning: ignoring return value of fread, declared with attribute warn_unused_result [-Wunused-result]
gcc -c -fPIC -g -Wall  -O2 -D_FILE_OFFSET_BITS=64 -D_LARGEFILE64_SOURCE -D_USE_KNETFILE -D_CURSES_LIB=1 -I. bam_pileup.c -o bam_pileup.o
bam_pileup.c: In function resolve_cigar2:
bam_pileup.c:75:9: warning: variable is_head set but not used [-Wunused-but-set-variable]
gcc -c -fPIC -g -Wall  -O2 -D_FILE_OFFSET_BITS=64 -D_LARGEFILE64_SOURCE -D_USE_KNETFILE -D_CURSES_LIB=1 -I. bam_lpileup.c -o bam_lpileup.o
gcc -c -fPIC -g -Wall  -O2 -D_FILE_OFFSET_BITS=64 -D_LARGEFILE64_SOURCE -D_USE_KNETFILE -D_CURSES_LIB=1 -I. bam_md.c -o bam_md.o
gcc -c -fPIC -g -Wall  -O2 -D_FILE_OFFSET_BITS=64 -D_LARGEFILE64_SOURCE -D_USE_KNETFILE -D_CURSES_LIB=1 -I. razf.c -o razf.o
razf.c: In function razf_close:
razf.c:804:9: warning: ignoring return value of write, declared with attribute warn_unused_result [-Wunused-result]
razf.c:805:9: warning: ignoring return value of write, declared with attribute warn_unused_result [-Wunused-result]
razf.c:808:9: warning: ignoring return value of write, declared with attribute warn_unused_result [-Wunused-result]
razf.c:810:9: warning: ignoring return value of write, declared with attribute warn_unused_result [-Wunused-result]
razf.c: In function razf_end_flush:
razf.c:258:9: warning: ignoring return value of write, declared with attribute warn_unused_result [-Wunused-result]
razf.c: In function _razf_write:
razf.c:201:8: warning: ignoring return value of write, declared with attribute warn_unused_result [-Wunused-result]
razf.c: In function save_zindex:
razf.c:96:17: warning: ignoring return value of write, declared with attribute warn_unused_result [-Wunused-result]
razf.c:99:8: warning: ignoring return value of write, declared with attribute warn_unused_result [-Wunused-result]
razf.c:106:7: warning: ignoring return value of write, declared with attribute warn_unused_result [-Wunused-result]
razf.c:107:7: warning: ignoring return value of write, declared with attribute warn_unused_result [-Wunused-result]
razf.c: In function razf_flush:
razf.c:221:8: warning: ignoring return value of write, declared with attribute warn_unused_result [-Wunused-result]
razf.c:234:9: warning: ignoring return value of write, declared with attribute warn_unused_result [-Wunused-result]
gcc -c -fPIC -g -Wall  -O2 -D_FILE_OFFSET_BITS=64 -D_LARGEFILE64_SOURCE -D_USE_KNETFILE -D_CURSES_LIB=1 -I. faidx.c -o faidx.o
gcc -c -fPIC -g -Wall  -O2 -D_FILE_OFFSET_BITS=64 -D_LARGEFILE64_SOURCE -D_USE_KNETFILE -D_CURSES_LIB=1 -I. bedidx.c -o bedidx.o
gcc -c -fPIC -g -Wall  -O2 -D_FILE_OFFSET_BITS=64 -D_LARGEFILE64_SOURCE -D_USE_KNETFILE -D_CURSES_LIB=1 -I. knetfile.c -o knetfile.o
knetfile.c: In function khttp_connect_file:
knetfile.c:415:2: warning: ignoring return value of write, declared with attribute warn_unused_result [-Wunused-result]
knetfile.c: In function kftp_send_cmd:
knetfile.c:236:2: warning: ignoring return value of write, declared with attribute warn_unused_result [-Wunused-result]
gcc -c -fPIC -g -Wall  -O2 -D_FILE_OFFSET_BITS=64 -D_LARGEFILE64_SOURCE -D_USE_KNETFILE -D_CURSES_LIB=1 -I. bam_sort.c -o bam_sort.o
gcc -c -fPIC -g -Wall  -O2 -D_FILE_OFFSET_BITS=64 -D_LARGEFILE64_SOURCE -D_USE_KNETFILE -D_CURSES_LIB=1 -I. sam_header.c -o sam_header.o
gcc -c -fPIC -g -Wall  -O2 -D_FILE_OFFSET_BITS=64 -D_LARGEFILE64_SOURCE -D_USE_KNETFILE -D_CURSES_LIB=1 -I. bam_reheader.c -o bam_reheader.o
bam_reheader.c: In function bam_reheader:
bam_reheader.c:12:16: warning: variable old set but not used [-Wunused-but-set-variable]
gcc -c -fPIC -g -Wall  -O2 -D_FILE_OFFSET_BITS=64 -D_LARGEFILE64_SOURCE -D_USE_KNETFILE -D_CURSES_LIB=1 -I. kprobaln.c -o kprobaln.o
kprobaln.c: In function kpa_glocal:
kprobaln.c:78:21: warning: variable is_diff set but not used [-Wunused-but-set-variable]
gcc -c -fPIC -g -Wall  -O2 -D_FILE_OFFSET_BITS=64 -D_LARGEFILE64_SOURCE -D_USE_KNETFILE -D_CURSES_LIB=1 -I. bam_cat.c -o bam_cat.o
ar -csru libbam.a bgzf.o kstring.o bam_aux.o bam.o bam_import.o sam.o bam_index.o bam_pileup.o bam_lpileup.o bam_md.o razf.o faidx.o bedidx.o knetfile.o bam_sort.o sam_header.o bam_reheader.o kprobaln.o bam_cat.o
make: Leaving directory `/mnt/software/jbrowse/1.9.8/samtools-master'
+ export SAMTOOLS=/mnt/software/jbrowse/1.9.8/samtools-master
+ SAMTOOLS=/mnt/software/jbrowse/1.9.8/samtools-master
+ echo 'samtools in env at '\''/mnt/software/jbrowse/1.9.8/samtools-master'\'''
samtools in env at '/mnt/software/jbrowse/1.9.8/samtools-master'
+ set +e
+ bin/cpanm -v -l extlib Bio::DB::Sam
cpanm (App::cpanminus) 1.5007 on perl 5.014002 built for x86_64-linux-gnu-thread-multi
Work directory is /root/.cpanm/work/1374397392.4897
You have make /usr/bin/make
You have LWP 6.04
You have /bin/tar: tar (GNU tar) 1.26
Copyright (C) 2011 Free Software Foundation, Inc.
License GPLv3+: GNU GPL version 3 or later <http://gnu.org/licenses/gpl.html>.
This is free software: you are free to change and redistribute it.
There is NO WARRANTY, to the extent permitted by law.

Written by John Gilmore and Jay Fenlason.
You have /usr/bin/unzip
Searching Bio::DB::Sam on cpanmetadb ...
Checking if you have ExtUtils::MakeMaker 6.31 ... Yes (6.66)
Checking if you have ExtUtils::Install 1.46 ... Yes (1.56)
--> Working on Bio::DB::Sam
Fetching http://search.cpan.org/CPAN/authors/id/L/LD/LDS/Bio-SamTools-1.38.tar.gz ... OK
Unpacking Bio-SamTools-1.38.tar.gz
Bio-SamTools-1.38
Bio-SamTools-1.38/Changes
Bio-SamTools-1.38/MANIFEST
Bio-SamTools-1.38/META.json
Bio-SamTools-1.38/README
Bio-SamTools-1.38/typemap
Bio-SamTools-1.38/META.yml
Bio-SamTools-1.38/DISCLAIMER
Bio-SamTools-1.38/Build.PL
Bio-SamTools-1.38/LICENSE
Bio-SamTools-1.38/bin
Bio-SamTools-1.38/bin/chrom_sizes.pl
Bio-SamTools-1.38/bin/genomeCoverageBed.pl
Bio-SamTools-1.38/bin/bamToGBrowse.pl
Bio-SamTools-1.38/lib
Bio-SamTools-1.38/lib/Bio
Bio-SamTools-1.38/lib/Bio/DB
Bio-SamTools-1.38/lib/Bio/DB/Sam.pm
Bio-SamTools-1.38/lib/Bio/DB/Sam.xs
Bio-SamTools-1.38/lib/Bio/DB/Bam
Bio-SamTools-1.38/lib/Bio/DB/Bam/PileupWrapper.pm
Bio-SamTools-1.38/lib/Bio/DB/Bam/Pileup.pm
Bio-SamTools-1.38/lib/Bio/DB/Bam/AlignWrapper.pm
Bio-SamTools-1.38/lib/Bio/DB/Bam/ReadIterator.pm
Bio-SamTools-1.38/lib/Bio/DB/Bam/Alignment.pm
Bio-SamTools-1.38/lib/Bio/DB/Bam/Query.pm
Bio-SamTools-1.38/lib/Bio/DB/Bam/FetchIterator.pm
Bio-SamTools-1.38/lib/Bio/DB/Bam/Target.pm
Bio-SamTools-1.38/lib/Bio/DB/Sam
Bio-SamTools-1.38/lib/Bio/DB/Sam/Constants.pm
Bio-SamTools-1.38/lib/Bio/DB/Sam/Segment.pm
Bio-SamTools-1.38/lib/Bio/DB/Sam/SamToGBrowse.pm
Bio-SamTools-1.38/t
Bio-SamTools-1.38/t/01sam.t
Bio-SamTools-1.38/t/data
Bio-SamTools-1.38/t/data/ex1.fa
Bio-SamTools-1.38/t/data/dm3_3R_4766911_4767130.sam.sorted.bam
Bio-SamTools-1.38/t/data/ex1.sam.gz
Bio-SamTools-1.38/t/data/00README.txt
Bio-SamTools-1.38/t/data/ex1.bam
Bio-SamTools-1.38/t/data/dm3_3R_4766911_4767130.sam
Bio-SamTools-1.38/t/data/dm3_3R_4766911_4767130.sam.bam
Bio-SamTools-1.38/c_bin
Bio-SamTools-1.38/c_bin/bam2bedgraph.c
Bio-SamTools-1.38/c_bin/makefile
Entering Bio-SamTools-1.38
Checking configure dependencies from META.yml
Checking if you have Module::Build 0.38 ... Yes (0.4005)
Configuring Bio-SamTools-1.38 ... Running Build.PL
Found /mnt/software/jbrowse/1.9.8/samtools-master/bam.h and /mnt/software/jbrowse/1.9.8/samtools-master/libbam.a.
Created MYMETA.yml and MYMETA.json
Creating new 'Build' script for 'Bio-SamTools' version '1.38'
OK
Checking dependencies from MYMETA.json ...
Checking if you have ExtUtils::CBuilder 0 ... Yes (0.280205)
Checking if you have Bio::Root::Version 1.006009001 ... Yes (1.006901)
Building and testing Bio-SamTools-1.38 ... Building Bio-SamTools
cc -I/mnt/software/jbrowse/1.9.8/samtools-master -Ic_bin -I/usr/lib/perl/5.14/CORE -fPIC -D_IOLIB=2 -D_FILE_OFFSET_BITS=64 -Wformat=0 -c -D_REENTRANT -D_GNU_SOURCE -DDEBIAN -fstack-protector -fno-strict-aliasing -pipe -I/usr/local/include -D_LARGEFILE_SOURCE -D_FILE_OFFSET_BITS=64 -O2 -g -o c_bin/bam2bedgraph.o c_bin/bam2bedgraph.c
cc -I/mnt/software/jbrowse/1.9.8/samtools-master -Ic_bin -I/usr/lib/perl/5.14/CORE -DXS_VERSION="1.38" -DVERSION="1.38" -fPIC -D_IOLIB=2 -D_FILE_OFFSET_BITS=64 -Wformat=0 -c -D_REENTRANT -D_GNU_SOURCE -DDEBIAN -fstack-protector -fno-strict-aliasing -pipe -I/usr/local/include -D_LARGEFILE_SOURCE -D_FILE_OFFSET_BITS=64 -O2 -g -o lib/Bio/DB/Sam.o lib/Bio/DB/Sam.c
ExtUtils::Mkbootstrap::Mkbootstrap('blib/arch/auto/Bio/DB/Sam/Sam.bs')
cc -shared -L/usr/local/lib -fstack-protector -o blib/arch/auto/Bio/DB/Sam/Sam.so lib/Bio/DB/Sam.o c_bin/bam2bedgraph.o -L/mnt/software/jbrowse/1.9.8/samtools-master -lbam -lpthread -lz
gcc -g -Wall -O2 -fPIC -o bam2bedgraph bam2bedgraph.o  -L/mnt/software/jbrowse/1.9.8/samtools-master -lbam -lpthread -lm -lz
make: Nothing to be done for `all'.
[fai_load] build FASTA index.
[bam_parse_region] fail to determine the sequence name.
t/01sam.t .. ok
All tests successful.
Files=1, Tests=112,  0 wallclock secs ( 0.02 usr  0.01 sys +  0.57 cusr  0.05 csys =  0.65 CPU)
Result: PASS
Building Bio-SamTools
make: Nothing to be done for `all'.
Files found in blib/arch: installing files in blib/lib into architecture dependent library tree
Installing /mnt/software/jbrowse/1.9.8/extlib/lib/perl5/x86_64-linux-gnu-thread-multi/auto/Bio/DB/Sam/Sam.bs
Installing /mnt/software/jbrowse/1.9.8/extlib/lib/perl5/x86_64-linux-gnu-thread-multi/auto/Bio/DB/Sam/Sam.so
Installing /mnt/software/jbrowse/1.9.8/extlib/bin/bam2bedgraph
Installing /mnt/software/jbrowse/1.9.8/extlib/lib/perl5/x86_64-linux-gnu-thread-multi/Bio/DB/Sam.pm
Installing /mnt/software/jbrowse/1.9.8/extlib/lib/perl5/x86_64-linux-gnu-thread-multi/Bio/DB/Sam/SamToGBrowse.pm
Installing /mnt/software/jbrowse/1.9.8/extlib/lib/perl5/x86_64-linux-gnu-thread-multi/Bio/DB/Sam/Segment.pm
Installing /mnt/software/jbrowse/1.9.8/extlib/lib/perl5/x86_64-linux-gnu-thread-multi/Bio/DB/Sam/Constants.pm
Installing /mnt/software/jbrowse/1.9.8/extlib/lib/perl5/x86_64-linux-gnu-thread-multi/Bio/DB/Bam/PileupWrapper.pm
Installing /mnt/software/jbrowse/1.9.8/extlib/lib/perl5/x86_64-linux-gnu-thread-multi/Bio/DB/Bam/AlignWrapper.pm
Installing /mnt/software/jbrowse/1.9.8/extlib/lib/perl5/x86_64-linux-gnu-thread-multi/Bio/DB/Bam/Query.pm
Installing /mnt/software/jbrowse/1.9.8/extlib/lib/perl5/x86_64-linux-gnu-thread-multi/Bio/DB/Bam/Target.pm
Installing /mnt/software/jbrowse/1.9.8/extlib/lib/perl5/x86_64-linux-gnu-thread-multi/Bio/DB/Bam/Pileup.pm
Installing /mnt/software/jbrowse/1.9.8/extlib/lib/perl5/x86_64-linux-gnu-thread-multi/Bio/DB/Bam/ReadIterator.pm
Installing /mnt/software/jbrowse/1.9.8/extlib/lib/perl5/x86_64-linux-gnu-thread-multi/Bio/DB/Bam/Alignment.pm
Installing /mnt/software/jbrowse/1.9.8/extlib/lib/perl5/x86_64-linux-gnu-thread-multi/Bio/DB/Bam/FetchIterator.pm
Installing /mnt/software/jbrowse/1.9.8/extlib/man/man3/Bio::DB::Bam::Target.3pm
Installing /mnt/software/jbrowse/1.9.8/extlib/man/man3/Bio::DB::Sam::Constants.3pm
Installing /mnt/software/jbrowse/1.9.8/extlib/man/man3/Bio::DB::Bam::Pileup.3pm
Installing /mnt/software/jbrowse/1.9.8/extlib/man/man3/Bio::DB::Sam.3pm
Installing /mnt/software/jbrowse/1.9.8/extlib/man/man3/Bio::DB::Bam::Query.3pm
Installing /mnt/software/jbrowse/1.9.8/extlib/man/man3/Bio::DB::Bam::PileupWrapper.3pm
Installing /mnt/software/jbrowse/1.9.8/extlib/man/man3/Bio::DB::Bam::AlignWrapper.3pm
Installing /mnt/software/jbrowse/1.9.8/extlib/man/man3/Bio::DB::Bam::Alignment.3pm
Installing /mnt/software/jbrowse/1.9.8/extlib/bin/bamToGBrowse.pl
Installing /mnt/software/jbrowse/1.9.8/extlib/bin/chrom_sizes.pl
Installing /mnt/software/jbrowse/1.9.8/extlib/bin/genomeCoverageBed.pl
OK
Successfully installed Bio-SamTools-1.38
Installing /mnt/software/jbrowse/1.9.8/extlib/lib/perl5/x86_64-linux-gnu-thread-multi/.meta/Bio-SamTools-1.38/MYMETA.json
Installing /mnt/software/jbrowse/1.9.8/extlib/lib/perl5/x86_64-linux-gnu-thread-multi/.meta/Bio-SamTools-1.38/install.json
1 distribution installed
+ set -e
+ bin/cpanm -v -l extlib Bio::DB::Sam
cpanm (App::cpanminus) 1.5007 on perl 5.014002 built for x86_64-linux-gnu-thread-multi
Work directory is /root/.cpanm/work/1374397398.5002
You have make /usr/bin/make
You have LWP 6.04
You have /bin/tar: tar (GNU tar) 1.26
Copyright (C) 2011 Free Software Foundation, Inc.
License GPLv3+: GNU GPL version 3 or later <http://gnu.org/licenses/gpl.html>.
This is free software: you are free to change and redistribute it.
There is NO WARRANTY, to the extent permitted by law.

Written by John Gilmore and Jay Fenlason.
You have /usr/bin/unzip
Searching Bio::DB::Sam on cpanmetadb ...
Checking if you have ExtUtils::MakeMaker 6.31 ... Yes (6.66)
Checking if you have ExtUtils::Install 1.46 ... Yes (1.56)
Bio::DB::Sam is up to date. (1.38)
+ bin/bam-to-json.pl --bam docs/tutorial/data_files/volvox-sorted.bam --tracklabel bam_simulated --key 'Legacy BAM - volvox-sorted.bam' --cssClass basic --clientConfig '{"featureCss": "background-color: #66F; height: 8px", "histCss": "background-color: #88F"}' --out sample_data/json/volvox
