2013-10-28 14:31:24    [DEBUG]   	Agua::Ops::BUILD	98	
2013-10-28 14:31:24    [DEBUG]   	Test::Agua::Common::Util::initialise	167	hash: undef
2013-10-28 14:31:24    [DEBUG]   	Agua::Ops::Version::higherSemVer	217	PASSED version1: 0.7.2
2013-10-28 14:31:24    [DEBUG]   	Agua::Ops::Version::higherSemVer	218	PASSED version2: 0.6.0
2013-10-28 14:31:24    [CALLER]   	Agua::Ops::Version::sortVersions	78	caller: Agua::Ops::Version::higherSemVer	87	
2013-10-28 14:31:24    [DEBUG]   	Agua::Ops::Version::higherSemVer	239	array: 0.7.2 0.6.0
2013-10-28 14:31:24    [DEBUG]   	Agua::Ops::Version::higherSemVer	240	sortedarray: 0.6.0 0.7.2
2013-10-28 14:31:24    [DEBUG]   	Agua::Ops::Version::higherSemVer	247	returning 1
2013-10-28 14:31:24    [DEBUG]   	Agua::Ops::Version::higherSemVer	217	PASSED version1: 0.6.0
2013-10-28 14:31:24    [DEBUG]   	Agua::Ops::Version::higherSemVer	218	PASSED version2: 0.6.1
2013-10-28 14:31:24    [CALLER]   	Agua::Ops::Version::sortVersions	78	caller: Agua::Ops::Version::higherSemVer	88	
2013-10-28 14:31:24    [DEBUG]   	Agua::Ops::Version::higherSemVer	239	array: 0.6.0 0.6.1
2013-10-28 14:31:24    [DEBUG]   	Agua::Ops::Version::higherSemVer	240	sortedarray: 0.6.0 0.6.1
2013-10-28 14:31:24    [DEBUG]   	Agua::Ops::Version::higherSemVer	243	returning -1
2013-10-28 14:31:24    [DEBUG]   	Agua::Ops::Version::higherSemVer	217	PASSED version1: 0.6.0
2013-10-28 14:31:24    [DEBUG]   	Agua::Ops::Version::higherSemVer	218	PASSED version2: 0.6.0+build.1
2013-10-28 14:31:24    [CALLER]   	Agua::Ops::Version::sortVersions	78	caller: Agua::Ops::Version::higherSemVer	89	
2013-10-28 14:31:24    [DEBUG]   	Agua::Ops::Version::higherSemVer	239	array: 0.6.0 0.6.0+build.1
2013-10-28 14:31:24    [DEBUG]   	Agua::Ops::Version::higherSemVer	240	sortedarray: 0.6.0 0.6.0+build.1
2013-10-28 14:31:24    [DEBUG]   	Agua::Ops::Version::higherSemVer	243	returning -1
2013-10-28 14:31:24    [DEBUG]   	Agua::Ops::Version::higherSemVer	217	PASSED version1: 0.6.0
2013-10-28 14:31:24    [DEBUG]   	Agua::Ops::Version::higherSemVer	218	PASSED version2: 0.6.0-alpha.1
2013-10-28 14:31:24    [CALLER]   	Agua::Ops::Version::sortVersions	78	caller: Agua::Ops::Version::higherSemVer	90	
2013-10-28 14:31:24    [DEBUG]   	Agua::Ops::Version::higherSemVer	239	array: 0.6.0 0.6.0-alpha.1
2013-10-28 14:31:24    [DEBUG]   	Agua::Ops::Version::higherSemVer	240	sortedarray: 0.6.0-alpha.1 0.6.0
2013-10-28 14:31:24    [DEBUG]   	Agua::Ops::Version::higherSemVer	247	returning 1
2013-10-28 14:31:24    [CALLER]   	Agua::Ops::Version::sortVersions	78	caller: Test::Agua::Ops::Version::versionSort_versions1	95	
2013-10-28 14:31:24    [CALLER]   	Agua::Ops::Version::sortVersions	78	caller: Test::Agua::Ops::Version::versionSort_versions2	96	
2013-10-28 14:31:24    [CALLER]   	Agua::Ops::Version::sortVersions	78	caller: Test::Agua::Ops::Version::versionSort_versions3	97	
2013-10-28 14:31:24    [CALLER]   	Agua::Ops::Version::sortVersions	78	caller: Test::Agua::Ops::Version::versionSort_build_permutations	98	
2013-10-28 14:31:24    [CALLER]   	Agua::Ops::Version::sortVersions	78	caller: Test::Agua::Ops::Version::versionSort_build_permutations	98	
2013-10-28 14:31:24    [CALLER]   	Agua::Ops::Version::sortVersions	78	caller: Test::Agua::Ops::Version::versionSort_build_permutations	98	
2013-10-28 14:31:24    [CALLER]   	Agua::Ops::Version::sortVersions	78	caller: Test::Agua::Ops::Version::versionSort_build_vs_release	99	
2013-10-28 14:31:24    [CALLER]   	Agua::Ops::Version::sortVersions	78	caller: Test::Agua::Ops::Version::versionSort_composite_permutations	100	
2013-10-28 14:31:24    [CALLER]   	Agua::Ops::Version::sortVersions	78	caller: Test::Agua::Ops::Version::versionSort_composite_permutations	100	
2013-10-28 14:31:24    [CALLER]   	Agua::Ops::Version::sortVersions	78	caller: Test::Agua::Ops::Version::versionSort_composite_permutations	100	
2013-10-28 14:31:24    [CALLER]   	Agua::Ops::Version::sortVersions	78	caller: Test::Agua::Ops::Version::versionSort_alpha_vs_build	101	
2013-10-28 14:36:26    [DEBUG]   	Agua::Ops::BUILD	98	
2013-10-28 14:36:26    [DEBUG]   	Test::Agua::Common::Util::initialise	167	hash: undef
2013-10-28 14:36:26    [DEBUG]   	Test::Agua::Ops::Version::testIncrementSemVer	482	
2013-10-28 14:36:26    [DEBUG]   	Test::Agua::Ops::Version::testIncrementSemVer	485	#### currentversion: 1.3.7+build.11.e0f985a
2013-10-28 14:36:26    [DEBUG]   	Test::Agua::Ops::Version::testIncrementSemVer	486	#### versiontype: major
2013-10-28 14:36:26    [DEBUG]   	Test::Agua::Ops::Version::testIncrementSemVer	487	#### releasename: undef
2013-10-28 14:36:26    [CALLER]   	Test::Agua::Common::Util::setUpDirs	15	caller: Test::Agua::Ops::Version::testIncrementSemVer	47	
2013-10-28 14:36:26	[ERROR]   	Test::Agua::Common::Util::setUpDirs	24	Can't find targetdir: /mnt/repos/private/syoung/aguadev/t/unit/bin/Agua/Ops/Version/outputs/testrepo
2013-10-29 03:11:53    [DEBUG]   	Agua::Ops::BUILD	98	
2013-10-29 03:11:53    [DEBUG]   	Test::Agua::Common::Util::initialise	167	hash: undef
2013-10-29 03:11:53    [DEBUG]   	Agua::Ops::Version::higherSemVer	217	PASSED version1: 0.7.2
2013-10-29 03:11:53    [DEBUG]   	Agua::Ops::Version::higherSemVer	218	PASSED version2: 0.6.0
2013-10-29 03:11:53    [CALLER]   	Agua::Ops::Version::sortVersions	78	caller: Agua::Ops::Version::higherSemVer	87	
2013-10-29 03:11:53    [DEBUG]   	Agua::Ops::Version::higherSemVer	239	array: 0.7.2 0.6.0
2013-10-29 03:11:53    [DEBUG]   	Agua::Ops::Version::higherSemVer	240	sortedarray: 0.6.0 0.7.2
2013-10-29 03:11:53    [DEBUG]   	Agua::Ops::Version::higherSemVer	247	returning 1
2013-10-29 03:11:53    [DEBUG]   	Agua::Ops::Version::higherSemVer	217	PASSED version1: 0.6.0
2013-10-29 03:11:53    [DEBUG]   	Agua::Ops::Version::higherSemVer	218	PASSED version2: 0.6.1
2013-10-29 03:11:53    [CALLER]   	Agua::Ops::Version::sortVersions	78	caller: Agua::Ops::Version::higherSemVer	88	
2013-10-29 03:11:53    [DEBUG]   	Agua::Ops::Version::higherSemVer	239	array: 0.6.0 0.6.1
2013-10-29 03:11:53    [DEBUG]   	Agua::Ops::Version::higherSemVer	240	sortedarray: 0.6.0 0.6.1
2013-10-29 03:11:53    [DEBUG]   	Agua::Ops::Version::higherSemVer	243	returning -1
2013-10-29 03:11:53    [DEBUG]   	Agua::Ops::Version::higherSemVer	217	PASSED version1: 0.6.0
2013-10-29 03:11:53    [DEBUG]   	Agua::Ops::Version::higherSemVer	218	PASSED version2: 0.6.0+build.1
2013-10-29 03:11:53    [CALLER]   	Agua::Ops::Version::sortVersions	78	caller: Agua::Ops::Version::higherSemVer	89	
2013-10-29 03:11:53    [DEBUG]   	Agua::Ops::Version::higherSemVer	239	array: 0.6.0 0.6.0+build.1
2013-10-29 03:11:53    [DEBUG]   	Agua::Ops::Version::higherSemVer	240	sortedarray: 0.6.0 0.6.0+build.1
2013-10-29 03:11:53    [DEBUG]   	Agua::Ops::Version::higherSemVer	243	returning -1
2013-10-29 03:11:53    [DEBUG]   	Agua::Ops::Version::higherSemVer	217	PASSED version1: 0.6.0
2013-10-29 03:11:53    [DEBUG]   	Agua::Ops::Version::higherSemVer	218	PASSED version2: 0.6.0-alpha.1
2013-10-29 03:11:53    [CALLER]   	Agua::Ops::Version::sortVersions	78	caller: Agua::Ops::Version::higherSemVer	90	
2013-10-29 03:11:53    [DEBUG]   	Agua::Ops::Version::higherSemVer	239	array: 0.6.0 0.6.0-alpha.1
2013-10-29 03:11:53    [DEBUG]   	Agua::Ops::Version::higherSemVer	240	sortedarray: 0.6.0-alpha.1 0.6.0
2013-10-29 03:11:53    [DEBUG]   	Agua::Ops::Version::higherSemVer	247	returning 1
2013-10-29 03:11:53    [CALLER]   	Agua::Ops::Version::sortVersions	78	caller: Test::Agua::Ops::Version::versionSort_versions1	95	
2013-10-29 03:11:53    [CALLER]   	Agua::Ops::Version::sortVersions	78	caller: Test::Agua::Ops::Version::versionSort_versions2	96	
2013-10-29 03:11:53    [CALLER]   	Agua::Ops::Version::sortVersions	78	caller: Test::Agua::Ops::Version::versionSort_versions3	97	
2013-10-29 03:11:53    [CALLER]   	Agua::Ops::Version::sortVersions	78	caller: Test::Agua::Ops::Version::versionSort_build_permutations	98	
2013-10-29 03:11:53    [CALLER]   	Agua::Ops::Version::sortVersions	78	caller: Test::Agua::Ops::Version::versionSort_build_permutations	98	
2013-10-29 03:11:53    [CALLER]   	Agua::Ops::Version::sortVersions	78	caller: Test::Agua::Ops::Version::versionSort_build_permutations	98	
2013-10-29 03:11:53    [CALLER]   	Agua::Ops::Version::sortVersions	78	caller: Test::Agua::Ops::Version::versionSort_build_vs_release	99	
2013-10-29 03:11:53    [CALLER]   	Agua::Ops::Version::sortVersions	78	caller: Test::Agua::Ops::Version::versionSort_composite_permutations	100	
2013-10-29 03:11:53    [CALLER]   	Agua::Ops::Version::sortVersions	78	caller: Test::Agua::Ops::Version::versionSort_composite_permutations	100	
2013-10-29 03:11:53    [CALLER]   	Agua::Ops::Version::sortVersions	78	caller: Test::Agua::Ops::Version::versionSort_composite_permutations	100	
2013-10-29 03:11:53    [CALLER]   	Agua::Ops::Version::sortVersions	78	caller: Test::Agua::Ops::Version::versionSort_alpha_vs_build	101	
2013-10-29 03:12:59    [DEBUG]   	Agua::Ops::BUILD	98	
2013-10-29 03:12:59    [DEBUG]   	Test::Agua::Common::Util::initialise	167	hash: undef
2013-10-29 03:12:59    [DEBUG]   	Agua::Ops::Version::higherSemVer	217	PASSED version1: 0.7.2
2013-10-29 03:12:59    [DEBUG]   	Agua::Ops::Version::higherSemVer	218	PASSED version2: 0.6.0
2013-10-29 03:12:59    [CALLER]   	Agua::Ops::Version::sortVersions	78	caller: Agua::Ops::Version::higherSemVer	87	
2013-10-29 03:12:59    [DEBUG]   	Agua::Ops::Version::higherSemVer	239	array: 0.7.2 0.6.0
2013-10-29 03:12:59    [DEBUG]   	Agua::Ops::Version::higherSemVer	240	sortedarray: 0.6.0 0.7.2
2013-10-29 03:12:59    [DEBUG]   	Agua::Ops::Version::higherSemVer	247	returning 1
2013-10-29 03:12:59    [DEBUG]   	Agua::Ops::Version::higherSemVer	217	PASSED version1: 0.6.0
2013-10-29 03:12:59    [DEBUG]   	Agua::Ops::Version::higherSemVer	218	PASSED version2: 0.6.1
2013-10-29 03:12:59    [CALLER]   	Agua::Ops::Version::sortVersions	78	caller: Agua::Ops::Version::higherSemVer	88	
2013-10-29 03:12:59    [DEBUG]   	Agua::Ops::Version::higherSemVer	239	array: 0.6.0 0.6.1
2013-10-29 03:12:59    [DEBUG]   	Agua::Ops::Version::higherSemVer	240	sortedarray: 0.6.0 0.6.1
2013-10-29 03:12:59    [DEBUG]   	Agua::Ops::Version::higherSemVer	243	returning -1
2013-10-29 03:12:59    [DEBUG]   	Agua::Ops::Version::higherSemVer	217	PASSED version1: 0.6.0
2013-10-29 03:12:59    [DEBUG]   	Agua::Ops::Version::higherSemVer	218	PASSED version2: 0.6.0+build.1
2013-10-29 03:12:59    [CALLER]   	Agua::Ops::Version::sortVersions	78	caller: Agua::Ops::Version::higherSemVer	89	
2013-10-29 03:12:59    [DEBUG]   	Agua::Ops::Version::higherSemVer	239	array: 0.6.0 0.6.0+build.1
2013-10-29 03:12:59    [DEBUG]   	Agua::Ops::Version::higherSemVer	240	sortedarray: 0.6.0 0.6.0+build.1
2013-10-29 03:12:59    [DEBUG]   	Agua::Ops::Version::higherSemVer	243	returning -1
2013-10-29 03:12:59    [DEBUG]   	Agua::Ops::Version::higherSemVer	217	PASSED version1: 0.6.0
2013-10-29 03:12:59    [DEBUG]   	Agua::Ops::Version::higherSemVer	218	PASSED version2: 0.6.0-alpha.1
2013-10-29 03:12:59    [CALLER]   	Agua::Ops::Version::sortVersions	78	caller: Agua::Ops::Version::higherSemVer	90	
2013-10-29 03:12:59    [DEBUG]   	Agua::Ops::Version::higherSemVer	239	array: 0.6.0 0.6.0-alpha.1
2013-10-29 03:12:59    [DEBUG]   	Agua::Ops::Version::higherSemVer	240	sortedarray: 0.6.0-alpha.1 0.6.0
2013-10-29 03:12:59    [DEBUG]   	Agua::Ops::Version::higherSemVer	247	returning 1
2013-10-29 03:12:59    [CALLER]   	Agua::Ops::Version::sortVersions	78	caller: Test::Agua::Ops::Version::versionSort_versions1	95	
2013-10-29 03:12:59    [CALLER]   	Agua::Ops::Version::sortVersions	78	caller: Test::Agua::Ops::Version::versionSort_versions2	96	
2013-10-29 03:12:59    [CALLER]   	Agua::Ops::Version::sortVersions	78	caller: Test::Agua::Ops::Version::versionSort_versions3	97	
2013-10-29 03:12:59    [CALLER]   	Agua::Ops::Version::sortVersions	78	caller: Test::Agua::Ops::Version::versionSort_build_permutations	98	
2013-10-29 03:12:59    [CALLER]   	Agua::Ops::Version::sortVersions	78	caller: Test::Agua::Ops::Version::versionSort_build_permutations	98	
2013-10-29 03:12:59    [CALLER]   	Agua::Ops::Version::sortVersions	78	caller: Test::Agua::Ops::Version::versionSort_build_permutations	98	
2013-10-29 03:12:59    [CALLER]   	Agua::Ops::Version::sortVersions	78	caller: Test::Agua::Ops::Version::versionSort_build_vs_release	99	
2013-10-29 03:12:59    [CALLER]   	Agua::Ops::Version::sortVersions	78	caller: Test::Agua::Ops::Version::versionSort_composite_permutations	100	
2013-10-29 03:12:59    [CALLER]   	Agua::Ops::Version::sortVersions	78	caller: Test::Agua::Ops::Version::versionSort_composite_permutations	100	
2013-10-29 03:12:59    [CALLER]   	Agua::Ops::Version::sortVersions	78	caller: Test::Agua::Ops::Version::versionSort_composite_permutations	100	
2013-10-29 03:12:59    [CALLER]   	Agua::Ops::Version::sortVersions	78	caller: Test::Agua::Ops::Version::versionSort_alpha_vs_build	101	
