2012-11-10 19:16:24    [DEBUG]   	Test::Doc::BUILD	19	
2012-11-10 19:16:24    [DEBUG]   	Test::Doc::initialise	25	
2012-11-10 19:16:24    [DEBUG]   	Doc::docToWiki	62	inputdir: /mnt/repos/private/syoung/aguatestdev/bin/Doc/inputs/bin/cluster
2012-11-10 19:16:24    [DEBUG]   	Doc::docToWiki	63	outputdir: /mnt/repos/private/syoung/aguatestdev/bin/Doc/outputs/bin/cluster
2012-11-10 19:16:24    [DEBUG]   	Doc::docToWiki	64	prefix: 
2012-11-10 19:16:24    [DEBUG]   	Doc::docToWikiFiles	83	inputdir: /mnt/repos/private/syoung/aguatestdev/bin/Doc/inputs/bin/cluster
2012-11-10 19:16:24    [DEBUG]   	Doc::docToWikiFiles	84	outputdir: /mnt/repos/private/syoung/aguatestdev/bin/Doc/outputs/bin/cluster
2012-11-10 19:16:24    [DEBUG]   	Doc::docToWikiFiles	85	prefix: 
2012-11-10 19:16:24    [DEBUG]   	Doc::docToWikiFiles	88	files: starcluster.pl
2012-11-10 19:16:24    [DEBUG]   	Doc::docToWikiFiles	97	perldoc /mnt/repos/private/syoung/aguatestdev/bin/Doc/inputs/bin/cluster/starcluster.pl
2012-11-10 19:16:25    [DEBUG]   	Doc::docToWikiFiles	100	BEFORE output: **STARCLUSTER(1)        User Contributed Perl Documentation       STARCLUSTER(1)




       APPLICATION     starcluster.pl

       PURPOSE

               DRIVE TESTS OF StarCluster.pm, WHICH PERFORMS THE FOLLOWING TASKS:

                       1. MOUNT BY DEFAULT /agua, /data AND /nethome ON STARCLUSTER NODES

                       2. SHUT DOWN CLUSTER WHEN ALL WORKFLOWS ARE COMPLETED

                       3. ALLOW USERS TO RUN JOBS ON SMALL, MEDIUM OR LARGE CLUSTERS

                       4. RUN ONE CLUSTER FOR EACH PROJECT OR SHARE IT WITH MULTIPLE PROJECTS

       USAGE

               ./starcluster.pl <mode> [additional_arguments - SEE Agua API]

       EXAMPLE

       ./starcluster.pl start \
        --username admin \
        --cluster smallcluster \
        --privatekey /nethome/admin/.keypairs/private.pem \
        --publiccert /nethome/admin/.keypairs/public.pem \
        --keyname admin-key



perl v5.14.2                      2012-11-02                    STARCLUSTER(1)
**
2012-11-10 19:16:25    [DEBUG]   	Doc::docToWikiFiles	130	AFTER output: **
h3. APPLICATION

starcluster.pl

h3. PURPOSE

DRIVE TESTS OF StarCluster.pm, WHICH PERFORMS THE FOLLOWING TASKS:

1. MOUNT BY DEFAULT /agua, /data AND /nethome ON STARCLUSTER NODES

2. SHUT DOWN CLUSTER WHEN ALL WORKFLOWS ARE COMPLETED

3. ALLOW USERS TO RUN JOBS ON SMALL, MEDIUM OR LARGE CLUSTERS

4. RUN ONE CLUSTER FOR EACH PROJECT OR SHARE IT WITH MULTIPLE PROJECTS

h3. USAGE

{code}
./starcluster.pl <mode> [additional_arguments - SEE Agua API]
{code}

h3. EXAMPLE

{code}
./starcluster.pl start \
 --username admin \
 --cluster smallcluster \
 --privatekey /nethome/admin/.keypairs/private.pem \
 --publiccert /nethome/admin/.keypairs/public.pem \
 --keyname admin-key
{code}

**
2012-11-10 19:16:25    [DEBUG]   	Doc::getDirs	147	inputdir: /mnt/repos/private/syoung/aguatestdev/bin/Doc/inputs/bin/cluster
2012-11-10 19:16:25    [DEBUG]   	Doc::getDirs	149	dirs: ["starcluster.pl","starcluster.txt"]
2012-11-10 19:16:25    [DEBUG]   	Doc::getDirs	159	filepath: /mnt/repos/private/syoung/aguatestdev/bin/Doc/inputs/bin/cluster/starcluster.pl
2012-11-10 19:16:25    [DEBUG]   	Doc::getDirs	159	filepath: /mnt/repos/private/syoung/aguatestdev/bin/Doc/inputs/bin/cluster/starcluster.txt
2012-11-10 19:16:25    [DEBUG]   	Doc::docToWiki	71	dirs: 
2012-11-15 02:58:48    [DEBUG]   	Test::Doc::BUILD	19	
2012-11-15 02:58:48    [DEBUG]   	Test::Doc::initialise	25	
2012-11-15 02:58:48    [DEBUG]   	Doc::docToWiki	62	inputdir: /mnt/repos/private/syoung/aguatestdev/bin/Doc/inputs/bin/cluster
2012-11-15 02:58:48    [DEBUG]   	Doc::docToWiki	63	outputdir: /mnt/repos/private/syoung/aguatestdev/bin/Doc/outputs/bin/cluster
2012-11-15 02:58:48    [DEBUG]   	Doc::docToWiki	64	prefix: 
2012-11-15 02:58:48    [DEBUG]   	Doc::docToWikiFiles	83	inputdir: /mnt/repos/private/syoung/aguatestdev/bin/Doc/inputs/bin/cluster
2012-11-15 02:58:48    [DEBUG]   	Doc::docToWikiFiles	84	outputdir: /mnt/repos/private/syoung/aguatestdev/bin/Doc/outputs/bin/cluster
2012-11-15 02:58:48    [DEBUG]   	Doc::docToWikiFiles	85	prefix: 
2012-11-15 02:58:48    [DEBUG]   	Doc::docToWikiFiles	88	files: starcluster.pl
2012-11-15 02:58:48    [DEBUG]   	Doc::docToWikiFiles	97	perldoc /mnt/repos/private/syoung/aguatestdev/bin/Doc/inputs/bin/cluster/starcluster.pl
2012-11-15 02:58:49    [DEBUG]   	Doc::docToWikiFiles	100	BEFORE output: **STARCLUSTER(1)        User Contributed Perl Documentation       STARCLUSTER(1)




       APPLICATION     starcluster.pl

       PURPOSE

               DRIVE TESTS OF StarCluster.pm, WHICH PERFORMS THE FOLLOWING TASKS:

                       1. MOUNT BY DEFAULT /agua, /data AND /nethome ON STARCLUSTER NODES

                       2. SHUT DOWN CLUSTER WHEN ALL WORKFLOWS ARE COMPLETED

                       3. ALLOW USERS TO RUN JOBS ON SMALL, MEDIUM OR LARGE CLUSTERS

                       4. RUN ONE CLUSTER FOR EACH PROJECT OR SHARE IT WITH MULTIPLE PROJECTS

       USAGE

               ./starcluster.pl <mode> [additional_arguments - SEE Agua API]

       EXAMPLE

       ./starcluster.pl start \
        --username admin \
        --cluster smallcluster \
        --privatekey /nethome/admin/.keypairs/private.pem \
        --publiccert /nethome/admin/.keypairs/public.pem \
        --keyname admin-key



perl v5.14.2                      2012-11-02                    STARCLUSTER(1)
**
2012-11-15 02:58:49    [DEBUG]   	Doc::docToWikiFiles	130	AFTER output: **
h3. APPLICATION

starcluster.pl

h3. PURPOSE

DRIVE TESTS OF StarCluster.pm, WHICH PERFORMS THE FOLLOWING TASKS:

1. MOUNT BY DEFAULT /agua, /data AND /nethome ON STARCLUSTER NODES

2. SHUT DOWN CLUSTER WHEN ALL WORKFLOWS ARE COMPLETED

3. ALLOW USERS TO RUN JOBS ON SMALL, MEDIUM OR LARGE CLUSTERS

4. RUN ONE CLUSTER FOR EACH PROJECT OR SHARE IT WITH MULTIPLE PROJECTS

h3. USAGE

{code}
./starcluster.pl <mode> [additional_arguments - SEE Agua API]
{code}

h3. EXAMPLE

{code}
./starcluster.pl start \
 --username admin \
 --cluster smallcluster \
 --privatekey /nethome/admin/.keypairs/private.pem \
 --publiccert /nethome/admin/.keypairs/public.pem \
 --keyname admin-key
{code}

**
2012-11-15 02:58:49    [DEBUG]   	Doc::getDirs	147	inputdir: /mnt/repos/private/syoung/aguatestdev/bin/Doc/inputs/bin/cluster
2012-11-15 02:58:49    [DEBUG]   	Doc::getDirs	149	dirs: ["starcluster.pl","starcluster.txt"]
2012-11-15 02:58:49    [DEBUG]   	Doc::getDirs	159	filepath: /mnt/repos/private/syoung/aguatestdev/bin/Doc/inputs/bin/cluster/starcluster.pl
2012-11-15 02:58:49    [DEBUG]   	Doc::getDirs	159	filepath: /mnt/repos/private/syoung/aguatestdev/bin/Doc/inputs/bin/cluster/starcluster.txt
2012-11-15 02:58:49    [DEBUG]   	Doc::docToWiki	71	dirs: 
2012-11-16 03:02:18    [DEBUG]   	Test::Doc::BUILD	19	
2012-11-16 03:02:18    [DEBUG]   	Test::Doc::initialise	25	
2012-11-16 03:02:18    [DEBUG]   	Doc::docToWiki	62	inputdir: /mnt/repos/private/syoung/aguatestdev/bin/Doc/inputs/bin/cluster
2012-11-16 03:02:18    [DEBUG]   	Doc::docToWiki	63	outputdir: /mnt/repos/private/syoung/aguatestdev/bin/Doc/outputs/bin/cluster
2012-11-16 03:02:18    [DEBUG]   	Doc::docToWiki	64	prefix: 
2012-11-16 03:02:18    [DEBUG]   	Doc::docToWikiFiles	83	inputdir: /mnt/repos/private/syoung/aguatestdev/bin/Doc/inputs/bin/cluster
2012-11-16 03:02:18    [DEBUG]   	Doc::docToWikiFiles	84	outputdir: /mnt/repos/private/syoung/aguatestdev/bin/Doc/outputs/bin/cluster
2012-11-16 03:02:18    [DEBUG]   	Doc::docToWikiFiles	85	prefix: 
2012-11-16 03:02:18    [DEBUG]   	Doc::docToWikiFiles	88	files: starcluster.pl
2012-11-16 03:02:18    [DEBUG]   	Doc::docToWikiFiles	97	perldoc /mnt/repos/private/syoung/aguatestdev/bin/Doc/inputs/bin/cluster/starcluster.pl
2012-11-16 03:02:18    [DEBUG]   	Doc::docToWikiFiles	100	BEFORE output: **STARCLUSTER(1)        User Contributed Perl Documentation       STARCLUSTER(1)




       APPLICATION     starcluster.pl

       PURPOSE

               DRIVE TESTS OF StarCluster.pm, WHICH PERFORMS THE FOLLOWING TASKS:

                       1. MOUNT BY DEFAULT /agua, /data AND /nethome ON STARCLUSTER NODES

                       2. SHUT DOWN CLUSTER WHEN ALL WORKFLOWS ARE COMPLETED

                       3. ALLOW USERS TO RUN JOBS ON SMALL, MEDIUM OR LARGE CLUSTERS

                       4. RUN ONE CLUSTER FOR EACH PROJECT OR SHARE IT WITH MULTIPLE PROJECTS

       USAGE

               ./starcluster.pl <mode> [additional_arguments - SEE Agua API]

       EXAMPLE

       ./starcluster.pl start \
        --username admin \
        --cluster smallcluster \
        --privatekey /nethome/admin/.keypairs/private.pem \
        --publiccert /nethome/admin/.keypairs/public.pem \
        --keyname admin-key



perl v5.14.2                      2012-11-02                    STARCLUSTER(1)
**
2012-11-16 03:02:18    [DEBUG]   	Doc::docToWikiFiles	130	AFTER output: **
h3. APPLICATION

starcluster.pl

h3. PURPOSE

DRIVE TESTS OF StarCluster.pm, WHICH PERFORMS THE FOLLOWING TASKS:

1. MOUNT BY DEFAULT /agua, /data AND /nethome ON STARCLUSTER NODES

2. SHUT DOWN CLUSTER WHEN ALL WORKFLOWS ARE COMPLETED

3. ALLOW USERS TO RUN JOBS ON SMALL, MEDIUM OR LARGE CLUSTERS

4. RUN ONE CLUSTER FOR EACH PROJECT OR SHARE IT WITH MULTIPLE PROJECTS

h3. USAGE

{code}
./starcluster.pl <mode> [additional_arguments - SEE Agua API]
{code}

h3. EXAMPLE

{code}
./starcluster.pl start \
 --username admin \
 --cluster smallcluster \
 --privatekey /nethome/admin/.keypairs/private.pem \
 --publiccert /nethome/admin/.keypairs/public.pem \
 --keyname admin-key
{code}

**
2012-11-16 03:02:18    [DEBUG]   	Doc::getDirs	147	inputdir: /mnt/repos/private/syoung/aguatestdev/bin/Doc/inputs/bin/cluster
2012-11-16 03:02:18    [DEBUG]   	Doc::getDirs	149	dirs: ["starcluster.pl","starcluster.txt"]
2012-11-16 03:02:18    [DEBUG]   	Doc::getDirs	159	filepath: /mnt/repos/private/syoung/aguatestdev/bin/Doc/inputs/bin/cluster/starcluster.pl
2012-11-16 03:02:18    [DEBUG]   	Doc::getDirs	159	filepath: /mnt/repos/private/syoung/aguatestdev/bin/Doc/inputs/bin/cluster/starcluster.txt
2012-11-16 03:02:18    [DEBUG]   	Doc::docToWiki	71	dirs: 
2012-11-17 01:39:20    [DEBUG]   	Test::Doc::BUILD	19	
2012-11-17 01:39:20    [DEBUG]   	Test::Doc::initialise	25	
2012-11-17 01:39:20    [DEBUG]   	Doc::docToWiki	62	inputdir: /mnt/repos/private/syoung/aguatestdev/bin/Doc/inputs/bin/cluster
2012-11-17 01:39:20    [DEBUG]   	Doc::docToWiki	63	outputdir: /mnt/repos/private/syoung/aguatestdev/bin/Doc/outputs/bin/cluster
2012-11-17 01:39:20    [DEBUG]   	Doc::docToWiki	64	prefix: 
2012-11-17 01:39:20    [DEBUG]   	Doc::docToWikiFiles	83	inputdir: /mnt/repos/private/syoung/aguatestdev/bin/Doc/inputs/bin/cluster
2012-11-17 01:39:20    [DEBUG]   	Doc::docToWikiFiles	84	outputdir: /mnt/repos/private/syoung/aguatestdev/bin/Doc/outputs/bin/cluster
2012-11-17 01:39:20    [DEBUG]   	Doc::docToWikiFiles	85	prefix: 
2012-11-17 01:39:20    [DEBUG]   	Doc::docToWikiFiles	88	files: starcluster.pl
2012-11-17 01:39:20    [DEBUG]   	Doc::docToWikiFiles	97	perldoc /mnt/repos/private/syoung/aguatestdev/bin/Doc/inputs/bin/cluster/starcluster.pl
2012-11-17 01:39:20    [DEBUG]   	Doc::docToWikiFiles	100	BEFORE output: ****
2012-11-17 01:39:20    [DEBUG]   	Doc::docToWikiFiles	130	AFTER output: ****
2012-11-17 01:39:20    [DEBUG]   	Doc::getDirs	147	inputdir: /mnt/repos/private/syoung/aguatestdev/bin/Doc/inputs/bin/cluster
2012-11-17 01:39:20    [DEBUG]   	Doc::getDirs	149	dirs: ["starcluster.txt","starcluster.pl"]
2012-11-17 01:39:20    [DEBUG]   	Doc::getDirs	159	filepath: /mnt/repos/private/syoung/aguatestdev/bin/Doc/inputs/bin/cluster/starcluster.txt
2012-11-17 01:39:20    [DEBUG]   	Doc::getDirs	159	filepath: /mnt/repos/private/syoung/aguatestdev/bin/Doc/inputs/bin/cluster/starcluster.pl
2012-11-17 01:39:20    [DEBUG]   	Doc::docToWiki	71	dirs: 
2012-11-17 02:22:11    [DEBUG]   	Test::Doc::BUILD	19	
2012-11-17 02:22:11    [DEBUG]   	Test::Doc::initialise	25	
2012-11-17 02:22:11    [DEBUG]   	Doc::docToWiki	62	inputdir: /mnt/repos/private/syoung/aguatestdev/bin/Doc/inputs/bin/cluster
2012-11-17 02:22:11    [DEBUG]   	Doc::docToWiki	63	outputdir: /mnt/repos/private/syoung/aguatestdev/bin/Doc/outputs/bin/cluster
2012-11-17 02:22:11    [DEBUG]   	Doc::docToWiki	64	prefix: 
2012-11-17 02:22:11    [DEBUG]   	Doc::docToWikiFiles	83	inputdir: /mnt/repos/private/syoung/aguatestdev/bin/Doc/inputs/bin/cluster
2012-11-17 02:22:11    [DEBUG]   	Doc::docToWikiFiles	84	outputdir: /mnt/repos/private/syoung/aguatestdev/bin/Doc/outputs/bin/cluster
2012-11-17 02:22:11    [DEBUG]   	Doc::docToWikiFiles	85	prefix: 
2012-11-17 02:22:11    [DEBUG]   	Doc::docToWikiFiles	88	files: starcluster.pl
2012-11-17 02:22:11    [DEBUG]   	Doc::docToWikiFiles	97	perldoc /mnt/repos/private/syoung/aguatestdev/bin/Doc/inputs/bin/cluster/starcluster.pl
2012-11-17 02:22:12    [DEBUG]   	Doc::docToWikiFiles	100	BEFORE output: **STARCLUSTER(1)        User Contributed Perl Documentation       STARCLUSTER(1)




       APPLICATION     starcluster.pl

       PURPOSE

               DRIVE TESTS OF StarCluster.pm, WHICH PERFORMS THE FOLLOWING TASKS:

                       1. MOUNT BY DEFAULT /agua, /data AND /nethome ON STARCLUSTER NODES

                       2. SHUT DOWN CLUSTER WHEN ALL WORKFLOWS ARE COMPLETED

                       3. ALLOW USERS TO RUN JOBS ON SMALL, MEDIUM OR LARGE CLUSTERS

                       4. RUN ONE CLUSTER FOR EACH PROJECT OR SHARE IT WITH MULTIPLE PROJECTS

       USAGE

               ./starcluster.pl <mode> [additional_arguments - SEE Agua API]

       EXAMPLE

       ./starcluster.pl start \
        --username admin \
        --cluster smallcluster \
        --privatekey /nethome/admin/.keypairs/private.pem \
        --publiccert /nethome/admin/.keypairs/public.pem \
        --keyname admin-key



perl v5.14.2                      2012-11-16                    STARCLUSTER(1)
**
2012-11-17 02:22:12    [DEBUG]   	Doc::docToWikiFiles	130	AFTER output: **
h3. APPLICATION

starcluster.pl

h3. PURPOSE

DRIVE TESTS OF StarCluster.pm, WHICH PERFORMS THE FOLLOWING TASKS:

1. MOUNT BY DEFAULT /agua, /data AND /nethome ON STARCLUSTER NODES

2. SHUT DOWN CLUSTER WHEN ALL WORKFLOWS ARE COMPLETED

3. ALLOW USERS TO RUN JOBS ON SMALL, MEDIUM OR LARGE CLUSTERS

4. RUN ONE CLUSTER FOR EACH PROJECT OR SHARE IT WITH MULTIPLE PROJECTS

h3. USAGE

{code}
./starcluster.pl <mode> [additional_arguments - SEE Agua API]
{code}

h3. EXAMPLE

{code}
./starcluster.pl start \
 --username admin \
 --cluster smallcluster \
 --privatekey /nethome/admin/.keypairs/private.pem \
 --publiccert /nethome/admin/.keypairs/public.pem \
 --keyname admin-key
{code}

**
2012-11-17 02:22:12    [DEBUG]   	Doc::getDirs	147	inputdir: /mnt/repos/private/syoung/aguatestdev/bin/Doc/inputs/bin/cluster
2012-11-17 02:22:12    [DEBUG]   	Doc::getDirs	149	dirs: ["starcluster.txt","starcluster.pl"]
2012-11-17 02:22:12    [DEBUG]   	Doc::getDirs	159	filepath: /mnt/repos/private/syoung/aguatestdev/bin/Doc/inputs/bin/cluster/starcluster.txt
2012-11-17 02:22:12    [DEBUG]   	Doc::getDirs	159	filepath: /mnt/repos/private/syoung/aguatestdev/bin/Doc/inputs/bin/cluster/starcluster.pl
2012-11-17 02:22:12    [DEBUG]   	Doc::docToWiki	71	dirs: 
2012-11-17 22:34:47    [DEBUG]   	Test::Doc::BUILD	19	
2012-11-17 22:34:47    [DEBUG]   	Test::Doc::initialise	25	
2012-11-17 22:34:47    [DEBUG]   	Doc::docToWiki	62	inputdir: /mnt/repos/private/syoung/aguatestdev/bin/Doc/inputs/bin/cluster
2012-11-17 22:34:47    [DEBUG]   	Doc::docToWiki	63	outputdir: /mnt/repos/private/syoung/aguatestdev/bin/Doc/outputs/bin/cluster
2012-11-17 22:34:47    [DEBUG]   	Doc::docToWiki	64	prefix: 
2012-11-17 22:34:47    [DEBUG]   	Doc::docToWikiFiles	83	inputdir: /mnt/repos/private/syoung/aguatestdev/bin/Doc/inputs/bin/cluster
2012-11-17 22:34:47    [DEBUG]   	Doc::docToWikiFiles	84	outputdir: /mnt/repos/private/syoung/aguatestdev/bin/Doc/outputs/bin/cluster
2012-11-17 22:34:47    [DEBUG]   	Doc::docToWikiFiles	85	prefix: 
2012-11-17 22:34:47    [DEBUG]   	Doc::docToWikiFiles	88	files: starcluster.pl
2012-11-17 22:34:47    [DEBUG]   	Doc::docToWikiFiles	97	perldoc /mnt/repos/private/syoung/aguatestdev/bin/Doc/inputs/bin/cluster/starcluster.pl
2012-11-17 22:34:48    [DEBUG]   	Doc::docToWikiFiles	100	BEFORE output: **STARCLUSTER(1)        User Contributed Perl Documentation       STARCLUSTER(1)




       APPLICATION     starcluster.pl

       PURPOSE

               DRIVE TESTS OF StarCluster.pm, WHICH PERFORMS THE FOLLOWING TASKS:

                       1. MOUNT BY DEFAULT /agua, /data AND /nethome ON STARCLUSTER NODES

                       2. SHUT DOWN CLUSTER WHEN ALL WORKFLOWS ARE COMPLETED

                       3. ALLOW USERS TO RUN JOBS ON SMALL, MEDIUM OR LARGE CLUSTERS

                       4. RUN ONE CLUSTER FOR EACH PROJECT OR SHARE IT WITH MULTIPLE PROJECTS

       USAGE

               ./starcluster.pl <mode> [additional_arguments - SEE Agua API]

       EXAMPLE

       ./starcluster.pl start \
        --username admin \
        --cluster smallcluster \
        --privatekey /nethome/admin/.keypairs/private.pem \
        --publiccert /nethome/admin/.keypairs/public.pem \
        --keyname admin-key



perl v5.14.2                      2012-11-16                    STARCLUSTER(1)
**
2012-11-17 22:34:48    [DEBUG]   	Doc::docToWikiFiles	130	AFTER output: **
h3. APPLICATION

starcluster.pl

h3. PURPOSE

DRIVE TESTS OF StarCluster.pm, WHICH PERFORMS THE FOLLOWING TASKS:

1. MOUNT BY DEFAULT /agua, /data AND /nethome ON STARCLUSTER NODES

2. SHUT DOWN CLUSTER WHEN ALL WORKFLOWS ARE COMPLETED

3. ALLOW USERS TO RUN JOBS ON SMALL, MEDIUM OR LARGE CLUSTERS

4. RUN ONE CLUSTER FOR EACH PROJECT OR SHARE IT WITH MULTIPLE PROJECTS

h3. USAGE

{code}
./starcluster.pl <mode> [additional_arguments - SEE Agua API]
{code}

h3. EXAMPLE

{code}
./starcluster.pl start \
 --username admin \
 --cluster smallcluster \
 --privatekey /nethome/admin/.keypairs/private.pem \
 --publiccert /nethome/admin/.keypairs/public.pem \
 --keyname admin-key
{code}

**
2012-11-17 22:34:48    [DEBUG]   	Doc::getDirs	147	inputdir: /mnt/repos/private/syoung/aguatestdev/bin/Doc/inputs/bin/cluster
2012-11-17 22:34:48    [DEBUG]   	Doc::getDirs	149	dirs: ["starcluster.txt","starcluster.pl"]
2012-11-17 22:34:48    [DEBUG]   	Doc::getDirs	159	filepath: /mnt/repos/private/syoung/aguatestdev/bin/Doc/inputs/bin/cluster/starcluster.txt
2012-11-17 22:34:48    [DEBUG]   	Doc::getDirs	159	filepath: /mnt/repos/private/syoung/aguatestdev/bin/Doc/inputs/bin/cluster/starcluster.pl
2012-11-17 22:34:48    [DEBUG]   	Doc::docToWiki	71	dirs: 
2012-11-20 00:38:32    [DEBUG]   	Test::Doc::BUILD	19	
2012-11-20 00:38:32    [DEBUG]   	Test::Doc::initialise	25	
2012-11-20 00:38:32    [DEBUG]   	Doc::docToWiki	62	inputdir: /mnt/repos/private/syoung/aguatestdev/bin/Doc/inputs/bin/cluster
2012-11-20 00:38:32    [DEBUG]   	Doc::docToWiki	63	outputdir: /mnt/repos/private/syoung/aguatestdev/bin/Doc/outputs/bin/cluster
2012-11-20 00:38:32    [DEBUG]   	Doc::docToWiki	64	prefix: 
2012-11-20 00:38:32    [DEBUG]   	Doc::docToWikiFiles	83	inputdir: /mnt/repos/private/syoung/aguatestdev/bin/Doc/inputs/bin/cluster
2012-11-20 00:38:32    [DEBUG]   	Doc::docToWikiFiles	84	outputdir: /mnt/repos/private/syoung/aguatestdev/bin/Doc/outputs/bin/cluster
2012-11-20 00:38:32    [DEBUG]   	Doc::docToWikiFiles	85	prefix: 
2012-11-20 00:38:32    [DEBUG]   	Doc::docToWikiFiles	88	files: starcluster.pl
2012-11-20 00:38:32    [DEBUG]   	Doc::docToWikiFiles	97	perldoc /mnt/repos/private/syoung/aguatestdev/bin/Doc/inputs/bin/cluster/starcluster.pl
2012-11-20 00:38:33    [DEBUG]   	Doc::docToWikiFiles	100	BEFORE output: **STARCLUSTER(1)        User Contributed Perl Documentation       STARCLUSTER(1)




       APPLICATION     starcluster.pl

       PURPOSE

               DRIVE TESTS OF StarCluster.pm, WHICH PERFORMS THE FOLLOWING TASKS:

                       1. MOUNT BY DEFAULT /agua, /data AND /nethome ON STARCLUSTER NODES

                       2. SHUT DOWN CLUSTER WHEN ALL WORKFLOWS ARE COMPLETED

                       3. ALLOW USERS TO RUN JOBS ON SMALL, MEDIUM OR LARGE CLUSTERS

                       4. RUN ONE CLUSTER FOR EACH PROJECT OR SHARE IT WITH MULTIPLE PROJECTS

       USAGE

               ./starcluster.pl <mode> [additional_arguments - SEE Agua API]

       EXAMPLE

       ./starcluster.pl start \
        --username admin \
        --cluster smallcluster \
        --privatekey /nethome/admin/.keypairs/private.pem \
        --publiccert /nethome/admin/.keypairs/public.pem \
        --keyname admin-key



perl v5.14.2                      2012-11-16                    STARCLUSTER(1)
**
2012-11-20 00:38:33    [DEBUG]   	Doc::docToWikiFiles	130	AFTER output: **
h3. APPLICATION

starcluster.pl

h3. PURPOSE

DRIVE TESTS OF StarCluster.pm, WHICH PERFORMS THE FOLLOWING TASKS:

1. MOUNT BY DEFAULT /agua, /data AND /nethome ON STARCLUSTER NODES

2. SHUT DOWN CLUSTER WHEN ALL WORKFLOWS ARE COMPLETED

3. ALLOW USERS TO RUN JOBS ON SMALL, MEDIUM OR LARGE CLUSTERS

4. RUN ONE CLUSTER FOR EACH PROJECT OR SHARE IT WITH MULTIPLE PROJECTS

h3. USAGE

{code}
./starcluster.pl <mode> [additional_arguments - SEE Agua API]
{code}

h3. EXAMPLE

{code}
./starcluster.pl start \
 --username admin \
 --cluster smallcluster \
 --privatekey /nethome/admin/.keypairs/private.pem \
 --publiccert /nethome/admin/.keypairs/public.pem \
 --keyname admin-key
{code}

**
2012-11-20 00:38:33    [DEBUG]   	Doc::getDirs	147	inputdir: /mnt/repos/private/syoung/aguatestdev/bin/Doc/inputs/bin/cluster
2012-11-20 00:38:33    [DEBUG]   	Doc::getDirs	149	dirs: ["starcluster.txt","starcluster.pl"]
2012-11-20 00:38:33    [DEBUG]   	Doc::getDirs	159	filepath: /mnt/repos/private/syoung/aguatestdev/bin/Doc/inputs/bin/cluster/starcluster.txt
2012-11-20 00:38:33    [DEBUG]   	Doc::getDirs	159	filepath: /mnt/repos/private/syoung/aguatestdev/bin/Doc/inputs/bin/cluster/starcluster.pl
2012-11-20 00:38:33    [DEBUG]   	Doc::docToWiki	71	dirs: 
2012-11-20 01:21:10    [DEBUG]   	Test::Doc::BUILD	19	
2012-11-20 01:21:10    [DEBUG]   	Test::Doc::initialise	25	
2012-11-20 01:21:10    [DEBUG]   	Doc::docToWiki	62	inputdir: /mnt/repos/private/syoung/aguatestdev/bin/Doc/inputs/bin/cluster
2012-11-20 01:21:10    [DEBUG]   	Doc::docToWiki	63	outputdir: /mnt/repos/private/syoung/aguatestdev/bin/Doc/outputs/bin/cluster
2012-11-20 01:21:10    [DEBUG]   	Doc::docToWiki	64	prefix: 
2012-11-20 01:21:10    [DEBUG]   	Doc::docToWikiFiles	83	inputdir: /mnt/repos/private/syoung/aguatestdev/bin/Doc/inputs/bin/cluster
2012-11-20 01:21:10    [DEBUG]   	Doc::docToWikiFiles	84	outputdir: /mnt/repos/private/syoung/aguatestdev/bin/Doc/outputs/bin/cluster
2012-11-20 01:21:10    [DEBUG]   	Doc::docToWikiFiles	85	prefix: 
2012-11-20 01:21:10    [DEBUG]   	Doc::docToWikiFiles	88	files: starcluster.pl
2012-11-20 01:21:10    [DEBUG]   	Doc::docToWikiFiles	97	perldoc /mnt/repos/private/syoung/aguatestdev/bin/Doc/inputs/bin/cluster/starcluster.pl
2012-11-20 01:21:10    [DEBUG]   	Doc::docToWikiFiles	100	BEFORE output: **STARCLUSTER(1)        User Contributed Perl Documentation       STARCLUSTER(1)




       APPLICATION     starcluster.pl

       PURPOSE

               DRIVE TESTS OF StarCluster.pm, WHICH PERFORMS THE FOLLOWING TASKS:

                       1. MOUNT BY DEFAULT /agua, /data AND /nethome ON STARCLUSTER NODES

                       2. SHUT DOWN CLUSTER WHEN ALL WORKFLOWS ARE COMPLETED

                       3. ALLOW USERS TO RUN JOBS ON SMALL, MEDIUM OR LARGE CLUSTERS

                       4. RUN ONE CLUSTER FOR EACH PROJECT OR SHARE IT WITH MULTIPLE PROJECTS

       USAGE

               ./starcluster.pl <mode> [additional_arguments - SEE Agua API]

       EXAMPLE

       ./starcluster.pl start \
        --username admin \
        --cluster smallcluster \
        --privatekey /nethome/admin/.keypairs/private.pem \
        --publiccert /nethome/admin/.keypairs/public.pem \
        --keyname admin-key



perl v5.14.2                      2012-11-16                    STARCLUSTER(1)
**
2012-11-20 01:21:10    [DEBUG]   	Doc::docToWikiFiles	130	AFTER output: **
h3. APPLICATION

starcluster.pl

h3. PURPOSE

DRIVE TESTS OF StarCluster.pm, WHICH PERFORMS THE FOLLOWING TASKS:

1. MOUNT BY DEFAULT /agua, /data AND /nethome ON STARCLUSTER NODES

2. SHUT DOWN CLUSTER WHEN ALL WORKFLOWS ARE COMPLETED

3. ALLOW USERS TO RUN JOBS ON SMALL, MEDIUM OR LARGE CLUSTERS

4. RUN ONE CLUSTER FOR EACH PROJECT OR SHARE IT WITH MULTIPLE PROJECTS

h3. USAGE

{code}
./starcluster.pl <mode> [additional_arguments - SEE Agua API]
{code}

h3. EXAMPLE

{code}
./starcluster.pl start \
 --username admin \
 --cluster smallcluster \
 --privatekey /nethome/admin/.keypairs/private.pem \
 --publiccert /nethome/admin/.keypairs/public.pem \
 --keyname admin-key
{code}

**
2012-11-20 01:21:10    [DEBUG]   	Doc::getDirs	147	inputdir: /mnt/repos/private/syoung/aguatestdev/bin/Doc/inputs/bin/cluster
2012-11-20 01:21:10    [DEBUG]   	Doc::getDirs	149	dirs: ["starcluster.txt","starcluster.pl"]
2012-11-20 01:21:10    [DEBUG]   	Doc::getDirs	159	filepath: /mnt/repos/private/syoung/aguatestdev/bin/Doc/inputs/bin/cluster/starcluster.txt
2012-11-20 01:21:10    [DEBUG]   	Doc::getDirs	159	filepath: /mnt/repos/private/syoung/aguatestdev/bin/Doc/inputs/bin/cluster/starcluster.pl
2012-11-20 01:21:10    [DEBUG]   	Doc::docToWiki	71	dirs: 
2012-12-02 02:35:47    [DEBUG]   	Test::Doc::BUILD	19	
2012-12-02 02:35:47    [DEBUG]   	Test::Doc::initialise	25	
2012-12-02 02:35:47    [DEBUG]   	Doc::docToWiki	62	inputdir: /mnt/repos/private/syoung/aguatestdev/bin/Doc/inputs/bin/cluster
2012-12-02 02:35:47    [DEBUG]   	Doc::docToWiki	63	outputdir: /mnt/repos/private/syoung/aguatestdev/bin/Doc/outputs/bin/cluster
2012-12-02 02:35:47    [DEBUG]   	Doc::docToWiki	64	prefix: 
2012-12-02 02:35:47    [DEBUG]   	Doc::docToWikiFiles	83	inputdir: /mnt/repos/private/syoung/aguatestdev/bin/Doc/inputs/bin/cluster
2012-12-02 02:35:47    [DEBUG]   	Doc::docToWikiFiles	84	outputdir: /mnt/repos/private/syoung/aguatestdev/bin/Doc/outputs/bin/cluster
2012-12-02 02:35:47    [DEBUG]   	Doc::docToWikiFiles	85	prefix: 
2012-12-02 02:35:47    [DEBUG]   	Doc::docToWikiFiles	88	files: starcluster.pl
2012-12-02 02:35:47    [DEBUG]   	Doc::docToWikiFiles	97	perldoc /mnt/repos/private/syoung/aguatestdev/bin/Doc/inputs/bin/cluster/starcluster.pl
2012-12-02 02:35:48    [DEBUG]   	Doc::docToWikiFiles	100	BEFORE output: **STARCLUSTER(1)        User Contributed Perl Documentation       STARCLUSTER(1)




       APPLICATION     starcluster.pl

       PURPOSE

               DRIVE TESTS OF StarCluster.pm, WHICH PERFORMS THE FOLLOWING TASKS:

                       1. MOUNT BY DEFAULT /agua, /data AND /nethome ON STARCLUSTER NODES

                       2. SHUT DOWN CLUSTER WHEN ALL WORKFLOWS ARE COMPLETED

                       3. ALLOW USERS TO RUN JOBS ON SMALL, MEDIUM OR LARGE CLUSTERS

                       4. RUN ONE CLUSTER FOR EACH PROJECT OR SHARE IT WITH MULTIPLE PROJECTS

       USAGE

               ./starcluster.pl <mode> [additional_arguments - SEE Agua API]

       EXAMPLE

       ./starcluster.pl start \
        --username admin \
        --cluster smallcluster \
        --privatekey /nethome/admin/.keypairs/private.pem \
        --publiccert /nethome/admin/.keypairs/public.pem \
        --keyname admin-key



perl v5.14.2                      2012-11-16                    STARCLUSTER(1)
**
2012-12-02 02:35:48    [DEBUG]   	Doc::docToWikiFiles	130	AFTER output: **
h3. APPLICATION

starcluster.pl

h3. PURPOSE

DRIVE TESTS OF StarCluster.pm, WHICH PERFORMS THE FOLLOWING TASKS:

1. MOUNT BY DEFAULT /agua, /data AND /nethome ON STARCLUSTER NODES

2. SHUT DOWN CLUSTER WHEN ALL WORKFLOWS ARE COMPLETED

3. ALLOW USERS TO RUN JOBS ON SMALL, MEDIUM OR LARGE CLUSTERS

4. RUN ONE CLUSTER FOR EACH PROJECT OR SHARE IT WITH MULTIPLE PROJECTS

h3. USAGE

{code}
./starcluster.pl <mode> [additional_arguments - SEE Agua API]
{code}

h3. EXAMPLE

{code}
./starcluster.pl start \
 --username admin \
 --cluster smallcluster \
 --privatekey /nethome/admin/.keypairs/private.pem \
 --publiccert /nethome/admin/.keypairs/public.pem \
 --keyname admin-key
{code}

**
2012-12-02 02:35:48    [DEBUG]   	Doc::getDirs	147	inputdir: /mnt/repos/private/syoung/aguatestdev/bin/Doc/inputs/bin/cluster
2012-12-02 02:35:48    [DEBUG]   	Doc::getDirs	149	dirs: ["starcluster.txt","starcluster.pl"]
2012-12-02 02:35:48    [DEBUG]   	Doc::getDirs	159	filepath: /mnt/repos/private/syoung/aguatestdev/bin/Doc/inputs/bin/cluster/starcluster.txt
2012-12-02 02:35:48    [DEBUG]   	Doc::getDirs	159	filepath: /mnt/repos/private/syoung/aguatestdev/bin/Doc/inputs/bin/cluster/starcluster.pl
2012-12-02 02:35:48    [DEBUG]   	Doc::docToWiki	71	dirs: 
2012-12-12 23:23:36    [DEBUG]   	Test::Doc::BUILD	19	
2012-12-12 23:23:36    [DEBUG]   	Test::Doc::initialise	25	
2012-12-12 23:23:36    [DEBUG]   	Doc::docToWiki	62	inputdir: /mnt/repos/private/syoung/aguatestdev/bin/Doc/inputs/bin/cluster
2012-12-12 23:23:36    [DEBUG]   	Doc::docToWiki	63	outputdir: /mnt/repos/private/syoung/aguatestdev/bin/Doc/outputs/bin/cluster
2012-12-12 23:23:36    [DEBUG]   	Doc::docToWiki	64	prefix: 
2012-12-12 23:23:36    [DEBUG]   	Doc::docToWikiFiles	83	inputdir: /mnt/repos/private/syoung/aguatestdev/bin/Doc/inputs/bin/cluster
2012-12-12 23:23:36    [DEBUG]   	Doc::docToWikiFiles	84	outputdir: /mnt/repos/private/syoung/aguatestdev/bin/Doc/outputs/bin/cluster
2012-12-12 23:23:36    [DEBUG]   	Doc::docToWikiFiles	85	prefix: 
2012-12-12 23:23:36    [DEBUG]   	Doc::docToWikiFiles	88	files: starcluster.pl
2012-12-12 23:23:36    [DEBUG]   	Doc::docToWikiFiles	97	perldoc /mnt/repos/private/syoung/aguatestdev/bin/Doc/inputs/bin/cluster/starcluster.pl
2012-12-12 23:23:36    [DEBUG]   	Doc::docToWikiFiles	100	BEFORE output: **STARCLUSTER(1)        User Contributed Perl Documentation       STARCLUSTER(1)




       APPLICATION     starcluster.pl

       PURPOSE

               DRIVE TESTS OF StarCluster.pm, WHICH PERFORMS THE FOLLOWING TASKS:

                       1. MOUNT BY DEFAULT /agua, /data AND /nethome ON STARCLUSTER NODES

                       2. SHUT DOWN CLUSTER WHEN ALL WORKFLOWS ARE COMPLETED

                       3. ALLOW USERS TO RUN JOBS ON SMALL, MEDIUM OR LARGE CLUSTERS

                       4. RUN ONE CLUSTER FOR EACH PROJECT OR SHARE IT WITH MULTIPLE PROJECTS

       USAGE

               ./starcluster.pl <mode> [additional_arguments - SEE Agua API]

       EXAMPLE

       ./starcluster.pl start \
        --username admin \
        --cluster smallcluster \
        --privatekey /nethome/admin/.keypairs/private.pem \
        --publiccert /nethome/admin/.keypairs/public.pem \
        --keyname admin-key



perl v5.14.2                      2012-11-16                    STARCLUSTER(1)
**
2012-12-12 23:23:36    [DEBUG]   	Doc::docToWikiFiles	130	AFTER output: **
h3. APPLICATION

starcluster.pl

h3. PURPOSE

DRIVE TESTS OF StarCluster.pm, WHICH PERFORMS THE FOLLOWING TASKS:

1. MOUNT BY DEFAULT /agua, /data AND /nethome ON STARCLUSTER NODES

2. SHUT DOWN CLUSTER WHEN ALL WORKFLOWS ARE COMPLETED

3. ALLOW USERS TO RUN JOBS ON SMALL, MEDIUM OR LARGE CLUSTERS

4. RUN ONE CLUSTER FOR EACH PROJECT OR SHARE IT WITH MULTIPLE PROJECTS

h3. USAGE

{code}
./starcluster.pl <mode> [additional_arguments - SEE Agua API]
{code}

h3. EXAMPLE

{code}
./starcluster.pl start \
 --username admin \
 --cluster smallcluster \
 --privatekey /nethome/admin/.keypairs/private.pem \
 --publiccert /nethome/admin/.keypairs/public.pem \
 --keyname admin-key
{code}

**
2012-12-12 23:23:36    [DEBUG]   	Doc::getDirs	147	inputdir: /mnt/repos/private/syoung/aguatestdev/bin/Doc/inputs/bin/cluster
2012-12-12 23:23:36    [DEBUG]   	Doc::getDirs	149	dirs: ["starcluster.txt","starcluster.pl"]
2012-12-12 23:23:36    [DEBUG]   	Doc::getDirs	159	filepath: /mnt/repos/private/syoung/aguatestdev/bin/Doc/inputs/bin/cluster/starcluster.txt
2012-12-12 23:23:36    [DEBUG]   	Doc::getDirs	159	filepath: /mnt/repos/private/syoung/aguatestdev/bin/Doc/inputs/bin/cluster/starcluster.pl
2012-12-12 23:23:36    [DEBUG]   	Doc::docToWiki	71	dirs: 
2013-01-23 15:21:25    [DEBUG]   	Test::Doc::BUILD	19	
2013-01-23 15:21:25    [DEBUG]   	Test::Doc::initialise	25	
2013-01-23 15:21:25    [DEBUG]   	Doc::docToWiki	62	inputdir: /mnt/repos/private/syoung/aguatestdev/bin/Doc/inputs/bin/cluster
2013-01-23 15:21:25    [DEBUG]   	Doc::docToWiki	63	outputdir: /mnt/repos/private/syoung/aguatestdev/bin/Doc/outputs/bin/cluster
2013-01-23 15:21:25    [DEBUG]   	Doc::docToWiki	64	prefix: 
2013-01-23 15:21:25    [DEBUG]   	Doc::docToWikiFiles	83	inputdir: /mnt/repos/private/syoung/aguatestdev/bin/Doc/inputs/bin/cluster
2013-01-23 15:21:25    [DEBUG]   	Doc::docToWikiFiles	84	outputdir: /mnt/repos/private/syoung/aguatestdev/bin/Doc/outputs/bin/cluster
2013-01-23 15:21:25    [DEBUG]   	Doc::docToWikiFiles	85	prefix: 
2013-01-23 15:21:25    [DEBUG]   	Doc::docToWikiFiles	88	files: starcluster.pl
2013-01-23 15:21:25    [DEBUG]   	Doc::docToWikiFiles	97	perldoc /mnt/repos/private/syoung/aguatestdev/bin/Doc/inputs/bin/cluster/starcluster.pl
2013-01-23 15:21:26    [DEBUG]   	Doc::docToWikiFiles	100	BEFORE output: **STARCLUSTER(1)        User Contributed Perl Documentation       STARCLUSTER(1)




       APPLICATION     starcluster.pl

       PURPOSE

               DRIVE TESTS OF StarCluster.pm, WHICH PERFORMS THE FOLLOWING TASKS:

                       1. MOUNT BY DEFAULT /agua, /data AND /nethome ON STARCLUSTER NODES

                       2. SHUT DOWN CLUSTER WHEN ALL WORKFLOWS ARE COMPLETED

                       3. ALLOW USERS TO RUN JOBS ON SMALL, MEDIUM OR LARGE CLUSTERS

                       4. RUN ONE CLUSTER FOR EACH PROJECT OR SHARE IT WITH MULTIPLE PROJECTS

       USAGE

               ./starcluster.pl <mode> [additional_arguments - SEE Agua API]

       EXAMPLE

       ./starcluster.pl start \
        --username admin \
        --cluster smallcluster \
        --privatekey /nethome/admin/.keypairs/private.pem \
        --publiccert /nethome/admin/.keypairs/public.pem \
        --keyname admin-key



perl v5.14.2                      2012-11-16                    STARCLUSTER(1)
**
2013-01-23 15:21:26    [DEBUG]   	Doc::docToWikiFiles	130	AFTER output: **
h3. APPLICATION

starcluster.pl

h3. PURPOSE

DRIVE TESTS OF StarCluster.pm, WHICH PERFORMS THE FOLLOWING TASKS:

1. MOUNT BY DEFAULT /agua, /data AND /nethome ON STARCLUSTER NODES

2. SHUT DOWN CLUSTER WHEN ALL WORKFLOWS ARE COMPLETED

3. ALLOW USERS TO RUN JOBS ON SMALL, MEDIUM OR LARGE CLUSTERS

4. RUN ONE CLUSTER FOR EACH PROJECT OR SHARE IT WITH MULTIPLE PROJECTS

h3. USAGE

{code}
./starcluster.pl <mode> [additional_arguments - SEE Agua API]
{code}

h3. EXAMPLE

{code}
./starcluster.pl start \
 --username admin \
 --cluster smallcluster \
 --privatekey /nethome/admin/.keypairs/private.pem \
 --publiccert /nethome/admin/.keypairs/public.pem \
 --keyname admin-key
{code}

**
2013-01-23 15:21:26    [DEBUG]   	Doc::getDirs	147	inputdir: /mnt/repos/private/syoung/aguatestdev/bin/Doc/inputs/bin/cluster
2013-01-23 15:21:26    [DEBUG]   	Doc::getDirs	149	dirs: ["starcluster.txt","starcluster.pl"]
2013-01-23 15:21:26    [DEBUG]   	Doc::getDirs	159	filepath: /mnt/repos/private/syoung/aguatestdev/bin/Doc/inputs/bin/cluster/starcluster.txt
2013-01-23 15:21:26    [DEBUG]   	Doc::getDirs	159	filepath: /mnt/repos/private/syoung/aguatestdev/bin/Doc/inputs/bin/cluster/starcluster.pl
2013-01-23 15:21:26    [DEBUG]   	Doc::docToWiki	71	dirs: 
