2013-08-22 00:44:43    [DEBUG]   	Agua::Upload::initialise	96	
Content-type: text/html

2013-08-22 00:44:43    [DEBUG]   	Agua::Upload::getBoundary	330	contenttype: multipart/form-data; boundary=----WebKitFormBoundaryViTiyCsozoluNLLr
2013-08-22 00:44:43    [DEBUG]   	Agua::Upload::getBoundary	332	boundary: WebKitFormBoundaryViTiyCsozoluNLLr
2013-08-22 00:44:43    [DEBUG]   	Agua::Upload::upload	119	boundary: WebKitFormBoundaryViTiyCsozoluNLLr
2013-08-22 00:44:43    [DEBUG]   	Agua::Upload::parseFilename	232	input: Content-Disposition: form-data; name="uploadedfiles[]"; filename="White Paper Draft_8.12.13.docx"
2013-08-22 00:44:43    [DEBUG]   	Agua::Upload::parseFilename	235	FINAL input: Content-Disposition: form-data; name="uploadedfiles[]"; filename="White Paper Draft_8.12.13.docx"
2013-08-22 00:44:43    [DEBUG]   	Agua::Upload::parseFilename	238	filename: White Paper Draft_8.12.13.docx
2013-08-22 00:44:43    [DEBUG]   	Agua::Upload::upload	123	filename: White Paper Draft_8.12.13.docx
2013-08-22 00:44:43    [DEBUG]   	Agua::Upload::printTempfile	245	filename: White Paper Draft_8.12.13.docx
2013-08-22 00:44:43    [DEBUG]   	Agua::Upload::printTempfile	249	input: Content-Type: application/vnd.openxmlformats-officedocument.wordprocessingml.document
2013-08-22 00:44:43    [DEBUG]   	Agua::Upload::printTempfile	255	FINAL input: Content-Type: application/vnd.openxmlformats-officedocument.wordprocessingml.document
2013-08-22 00:44:43    [DEBUG]   	Agua::Upload::printTempfile	259	emptyline: 
2013-08-22 00:44:43    [DEBUG]   	Agua::Upload::getTempfile	466	filename: White Paper Draft_8.12.13.docx
2013-08-22 00:44:43    [DEBUG]   	Agua::Upload::getTempfile	467	tempdir: /tmp
2013-08-22 00:44:43    [DEBUG]   	Agua::Upload::upload	132	params: {"mode":"undefined","name":"White","tempfile":"/tmp/White Paper Draft_8.12.13.docx6676566.04890372","username":"guest","size":"1260418","index":"0","filename":"White Paper Draft_8.12.13.docx","uploadType":"html5","type":"application/vnd.openxmlformats-officedocument.wordprocessingml.document","sessionid":"1377156557.24196.278","token":""}
2013-08-22 00:44:43    [DEBUG]   	Agua::Upload::upload	133	params->{filename}: White Paper Draft_8.12.13.docx
2013-08-22 00:44:43    [DEBUG]   	Agua::Upload::validateUser	338	params: {"mode":"undefined","name":"White","tempfile":"/tmp/White Paper Draft_8.12.13.docx6676566.04890372","username":"guest","size":"1260418","index":"0","filename":"White Paper Draft_8.12.13.docx","uploadType":"html5","type":"application/vnd.openxmlformats-officedocument.wordprocessingml.document","sessionid":"1377156557.24196.278","token":""}
2013-08-22 00:44:43    [DEBUG]   	Agua::Upload::validateUser	347	username: guest
2013-08-22 00:44:43    [DEBUG]   	Agua::Upload::validateUser	348	sessionid: 1377156557.24196.278
2013-08-22 00:44:43    [CALLER]   	Agua::Common::Base::isTestUser	453	caller: Agua::Common::Database::setDbh	353	
2013-08-22 00:44:43    [DEBUG]   	Agua::Common::Base::isTestUser	454	username: undef
2013-08-22 00:44:43    [DEBUG]   	Agua::Common::Base::isTestUser	461	username: guest
2013-08-22 00:44:43    [DEBUG]   	Agua::Common::Base::isTestUser	464	testuser: aguatest
2013-08-22 00:44:43    [DEBUG]   	Agua::DBase::MySQL::initialise	56	password: 1234
2013-08-22 00:44:43    [DEBUG]   	Agua::DBase::MySQL::initialise	59	ref parent: Agua::Upload
2013-08-22 00:44:43    [DEBUG]   	Agua::Upload::validateUser	356	Doing self->validate()
2013-08-22 00:44:43    [DEBUG]   	Agua::Common::Privileges::validate	87	username: guest
2013-08-22 00:44:43    [DEBUG]   	Agua::Common::Privileges::validate	88	requestor: 
2013-08-22 00:44:43    [DEBUG]   	Agua::Common::Privileges::validate	89	sessionid: 1377156557.24196.278
2013-08-22 00:44:43    [DEBUG]   	Agua::Common::Privileges::validateGuest	147	guestuser: guest
2013-08-22 00:44:43    [DEBUG]   	Agua::Common::Privileges::validateGuest	149	guestaccess: 1
2013-08-22 00:44:43    [DEBUG]   	Agua::Common::Privileges::validateGuest	151	guestlock: 0
2013-08-22 00:44:43    [DEBUG]   	Agua::Common::Privileges::validateGuest	155	username is guestuser: guest
2013-08-22 00:44:43    [DEBUG]   	Agua::Common::Privileges::validate	96	guestvalidated: 1
2013-08-22 00:44:43    [DEBUG]   	Agua::Common::Privileges::validateTest	189	username: guest
2013-08-22 00:44:43    [DEBUG]   	Agua::Common::Privileges::validateTest	191	testuser: aguatest
2013-08-22 00:44:43    [DEBUG]   	Agua::Common::Privileges::validate	114	query: 
	SELECT username FROM sessions
	WHERE username = 'guest'
	AND sessionid = '1377156557.24196.278'
2013-08-22 00:44:43    [DEBUG]   	Agua::Common::Privileges::validate	116	validated: guest
2013-08-22 00:44:43    [DEBUG]   	Agua::Common::Privileges::validate	129	Update query: UPDATE sessions
	SET datetime = NOW()
	WHERE username = 'guest'
	AND sessionid = '1377156557.24196.278'
2013-08-22 00:44:43    [DEBUG]   	Agua::Common::Privileges::validate	131	Update success: 1
2013-08-22 00:44:43    [DEBUG]   	Agua::Upload::validateUser	358	user validated: guest
2013-08-22 00:44:43    [DEBUG]   	Agua::Upload::upload	140	validateUser status: 1
2013-08-22 00:44:43    [DEBUG]   	Agua::Upload::upload	155	parseManifest AFTER parseManifest    params: {"mode":"undefined","name":"White","tempfile":"/tmp/White Paper Draft_8.12.13.docx6676566.04890372","username":"guest","size":"1260418","index":"0","filename":"White Paper Draft_8.12.13.docx","uploadType":"html5","type":"application/vnd.openxmlformats-officedocument.wordprocessingml.document","sessionid":"1377156557.24196.278","token":""}
2013-08-22 00:44:43    [DEBUG]   	Agua::Upload::upload	156	parseManifest AFTER parseManifest    status: 1
2013-08-22 00:44:43    [DEBUG]   	Agua::Upload::transferFile	365	
2013-08-22 00:44:43    [CALLER]   	Agua::Common::Base::isTestUser	453	caller: Agua::Common::Base::getFileroot	372	
2013-08-22 00:44:43    [DEBUG]   	Agua::Common::Base::isTestUser	454	username: guest
2013-08-22 00:44:43    [DEBUG]   	Agua::Common::Base::isTestUser	461	username: guest
2013-08-22 00:44:43    [DEBUG]   	Agua::Common::Base::isTestUser	464	testuser: aguatest
2013-08-22 00:44:43    [DEBUG]   	Agua::Common::Base::getFileroot	443	fileroot: /home/guest/aguadev
2013-08-22 00:44:43    [DEBUG]   	Agua::Upload::transferFile	373	fileroot: /home/guest/aguadev
2013-08-22 00:44:43    [DEBUG]   	Agua::Upload::transferFile	379	path: undef
2013-08-22 00:44:43    [DEBUG]   	Agua::Upload::transferFile	381	destinationdir: /home/guest/aguadev
2013-08-22 00:44:43    [DEBUG]   	Agua::Upload::transferFile	386	found: 1
2013-08-22 00:44:43    [DEBUG]   	Agua::Upload::transferFile	389	DOING setFilepath
2013-08-22 00:44:43    [DEBUG]   	Agua::Upload::setFilepath	479	filename: White Paper Draft_8.12.13.docx
2013-08-22 00:44:43    [DEBUG]   	Agua::Upload::setFilepath	480	directory: /home/guest/aguadev
2013-08-22 00:44:43    [DEBUG]   	Agua::Upload::setFilepath	481	maxnamelength: 80
2013-08-22 00:44:43    [DEBUG]   	Agua::Upload::setFilepath	497	transferUpload    Doing File::Copy::move('/home/guest/aguadev/White Paper Draft_8.12.13.docx', '/home/guest/aguadev/White Paper Draft_8.12.13.0.docx')...
2013-08-22 00:44:43    [DEBUG]   	Agua::Upload::setFilepath	502	Returning White Paper Draft_8.12.13.docx
2013-08-22 00:44:43    [DEBUG]   	Agua::Upload::transferFile	391	filepath: /home/guest/aguadev/White Paper Draft_8.12.13.docx
2013-08-22 00:44:43    [DEBUG]   	Agua::Upload::transferFile	396	Doing File::Copy::move(/tmp/White Paper Draft_8.12.13.docx6676566.04890372, /home/guest/aguadev/White Paper Draft_8.12.13.docx)
2013-08-22 00:44:43    [DEBUG]   	Agua::Upload::upload	175	transferFile status: 1
2013-08-22 00:44:43    [DEBUG]   	Agua::Upload::upload	193	key: mode
2013-08-22 00:44:43    [DEBUG]   	Agua::Upload::upload	193	key: name
2013-08-22 00:44:43    [DEBUG]   	Agua::Upload::upload	193	key: tempfile
2013-08-22 00:44:43    [DEBUG]   	Agua::Upload::upload	193	key: username
2013-08-22 00:44:43    [DEBUG]   	Agua::Upload::upload	193	key: size
2013-08-22 00:44:43    [DEBUG]   	Agua::Upload::upload	193	key: index
2013-08-22 00:44:43    [DEBUG]   	Agua::Upload::upload	193	key: filename
2013-08-22 00:44:43    [DEBUG]   	Agua::Upload::upload	193	key: uploadType
2013-08-22 00:44:43    [DEBUG]   	Agua::Upload::upload	193	key: type
2013-08-22 00:44:43    [DEBUG]   	Agua::Upload::upload	193	key: sessionid
2013-08-22 00:44:43    [DEBUG]   	Agua::Upload::upload	193	key: token
2013-08-22 00:44:43    [DEBUG]   	Agua::Upload::notifyStatus	215	DOING self->openConnection() with data: {"status":"uploaded","callback":"postUpload","data":{"samples":undef,"project":{"mode":"undefined","name":"White","size":"1260418","username":"guest","tempfile":"/tmp/White Paper Draft_8.12.13.docx6676566.04890372","index":"0","filename":"White Paper Draft_8.12.13.docx","uploadType":"html5","type":"application/vnd.openxmlformats-officedocument.wordprocessingml.document","token":"","sessionid":"1377156557.24196.278"}},"queue":"routing","token":""}
2013-08-22 00:44:43    [DEBUG]   	Agua::Upload::setExchange	100	
2013-08-22 00:44:43    [DEBUG]   	Agua::Upload::setExchange	108	exchange: bless( {"indent":4,"conf":bless( {"indent":4,"inputfile":"/mnt/repos/private/syoung/aguadev/cgi-bin/conf/config.yaml","outputfile":"/mnt/repos/private/syoung/aguadev/cgi-bin/conf/config.yaml","logfh":\*{"Agua::Common::Logger::$logfh"},"OLDSHOWLOG":2,"memorystore":undef,"memory":0,"yaml":bless( [{"cluster":{"SGEEXECDPORT":"63232","CANCELJOB":"/opt/sge6/bin/lx24-amd64/qdel -j","SGEBIN":"/opt/sge6/bin/lx24-amd64","QSTAT":"/opt/sge6/bin/lx24-amd64/qstat","SGEQMASTERPORT":"63231","SGEROOT":"/opt/sge6","QSUB":"/opt/sge6/bin/lx24-amd64/qsub","SLEEP":"5"},"install":{"SOCKETVERSION":"0.6.17","AMQPVERSION":"0.1.6","RABBITJS":"node-amqp/node_modules/rabbit.js/example/socketio/server.js","RABBITVERSION":"0.2.0","NODEURL":"http://nodejs.org/dist/v0.10.15/node-v0.10.15.tar.gz"},"applications":{"aquarius-8":{"REPMASK":"/data/apps/erange2/data/repMask/rmask.db","BOWTIESOURCE":"/data/apps/bowtie/0.12.7-src","NOVOALIGN":"/data/apps/novoalign/2.05.33","BINARYDATA":"/data/bioapps/binary","SAMTOOLS":"/data/apps/samtools/0.1.6","PYTHON":"/data/apps/python/2.6.1/bin/python","MAQ":"/data/apps/maq/0.7.1","SHOWCOORDS":"/data/apps/mummer/show-coords","TOPHAT":"/data/apps/tophat/1.0.12/bin","TANDEMREPEATSFINDER":"/data/apps/tandemrepeats/4.04/trf","VELVET":"/data/apps/velvet/velvet","JBROWSE":"/data/apps/jbrowse/100511/bin","BOWTIE":"/data/apps/bowtie/0.12.2","VCAKE":"/data/apps/vcake/VCAKE_1.0.pl","CASAVA":"/data/apps/casava/1.6.0/bin","GATK":"/data/apps/gatk/1.0.4705","RUNMAPPING":"/data/apps/454/2.0.00.20-64/bin/runMapping","SQUASH":"/data/apps/GAPipeline/1.5.1/bin/squashGenome","CUFFLINKS":"/data/apps/cufflinks/0.8.2","CROSSMATCH":"/data/apps/crossmatch/0.990329/cross_match","IAM":"/usr/share/iam/1.2.0/bin","NUCMER":"/data/apps/mummer/nucmer","MIRA":"/data/apps/mira/bin/mira","DELTAFILTER":"/data/apps/mummer/delta-filter","ERANGE":"/data/pipeline/erange2"}},"data":{"aquarius-8":{"SAMTOOLSRAT":"/data/sequence/reference/rat/rn4/samtools","SAMTOOLSMOUSE":"/data/sequence/reference/mouse/mm9/samtools","SAMTOOLSHUMAN":"/data/sequence/reference/human/hg19/samtools","RATLATESTBUILD":"rn4","MOUSE":"/data/sequence/reference/mouse","HUMAN":"/data/sequence/human","RAT":"/data/sequence/reference/rat","BIOAPPS":"/data/apps/bioapps","HUMANLATESTBUILD":"hg19","JBROWSEDATA":"/data/jbrowse/species","MOUSELATESTBUILD":"mm9"}},"aws":{"DATAVOLUMESIZE":"200","EC2HOME":"/usr","ADMINKEY":"test","USERVOLUMESIZE":"40","USERDEVICE":"/dev/sdi","JAVAHOME":"/usr","AVAILZONE":"us-east-1a","JAVA":"/usr/java","DATASNAPSHOT":"snap-6341b301","DATAFILETYPE":"ext3","USERFILETYPE":"ext3","DATADEVICE":"/dev/sdh"},"packages":{"bioapps":{"DATAVOLUME":"aquarius-8","AUTHOR":"syoung","VERSION":"0.6.0","INSTALLDIR":"/agua/apps/bioapps"}},"database":{"TESTUSER":"aguatest","PASSWORD":"1234","DATABASE":"aguadev","TESTSESSIONID":"12345567890.1234.123","TESTDATABASE":"aguatest","SESSIONTIMEOUT":"24","DBTYPE":"MySQL","CLUSTER_MYSQLDATA":"/private/var/mysql","DUMPFILE":"bin/sql/dump/agua.dump","TESTPASSWORD":"12345678","USER":"agua","MYSQLDATA":"/var/lib/mysql"},"agua":{"PRIVATEOPSREPO":"private","SGEUSER":"sgeadmin","EXECUTION_TEMPDIR":"/tmp","USERDIR":"/home","ADMINUSER":"admin","STARCLUSTER":"/agua/apps/starcluster/bin/starcluster","MODULES":"Agua::Admin,Agua::Folders,Agua::Package,Agua::Sharing,Agua::Upload,Agua::View,Agua::Workflow","DATADIR":"/data","URLPREFIX":"aguadev","GUESTLOCK":"0","GUESTACCESS":"1","SGEUSERID":"1001","SETUPCOMPLETE":"0","AUTHOR":"syoung","GUESTUSER":"guest","APACHEUSER":"www-data","REPOTYPE":"github","APPLICATIONS":"aquarius-8","REPOSUBDIR":"repos","TESTHTMLDIR":"/var/www/html/t","OPSREPO":"biorepository","APACHECONF":"/etc/apache2/apache2.conf","INITCOMPLETE":"0","APPSDIR":"apps","CGIDIR":"/var/www/cgi-bin","DATA":"aquarius-8","HTMLDIR":"/var/www/html","ADMINS":"admin","TEMPDIR":"/tmp","SSHPASSWORDLOGIN":"NO","AGUAUSER":"agua","AGUADIR":"aguadev","CLUSTERTYPE":"SGE","APPSPACKAGE":"bioapps","FILECACHEDEPTH":"4","DOJO":"dojo-1.6.1rc2","OPSPACKAGE":"biorepository","VERSION":"0.8.0-alpha.1+build13","INSTALLDIR":"/aguadev","SGEROOT":"/opt/sge6","APACHEBINARY":"/etc/init.d/apache2"},"starcluster":{"images":{"DEFAULT32BIT":"ami-1e4dbf77","DEFAULT64BIT":"ami-cea976a7"},"nfs":{"MOUNTDPORT":"32767","NFSPORT":"2049","PORTMAPPORT":"111"},"data":{"LOCALDIR":"/starclusters","VOLUMESIZE":"100","REMOTEDIR":"/data","DEVICE":"/dev/sdj","SNAPSHOT":"snap-4b4fcf26"},"mounts":{"MOUNTPOINTS":"/agua,/data,/home","SOURCEDIRS":"/agua,/data,/home","MOUNTBASE":"/mnt","DEVICES":"/dev/sdh,/dev/sdi,/dev/sdj"}},"biorepository":{"AUTHOR":"syoung","VERSION":"0.6.0","INSTALLDIR":"/agua/repos/public/agua/biorepository"}}], "YAML::Tiny" ),"SHOWLOG":2,"OLDPRINTLOG":2,"PRINTLOG":4,"backup":1,"valueoffset":24,"logfile":"/tmp/agua-upload.log"}, "Conf::Yaml" ),"OLDSHOWLOG":2,"SHOWLOG":4,"OLDPRINTLOG":2,"PRINTLOG":4,"backup":0,"logfile":"/tmp/agua-upload.log"}, "Agua::Common::Exchange" )
2013-08-22 00:44:43    [DEBUG]   	Agua::Upload::notifyStatus	216	self->exchange: bless( {"indent":4,"conf":bless( {"indent":4,"inputfile":"/mnt/repos/private/syoung/aguadev/cgi-bin/conf/config.yaml","outputfile":"/mnt/repos/private/syoung/aguadev/cgi-bin/conf/config.yaml","logfh":\*{"Agua::Common::Logger::$logfh"},"OLDSHOWLOG":2,"memorystore":undef,"memory":0,"yaml":bless( [{"cluster":{"SGEEXECDPORT":"63232","CANCELJOB":"/opt/sge6/bin/lx24-amd64/qdel -j","SGEBIN":"/opt/sge6/bin/lx24-amd64","QSTAT":"/opt/sge6/bin/lx24-amd64/qstat","SGEQMASTERPORT":"63231","SGEROOT":"/opt/sge6","QSUB":"/opt/sge6/bin/lx24-amd64/qsub","SLEEP":"5"},"install":{"SOCKETVERSION":"0.6.17","AMQPVERSION":"0.1.6","RABBITJS":"node-amqp/node_modules/rabbit.js/example/socketio/server.js","RABBITVERSION":"0.2.0","NODEURL":"http://nodejs.org/dist/v0.10.15/node-v0.10.15.tar.gz"},"applications":{"aquarius-8":{"REPMASK":"/data/apps/erange2/data/repMask/rmask.db","BOWTIESOURCE":"/data/apps/bowtie/0.12.7-src","NOVOALIGN":"/data/apps/novoalign/2.05.33","BINARYDATA":"/data/bioapps/binary","SAMTOOLS":"/data/apps/samtools/0.1.6","PYTHON":"/data/apps/python/2.6.1/bin/python","MAQ":"/data/apps/maq/0.7.1","SHOWCOORDS":"/data/apps/mummer/show-coords","TOPHAT":"/data/apps/tophat/1.0.12/bin","TANDEMREPEATSFINDER":"/data/apps/tandemrepeats/4.04/trf","VELVET":"/data/apps/velvet/velvet","JBROWSE":"/data/apps/jbrowse/100511/bin","BOWTIE":"/data/apps/bowtie/0.12.2","VCAKE":"/data/apps/vcake/VCAKE_1.0.pl","CASAVA":"/data/apps/casava/1.6.0/bin","GATK":"/data/apps/gatk/1.0.4705","RUNMAPPING":"/data/apps/454/2.0.00.20-64/bin/runMapping","SQUASH":"/data/apps/GAPipeline/1.5.1/bin/squashGenome","CUFFLINKS":"/data/apps/cufflinks/0.8.2","CROSSMATCH":"/data/apps/crossmatch/0.990329/cross_match","IAM":"/usr/share/iam/1.2.0/bin","NUCMER":"/data/apps/mummer/nucmer","MIRA":"/data/apps/mira/bin/mira","DELTAFILTER":"/data/apps/mummer/delta-filter","ERANGE":"/data/pipeline/erange2"}},"data":{"aquarius-8":{"SAMTOOLSRAT":"/data/sequence/reference/rat/rn4/samtools","SAMTOOLSMOUSE":"/data/sequence/reference/mouse/mm9/samtools","SAMTOOLSHUMAN":"/data/sequence/reference/human/hg19/samtools","RATLATESTBUILD":"rn4","MOUSE":"/data/sequence/reference/mouse","HUMAN":"/data/sequence/human","RAT":"/data/sequence/reference/rat","BIOAPPS":"/data/apps/bioapps","HUMANLATESTBUILD":"hg19","JBROWSEDATA":"/data/jbrowse/species","MOUSELATESTBUILD":"mm9"}},"aws":{"DATAVOLUMESIZE":"200","EC2HOME":"/usr","ADMINKEY":"test","USERVOLUMESIZE":"40","USERDEVICE":"/dev/sdi","JAVAHOME":"/usr","AVAILZONE":"us-east-1a","JAVA":"/usr/java","DATASNAPSHOT":"snap-6341b301","DATAFILETYPE":"ext3","USERFILETYPE":"ext3","DATADEVICE":"/dev/sdh"},"packages":{"bioapps":{"DATAVOLUME":"aquarius-8","AUTHOR":"syoung","VERSION":"0.6.0","INSTALLDIR":"/agua/apps/bioapps"}},"database":{"TESTUSER":"aguatest","PASSWORD":"1234","DATABASE":"aguadev","TESTSESSIONID":"12345567890.1234.123","TESTDATABASE":"aguatest","SESSIONTIMEOUT":"24","DBTYPE":"MySQL","CLUSTER_MYSQLDATA":"/private/var/mysql","DUMPFILE":"bin/sql/dump/agua.dump","TESTPASSWORD":"12345678","USER":"agua","MYSQLDATA":"/var/lib/mysql"},"agua":{"PRIVATEOPSREPO":"private","SGEUSER":"sgeadmin","EXECUTION_TEMPDIR":"/tmp","USERDIR":"/home","ADMINUSER":"admin","STARCLUSTER":"/agua/apps/starcluster/bin/starcluster","MODULES":"Agua::Admin,Agua::Folders,Agua::Package,Agua::Sharing,Agua::Upload,Agua::View,Agua::Workflow","DATADIR":"/data","URLPREFIX":"aguadev","GUESTLOCK":"0","GUESTACCESS":"1","SGEUSERID":"1001","SETUPCOMPLETE":"0","AUTHOR":"syoung","GUESTUSER":"guest","APACHEUSER":"www-data","REPOTYPE":"github","APPLICATIONS":"aquarius-8","REPOSUBDIR":"repos","TESTHTMLDIR":"/var/www/html/t","OPSREPO":"biorepository","APACHECONF":"/etc/apache2/apache2.conf","INITCOMPLETE":"0","APPSDIR":"apps","CGIDIR":"/var/www/cgi-bin","DATA":"aquarius-8","HTMLDIR":"/var/www/html","ADMINS":"admin","TEMPDIR":"/tmp","SSHPASSWORDLOGIN":"NO","AGUAUSER":"agua","AGUADIR":"aguadev","CLUSTERTYPE":"SGE","APPSPACKAGE":"bioapps","FILECACHEDEPTH":"4","DOJO":"dojo-1.6.1rc2","OPSPACKAGE":"biorepository","VERSION":"0.8.0-alpha.1+build13","INSTALLDIR":"/aguadev","SGEROOT":"/opt/sge6","APACHEBINARY":"/etc/init.d/apache2"},"starcluster":{"images":{"DEFAULT32BIT":"ami-1e4dbf77","DEFAULT64BIT":"ami-cea976a7"},"nfs":{"MOUNTDPORT":"32767","NFSPORT":"2049","PORTMAPPORT":"111"},"data":{"LOCALDIR":"/starclusters","VOLUMESIZE":"100","REMOTEDIR":"/data","DEVICE":"/dev/sdj","SNAPSHOT":"snap-4b4fcf26"},"mounts":{"MOUNTPOINTS":"/agua,/data,/home","SOURCEDIRS":"/agua,/data,/home","MOUNTBASE":"/mnt","DEVICES":"/dev/sdh,/dev/sdi,/dev/sdj"}},"biorepository":{"AUTHOR":"syoung","VERSION":"0.6.0","INSTALLDIR":"/agua/repos/public/agua/biorepository"}}], "YAML::Tiny" ),"SHOWLOG":2,"OLDPRINTLOG":2,"PRINTLOG":4,"backup":1,"valueoffset":24,"logfile":"/tmp/agua-upload.log"}, "Conf::Yaml" ),"OLDSHOWLOG":2,"SHOWLOG":4,"OLDPRINTLOG":2,"PRINTLOG":4,"backup":0,"logfile":"/tmp/agua-upload.log"}, "Agua::Common::Exchange" )
2013-08-22 00:44:43    [DEBUG]   	Agua::Common::Exchange::openConnection	27	
2013-08-22 00:44:43    [DEBUG]   	Agua::Common::Exchange::openConnection	31	hostname: computer
2013-08-22 00:44:43    [DEBUG]   	Agua::Common::Exchange::openConnection	43	DOING connection->open_channe()
2013-08-22 00:44:43    [DEBUG]   	Agua::Common::Exchange::openConnection	46	BEFORE channel: bless( {"arc":bless( {"_state":2,"connection":bless( {"_login_user":"guest","verbose":0,"_last_chan_id":1,"_state":2,"_channels":{"1":$VAR1->{"arc"}},"_heartbeat_recv":1377157483,"_server_properties":{"version":"3.1.5","information":"Licensed under the MPL.  See http://www.rabbitmq.com/","copyright":"Copyright (C) 2007-2013 GoPivotal, Inc.","capabilities":{"basic.nack":1,"exchange_exchange_bindings":1,"publisher_confirms":1,"consumer_cancel_notify":1},"product":"RabbitMQ","platform":"Erlang/OTP"},"_queue":bless( {"_drain_code_queue":[],"_message_queue":[]}, "AnyEvent::RabbitMQ::LocalQueue" ),"_handle":bless( {"_activity":"1377157483.83122","read_size":2048,"wbuf":"","oobinline":1,"on_error":sub { "DUMMY" },"_rw":bless( [9,0,sub { "DUMMY" },0], "AnyEvent::Loop::io" ),"_ractivity":"1377157483.83122","on_drain":sub { "DUMMY" },"_wactivity":"1377157483.83031","fh":\*{"AnyEvent::Socket::"},"_queue":[sub { "DUMMY" }],"rbuf":""}, "AnyEvent::Handle" ),"_heartbeat_timer":["98084.060112074",sub { "DUMMY" }]}, "AnyEvent::RabbitMQ" ),"_publish_tag":0,"_consumer_cbs":{},"_is_confirm":0,"_is_active":1,"_content_queue":bless( {"_drain_code_queue":[],"_message_queue":[]}, "AnyEvent::RabbitMQ::LocalQueue" ),"on_close":sub { "DUMMY" },"id":1,"_queue":bless( {"_drain_code_queue":[],"_message_queue":[]}, "AnyEvent::RabbitMQ::LocalQueue" ),"_publish_cbs":{}}, "AnyEvent::RabbitMQ::Channel" )}, "Net::RabbitFoot::Channel" )
2013-08-22 00:44:43    [DEBUG]   	Agua::Common::Exchange::startRabbitJs	67	command: node /aguadev/apps/node-amqp/node_modules/rabbit.js/example/socketio/server.js &
2013-08-22 00:44:43    [DEBUG]   	Agua::Common::Exchange::startRabbitJs	70	PARENT childpid: 24938
2013-08-22 00:44:43    [DEBUG]   	Agua::Upload::notifyStatus	219	connection: bless( {"_ar":bless( {"_login_user":"guest","verbose":0,"_last_chan_id":1,"_state":2,"_channels":{"1":bless( {"_state":2,"connection":$VAR1->{"_ar"},"_publish_tag":0,"_consumer_cbs":{},"_is_confirm":0,"_is_active":1,"_content_queue":bless( {"_drain_code_queue":[],"_message_queue":[]}, "AnyEvent::RabbitMQ::LocalQueue" ),"on_close":sub { "DUMMY" },"id":1,"_queue":bless( {"_drain_code_queue":[],"_message_queue":[]}, "AnyEvent::RabbitMQ::LocalQueue" ),"_publish_cbs":{}}, "AnyEvent::RabbitMQ::Channel" )},"_heartbeat_recv":1377157483,"_server_properties":{"version":"3.1.5","information":"Licensed under the MPL.  See http://www.rabbitmq.com/","copyright":"Copyright (C) 2007-2013 GoPivotal, Inc.","capabilities":{"basic.nack":1,"exchange_exchange_bindings":1,"publisher_confirms":1,"consumer_cancel_notify":1},"product":"RabbitMQ","platform":"Erlang/OTP"},"_queue":bless( {"_drain_code_queue":[],"_message_queue":[]}, "AnyEvent::RabbitMQ::LocalQueue" ),"_handle":bless( {"_activity":"1377157483.83256","read_size":2048,"wbuf":"","oobinline":1,"on_error":sub { "DUMMY" },"_rw":bless( [9,0,sub { "DUMMY" },0], "AnyEvent::Loop::io" ),"_ractivity":"1377157483.83256","on_drain":sub { "DUMMY" },"_wactivity":"1377157483.83216","fh":\*{"AnyEvent::Socket::"},"_queue":[sub { "DUMMY" }],"rbuf":""}, "AnyEvent::Handle" ),"_heartbeat_timer":["98084.060112074",sub { "DUMMY" }]}, "AnyEvent::RabbitMQ" )}, "Net::RabbitFoot" )
2013-08-22 00:44:44    [DEBUG]   	Agua::Upload::notifyStatus	222	DOING self->exchange()->sendData(data)
2013-08-22 00:44:44    [DEBUG]   	Agua::Common::Exchange::sendData	119	data: {"status":"uploaded","callback":"postUpload","data":{"samples":undef,"project":{"mode":"undefined","name":"White","size":"1260418","username":"guest","tempfile":"/tmp/White Paper Draft_8.12.13.docx6676566.04890372","index":"0","filename":"White Paper Draft_8.12.13.docx","uploadType":"html5","type":"application/vnd.openxmlformats-officedocument.wordprocessingml.document","token":"","sessionid":"1377156557.24196.278"}},"queue":"routing","token":""}
2013-08-22 00:44:44    [DEBUG]   	Agua::Common::Exchange::sendData	123	json: {"status":"uploaded","callback":"postUpload","data":{"samples":null,"project":{"mode":"undefined","name":"White","size":"1260418","username":"guest","tempfile":"/tmp/White Paper Draft_8.12.13.docx6676566.04890372","index":"0","filename":"White Paper Draft_8.12.13.docx","uploadType":"html5","type":"application/vnd.openxmlformats-officedocument.wordprocessingml.document","token":"","sessionid":"1377156557.24196.278"}},"queue":"routing","token":""}
2013-08-22 00:44:44    [DEBUG]   	Agua::Common::Exchange::sendData	125	BEFORE channel->publish, self->channel: bless( {"arc":bless( {"_state":2,"connection":bless( {"_login_user":"guest","verbose":0,"_last_chan_id":1,"_state":2,"_channels":{"1":$VAR1->{"arc"}},"_heartbeat_recv":1377157483,"_server_properties":{"version":"3.1.5","information":"Licensed under the MPL.  See http://www.rabbitmq.com/","copyright":"Copyright (C) 2007-2013 GoPivotal, Inc.","capabilities":{"basic.nack":1,"exchange_exchange_bindings":1,"publisher_confirms":1,"consumer_cancel_notify":1},"product":"RabbitMQ","platform":"Erlang/OTP"},"_queue":bless( {"_drain_code_queue":[],"_message_queue":[]}, "AnyEvent::RabbitMQ::LocalQueue" ),"_handle":bless( {"_activity":"1377157483.83256","read_size":2048,"wbuf":"","oobinline":1,"on_error":sub { "DUMMY" },"_rw":bless( [9,0,sub { "DUMMY" },0], "AnyEvent::Loop::io" ),"_ractivity":"1377157483.83256","on_drain":sub { "DUMMY" },"_wactivity":"1377157483.83216","fh":\*{"AnyEvent::Socket::"},"_queue":[sub { "DUMMY" }],"rbuf":""}, "AnyEvent::Handle" ),"_heartbeat_timer":["98084.060112074",sub { "DUMMY" }]}, "AnyEvent::RabbitMQ" ),"_publish_tag":0,"_consumer_cbs":{},"_is_confirm":0,"_is_active":1,"_content_queue":bless( {"_drain_code_queue":[],"_message_queue":[]}, "AnyEvent::RabbitMQ::LocalQueue" ),"on_close":sub { "DUMMY" },"id":1,"_queue":bless( {"_drain_code_queue":[],"_message_queue":[]}, "AnyEvent::RabbitMQ::LocalQueue" ),"_publish_cbs":{}}, "AnyEvent::RabbitMQ::Channel" )}, "Net::RabbitFoot::Channel" )
2013-08-22 00:44:44    [DEBUG]   	Agua::Common::Exchange::sendData	132	 [x] Sent message: {"status":"uploaded","callback":"postUpload","data":{"samples":null,"project":{"mode":"undefined","name":"White","size":"1260418","username":"guest","tempfile":"/tmp/White Paper Draft_8.12.13.docx6676566.04890372","index":"0","filename":"White Paper Draft_8.12.13.docx","uploadType":"html5","type":"application/vnd.openxmlformats-officedocument.wordprocessingml.document","token":"","sessionid":"1377156557.24196.278"}},"queue":"routing","token":""}
