
============== System information ====
+ lsb_release -a
Traceback (most recent call last):
  File "/usr/bin/lsb_release", line 26, in <module>
    import lsb_release
ImportError: No module named 'lsb_release'
+ uname -a
Linux comp2 3.8.0-35-generic #50-Ubuntu SMP Tue Dec 3 01:24:59 UTC 2013 x86_64 x86_64 x86_64 GNU/Linux
+ sw_vers
/agua/bin/install/resources/agua/install.sh: line 59: sw_vers: command not found
+ system_profiler
/agua/bin/install/resources/agua/install.sh: line 60: system_profiler: command not found
+ grep MemTotal /proc/meminfo
MemTotal:       32829924 kB
+ set +x


INSTALLING
/agua/apps/perl/5.18.2/bin/perl /usr/bin/cpanm  --no-interactive --notest -v -l /agua/apps/perl/5.18.2/lib/5.18.2 Filter::Keyword
cpanm (App::cpanminus) 1.7001 on perl 5.018002 built for x86_64-linux
Work directory is /root/.cpanm/work/1397512269.10356
You have make /usr/bin/make
You have LWP 6.05
You have /bin/tar: tar (GNU tar) 1.26
Copyright (C) 2011 Free Software Foundation, Inc.
License GPLv3+: GNU GPL version 3 or later <http://gnu.org/licenses/gpl.html>.
This is free software: you are free to change and redistribute it.
There is NO WARRANTY, to the extent permitted by law.

Written by John Gilmore and Jay Fenlason.
You have /usr/bin/unzip
Checking if you have ExtUtils::MakeMaker 6.31 ... Yes (6.94)
Checking if you have ExtUtils::Install 1.46 ... Yes (1.64)
Searching Filter::Keyword on cpanmetadb ...
! Finding Filter::Keyword on cpanmetadb failed.
Searching Filter::Keyword () on metacpan ...
! Could not find a release matching Filter::Keyword () on MetaCPAN.
Searching Filter::Keyword on mirror http://www.cpan.org ...
Downloading index file http://www.cpan.org/modules/02packages.details.txt.gz ...
Uncompressing index file...
! Finding Filter::Keyword () on mirror http://www.cpan.org failed.
! Couldn't find module or a distribution Filter::Keyword
Failed to install


